<?xml version="1.0" encoding="utf-8"?><testsuites name="pytest tests"><testsuite name="pytest" errors="48" failures="25" skipped="0" tests="619" time="9.722" timestamp="2026-09-23T06:30:40.148288+00:00" hostname="runnervmlun5p"><testcase classname="" name="tests.test_adjust" time="0.000"><error message="collection failure">ImportError while importing test module '/home/runner/work/_temp/cleanroom/stocks-predictor/tree/tests/test_adjust.py'.
Hint: make sure your test modules/packages have valid Python names.
Traceback:
../../../tools/python/cpython-3.13.15-linux-x86_64-gnu/lib/python3.13/importlib/__init__.py:88: in import_module
    return _bootstrap._gcd_import(name[level:], package, level)
           ^^^^^^^^^^^^^^^^^^^^^^^^^^^^^^^^^^^^^^^^^^^^^^^^^^^^
tests/test_adjust.py:3: in &lt;module&gt;
    import adjust
E   ModuleNotFoundError: No module named 'adjust'</error></testcase><testcase classname="" name="tests.test_analyst" time="0.000"><error message="collection failure">ImportError while importing test module '/home/runner/work/_temp/cleanroom/stocks-predictor/tree/tests/test_analyst.py'.
Hint: make sure your test modules/packages have valid Python names.
Traceback:
../../../tools/python/cpython-3.13.15-linux-x86_64-gnu/lib/python3.13/importlib/__init__.py:88: in import_module
    return _bootstrap._gcd_import(name[level:], package, level)
           ^^^^^^^^^^^^^^^^^^^^^^^^^^^^^^^^^^^^^^^^^^^^^^^^^^^^
tests/test_analyst.py:8: in &lt;module&gt;
    import analyst
E   ModuleNotFoundError: No module named 'analyst'</error></testcase><testcase classname="" name="tests.test_backtest_m5" time="0.000"><error message="collection failure">ImportError while importing test module '/home/runner/work/_temp/cleanroom/stocks-predictor/tree/tests/test_backtest_m5.py'.
Hint: make sure your test modules/packages have valid Python names.
Traceback:
../../../tools/python/cpython-3.13.15-linux-x86_64-gnu/lib/python3.13/importlib/__init__.py:88: in import_module
    return _bootstrap._gcd_import(name[level:], package, level)
           ^^^^^^^^^^^^^^^^^^^^^^^^^^^^^^^^^^^^^^^^^^^^^^^^^^^^
tests/test_backtest_m5.py:10: in &lt;module&gt;
    import backtest
E   ModuleNotFoundError: No module named 'backtest'</error></testcase><testcase classname="" name="tests.test_cash_source_audit" time="0.000"><error message="collection failure">ImportError while importing test module '/home/runner/work/_temp/cleanroom/stocks-predictor/tree/tests/test_cash_source_audit.py'.
Hint: make sure your test modules/packages have valid Python names.
Traceback:
../../../tools/python/cpython-3.13.15-linux-x86_64-gnu/lib/python3.13/importlib/__init__.py:88: in import_module
    return _bootstrap._gcd_import(name[level:], package, level)
           ^^^^^^^^^^^^^^^^^^^^^^^^^^^^^^^^^^^^^^^^^^^^^^^^^^^^
tests/test_cash_source_audit.py:7: in &lt;module&gt;
    from cash_source_audit import (
E   ModuleNotFoundError: No module named 'cash_source_audit'</error></testcase><testcase classname="" name="tests.test_cotahist" time="0.000"><error message="collection failure">ImportError while importing test module '/home/runner/work/_temp/cleanroom/stocks-predictor/tree/tests/test_cotahist.py'.
Hint: make sure your test modules/packages have valid Python names.
Traceback:
../../../tools/python/cpython-3.13.15-linux-x86_64-gnu/lib/python3.13/importlib/__init__.py:88: in import_module
    return _bootstrap._gcd_import(name[level:], package, level)
           ^^^^^^^^^^^^^^^^^^^^^^^^^^^^^^^^^^^^^^^^^^^^^^^^^^^^
tests/test_cotahist.py:10: in &lt;module&gt;
    import cotahist
E   ModuleNotFoundError: No module named 'cotahist'</error></testcase><testcase classname="" name="tests.test_document_panel" time="0.000"><error message="collection failure">ImportError while importing test module '/home/runner/work/_temp/cleanroom/stocks-predictor/tree/tests/test_document_panel.py'.
Hint: make sure your test modules/packages have valid Python names.
Traceback:
../../../tools/python/cpython-3.13.15-linux-x86_64-gnu/lib/python3.13/importlib/__init__.py:88: in import_module
    return _bootstrap._gcd_import(name[level:], package, level)
           ^^^^^^^^^^^^^^^^^^^^^^^^^^^^^^^^^^^^^^^^^^^^^^^^^^^^
tests/test_document_panel.py:8: in &lt;module&gt;
    import document_panel
E   ModuleNotFoundError: No module named 'document_panel'</error></testcase><testcase classname="" name="tests.test_dsr_deflation_guard" time="0.000"><error message="collection failure">ImportError while importing test module '/home/runner/work/_temp/cleanroom/stocks-predictor/tree/tests/test_dsr_deflation_guard.py'.
Hint: make sure your test modules/packages have valid Python names.
Traceback:
../../../tools/python/cpython-3.13.15-linux-x86_64-gnu/lib/python3.13/importlib/__init__.py:88: in import_module
    return _bootstrap._gcd_import(name[level:], package, level)
           ^^^^^^^^^^^^^^^^^^^^^^^^^^^^^^^^^^^^^^^^^^^^^^^^^^^^
tests/test_dsr_deflation_guard.py:20: in &lt;module&gt;
    import trials_gate
E   ModuleNotFoundError: No module named 'trials_gate'</error></testcase><testcase classname="" name="tests.test_economic_gate" time="0.000"><error message="collection failure">ImportError while importing test module '/home/runner/work/_temp/cleanroom/stocks-predictor/tree/tests/test_economic_gate.py'.
Hint: make sure your test modules/packages have valid Python names.
Traceback:
../../../tools/python/cpython-3.13.15-linux-x86_64-gnu/lib/python3.13/importlib/__init__.py:88: in import_module
    return _bootstrap._gcd_import(name[level:], package, level)
           ^^^^^^^^^^^^^^^^^^^^^^^^^^^^^^^^^^^^^^^^^^^^^^^^^^^^
tests/test_economic_gate.py:3: in &lt;module&gt;
    import economic_gate
E   ModuleNotFoundError: No module named 'economic_gate'</error></testcase><testcase classname="" name="tests.test_economics" time="0.000"><error message="collection failure">ImportError while importing test module '/home/runner/work/_temp/cleanroom/stocks-predictor/tree/tests/test_economics.py'.
Hint: make sure your test modules/packages have valid Python names.
Traceback:
../../../tools/python/cpython-3.13.15-linux-x86_64-gnu/lib/python3.13/importlib/__init__.py:88: in import_module
    return _bootstrap._gcd_import(name[level:], package, level)
           ^^^^^^^^^^^^^^^^^^^^^^^^^^^^^^^^^^^^^^^^^^^^^^^^^^^^
tests/test_economics.py:10: in &lt;module&gt;
    import economics
E   ModuleNotFoundError: No module named 'economics'</error></testcase><testcase classname="" name="tests.test_entrypoint_integrity" time="0.000"><error message="collection failure">ImportError while importing test module '/home/runner/work/_temp/cleanroom/stocks-predictor/tree/tests/test_entrypoint_integrity.py'.
Hint: make sure your test modules/packages have valid Python names.
Traceback:
../../../tools/python/cpython-3.13.15-linux-x86_64-gnu/lib/python3.13/importlib/__init__.py:88: in import_module
    return _bootstrap._gcd_import(name[level:], package, level)
           ^^^^^^^^^^^^^^^^^^^^^^^^^^^^^^^^^^^^^^^^^^^^^^^^^^^^
tests/test_entrypoint_integrity.py:7: in &lt;module&gt;
    import db
E   ModuleNotFoundError: No module named 'db'</error></testcase><testcase classname="" name="tests.test_factor_portfolio" time="0.000"><error message="collection failure">ImportError while importing test module '/home/runner/work/_temp/cleanroom/stocks-predictor/tree/tests/test_factor_portfolio.py'.
Hint: make sure your test modules/packages have valid Python names.
Traceback:
../../../tools/python/cpython-3.13.15-linux-x86_64-gnu/lib/python3.13/importlib/__init__.py:88: in import_module
    return _bootstrap._gcd_import(name[level:], package, level)
           ^^^^^^^^^^^^^^^^^^^^^^^^^^^^^^^^^^^^^^^^^^^^^^^^^^^^
tests/test_factor_portfolio.py:4: in &lt;module&gt;
    import execution
E   ModuleNotFoundError: No module named 'execution'</error></testcase><testcase classname="" name="tests.test_h10_double_filter" time="0.000"><error message="collection failure">ImportError while importing test module '/home/runner/work/_temp/cleanroom/stocks-predictor/tree/tests/test_h10_double_filter.py'.
Hint: make sure your test modules/packages have valid Python names.
Traceback:
../../../tools/python/cpython-3.13.15-linux-x86_64-gnu/lib/python3.13/importlib/__init__.py:88: in import_module
    return _bootstrap._gcd_import(name[level:], package, level)
           ^^^^^^^^^^^^^^^^^^^^^^^^^^^^^^^^^^^^^^^^^^^^^^^^^^^^
tests/test_h10_double_filter.py:11: in &lt;module&gt;
    import backtest
E   ModuleNotFoundError: No module named 'backtest'</error></testcase><testcase classname="" name="tests.test_h11_total_return" time="0.000"><error message="collection failure">ImportError while importing test module '/home/runner/work/_temp/cleanroom/stocks-predictor/tree/tests/test_h11_total_return.py'.
Hint: make sure your test modules/packages have valid Python names.
Traceback:
../../../tools/python/cpython-3.13.15-linux-x86_64-gnu/lib/python3.13/importlib/__init__.py:88: in import_module
    return _bootstrap._gcd_import(name[level:], package, level)
           ^^^^^^^^^^^^^^^^^^^^^^^^^^^^^^^^^^^^^^^^^^^^^^^^^^^^
tests/test_h11_total_return.py:11: in &lt;module&gt;
    import backtest
E   ModuleNotFoundError: No module named 'backtest'</error></testcase><testcase classname="" name="tests.test_h12_quality_margin" time="0.000"><error message="collection failure">ImportError while importing test module '/home/runner/work/_temp/cleanroom/stocks-predictor/tree/tests/test_h12_quality_margin.py'.
Hint: make sure your test modules/packages have valid Python names.
Traceback:
../../../tools/python/cpython-3.13.15-linux-x86_64-gnu/lib/python3.13/importlib/__init__.py:88: in import_module
    return _bootstrap._gcd_import(name[level:], package, level)
           ^^^^^^^^^^^^^^^^^^^^^^^^^^^^^^^^^^^^^^^^^^^^^^^^^^^^
tests/test_h12_quality_margin.py:10: in &lt;module&gt;
    import backtest
E   ModuleNotFoundError: No module named 'backtest'</error></testcase><testcase classname="" name="tests.test_h13_revenue_growth" time="0.000"><error message="collection failure">ImportError while importing test module '/home/runner/work/_temp/cleanroom/stocks-predictor/tree/tests/test_h13_revenue_growth.py'.
Hint: make sure your test modules/packages have valid Python names.
Traceback:
../../../tools/python/cpython-3.13.15-linux-x86_64-gnu/lib/python3.13/importlib/__init__.py:88: in import_module
    return _bootstrap._gcd_import(name[level:], package, level)
           ^^^^^^^^^^^^^^^^^^^^^^^^^^^^^^^^^^^^^^^^^^^^^^^^^^^^
tests/test_h13_revenue_growth.py:11: in &lt;module&gt;
    import backtest
E   ModuleNotFoundError: No module named 'backtest'</error></testcase><testcase classname="" name="tests.test_h14_near_52w_high" time="0.000"><error message="collection failure">ImportError while importing test module '/home/runner/work/_temp/cleanroom/stocks-predictor/tree/tests/test_h14_near_52w_high.py'.
Hint: make sure your test modules/packages have valid Python names.
Traceback:
../../../tools/python/cpython-3.13.15-linux-x86_64-gnu/lib/python3.13/importlib/__init__.py:88: in import_module
    return _bootstrap._gcd_import(name[level:], package, level)
           ^^^^^^^^^^^^^^^^^^^^^^^^^^^^^^^^^^^^^^^^^^^^^^^^^^^^
tests/test_h14_near_52w_high.py:9: in &lt;module&gt;
    import backtest
E   ModuleNotFoundError: No module named 'backtest'</error></testcase><testcase classname="" name="tests.test_h15_volume_surge" time="0.000"><error message="collection failure">ImportError while importing test module '/home/runner/work/_temp/cleanroom/stocks-predictor/tree/tests/test_h15_volume_surge.py'.
Hint: make sure your test modules/packages have valid Python names.
Traceback:
../../../tools/python/cpython-3.13.15-linux-x86_64-gnu/lib/python3.13/importlib/__init__.py:88: in import_module
    return _bootstrap._gcd_import(name[level:], package, level)
           ^^^^^^^^^^^^^^^^^^^^^^^^^^^^^^^^^^^^^^^^^^^^^^^^^^^^
tests/test_h15_volume_surge.py:11: in &lt;module&gt;
    import backtest
E   ModuleNotFoundError: No module named 'backtest'</error></testcase><testcase classname="" name="tests.test_h16_turn_of_month" time="0.000"><error message="collection failure">ImportError while importing test module '/home/runner/work/_temp/cleanroom/stocks-predictor/tree/tests/test_h16_turn_of_month.py'.
Hint: make sure your test modules/packages have valid Python names.
Traceback:
../../../tools/python/cpython-3.13.15-linux-x86_64-gnu/lib/python3.13/importlib/__init__.py:88: in import_module
    return _bootstrap._gcd_import(name[level:], package, level)
           ^^^^^^^^^^^^^^^^^^^^^^^^^^^^^^^^^^^^^^^^^^^^^^^^^^^^
tests/test_h16_turn_of_month.py:9: in &lt;module&gt;
    import backtest
E   ModuleNotFoundError: No module named 'backtest'</error></testcase><testcase classname="" name="tests.test_h17_accruals" time="0.000"><error message="collection failure">ImportError while importing test module '/home/runner/work/_temp/cleanroom/stocks-predictor/tree/tests/test_h17_accruals.py'.
Hint: make sure your test modules/packages have valid Python names.
Traceback:
../../../tools/python/cpython-3.13.15-linux-x86_64-gnu/lib/python3.13/importlib/__init__.py:88: in import_module
    return _bootstrap._gcd_import(name[level:], package, level)
           ^^^^^^^^^^^^^^^^^^^^^^^^^^^^^^^^^^^^^^^^^^^^^^^^^^^^
tests/test_h17_accruals.py:11: in &lt;module&gt;
    import backtest
E   ModuleNotFoundError: No module named 'backtest'</error></testcase><testcase classname="" name="tests.test_h18_h19_value" time="0.000"><error message="collection failure">ImportError while importing test module '/home/runner/work/_temp/cleanroom/stocks-predictor/tree/tests/test_h18_h19_value.py'.
Hint: make sure your test modules/packages have valid Python names.
Traceback:
../../../tools/python/cpython-3.13.15-linux-x86_64-gnu/lib/python3.13/importlib/__init__.py:88: in import_module
    return _bootstrap._gcd_import(name[level:], package, level)
           ^^^^^^^^^^^^^^^^^^^^^^^^^^^^^^^^^^^^^^^^^^^^^^^^^^^^
tests/test_h18_h19_value.py:13: in &lt;module&gt;
    import backtest
E   ModuleNotFoundError: No module named 'backtest'</error></testcase><testcase classname="" name="tests.test_h2_gate" time="0.000"><error message="collection failure">ImportError while importing test module '/home/runner/work/_temp/cleanroom/stocks-predictor/tree/tests/test_h2_gate.py'.
Hint: make sure your test modules/packages have valid Python names.
Traceback:
../../../tools/python/cpython-3.13.15-linux-x86_64-gnu/lib/python3.13/importlib/__init__.py:88: in import_module
    return _bootstrap._gcd_import(name[level:], package, level)
           ^^^^^^^^^^^^^^^^^^^^^^^^^^^^^^^^^^^^^^^^^^^^^^^^^^^^
tests/test_h2_gate.py:12: in &lt;module&gt;
    import backtest
E   ModuleNotFoundError: No module named 'backtest'</error></testcase><testcase classname="" name="tests.test_h4_sizing" time="0.000"><error message="collection failure">ImportError while importing test module '/home/runner/work/_temp/cleanroom/stocks-predictor/tree/tests/test_h4_sizing.py'.
Hint: make sure your test modules/packages have valid Python names.
Traceback:
../../../tools/python/cpython-3.13.15-linux-x86_64-gnu/lib/python3.13/importlib/__init__.py:88: in import_module
    return _bootstrap._gcd_import(name[level:], package, level)
           ^^^^^^^^^^^^^^^^^^^^^^^^^^^^^^^^^^^^^^^^^^^^^^^^^^^^
tests/test_h4_sizing.py:13: in &lt;module&gt;
    import backtest
E   ModuleNotFoundError: No module named 'backtest'</error></testcase><testcase classname="" name="tests.test_h5_reversal" time="0.000"><error message="collection failure">ImportError while importing test module '/home/runner/work/_temp/cleanroom/stocks-predictor/tree/tests/test_h5_reversal.py'.
Hint: make sure your test modules/packages have valid Python names.
Traceback:
../../../tools/python/cpython-3.13.15-linux-x86_64-gnu/lib/python3.13/importlib/__init__.py:88: in import_module
    return _bootstrap._gcd_import(name[level:], package, level)
           ^^^^^^^^^^^^^^^^^^^^^^^^^^^^^^^^^^^^^^^^^^^^^^^^^^^^
tests/test_h5_reversal.py:11: in &lt;module&gt;
    import backtest
E   ModuleNotFoundError: No module named 'backtest'</error></testcase><testcase classname="" name="tests.test_h6_momentum6" time="0.000"><error message="collection failure">ImportError while importing test module '/home/runner/work/_temp/cleanroom/stocks-predictor/tree/tests/test_h6_momentum6.py'.
Hint: make sure your test modules/packages have valid Python names.
Traceback:
../../../tools/python/cpython-3.13.15-linux-x86_64-gnu/lib/python3.13/importlib/__init__.py:88: in import_module
    return _bootstrap._gcd_import(name[level:], package, level)
           ^^^^^^^^^^^^^^^^^^^^^^^^^^^^^^^^^^^^^^^^^^^^^^^^^^^^
tests/test_h6_momentum6.py:9: in &lt;module&gt;
    import backtest
E   ModuleNotFoundError: No module named 'backtest'</error></testcase><testcase classname="" name="tests.test_h7_quality_roe" time="0.000"><error message="collection failure">ImportError while importing test module '/home/runner/work/_temp/cleanroom/stocks-predictor/tree/tests/test_h7_quality_roe.py'.
Hint: make sure your test modules/packages have valid Python names.
Traceback:
../../../tools/python/cpython-3.13.15-linux-x86_64-gnu/lib/python3.13/importlib/__init__.py:88: in import_module
    return _bootstrap._gcd_import(name[level:], package, level)
           ^^^^^^^^^^^^^^^^^^^^^^^^^^^^^^^^^^^^^^^^^^^^^^^^^^^^
tests/test_h7_quality_roe.py:11: in &lt;module&gt;
    import backtest
E   ModuleNotFoundError: No module named 'backtest'</error></testcase><testcase classname="" name="tests.test_h8_double_filter" time="0.000"><error message="collection failure">ImportError while importing test module '/home/runner/work/_temp/cleanroom/stocks-predictor/tree/tests/test_h8_double_filter.py'.
Hint: make sure your test modules/packages have valid Python names.
Traceback:
../../../tools/python/cpython-3.13.15-linux-x86_64-gnu/lib/python3.13/importlib/__init__.py:88: in import_module
    return _bootstrap._gcd_import(name[level:], package, level)
           ^^^^^^^^^^^^^^^^^^^^^^^^^^^^^^^^^^^^^^^^^^^^^^^^^^^^
tests/test_h8_double_filter.py:12: in &lt;module&gt;
    import backtest
E   ModuleNotFoundError: No module named 'backtest'</error></testcase><testcase classname="" name="tests.test_h9_quality_leverage" time="0.000"><error message="collection failure">ImportError while importing test module '/home/runner/work/_temp/cleanroom/stocks-predictor/tree/tests/test_h9_quality_leverage.py'.
Hint: make sure your test modules/packages have valid Python names.
Traceback:
../../../tools/python/cpython-3.13.15-linux-x86_64-gnu/lib/python3.13/importlib/__init__.py:88: in import_module
    return _bootstrap._gcd_import(name[level:], package, level)
           ^^^^^^^^^^^^^^^^^^^^^^^^^^^^^^^^^^^^^^^^^^^^^^^^^^^^
tests/test_h9_quality_leverage.py:12: in &lt;module&gt;
    import backtest
E   ModuleNotFoundError: No module named 'backtest'</error></testcase><testcase classname="" name="tests.test_legacy_schema_compatibility" time="0.000"><error message="collection failure">ImportError while importing test module '/home/runner/work/_temp/cleanroom/stocks-predictor/tree/tests/test_legacy_schema_compatibility.py'.
Hint: make sure your test modules/packages have valid Python names.
Traceback:
../../../tools/python/cpython-3.13.15-linux-x86_64-gnu/lib/python3.13/importlib/__init__.py:88: in import_module
    return _bootstrap._gcd_import(name[level:], package, level)
           ^^^^^^^^^^^^^^^^^^^^^^^^^^^^^^^^^^^^^^^^^^^^^^^^^^^^
tests/test_legacy_schema_compatibility.py:4: in &lt;module&gt;
    import db
E   ModuleNotFoundError: No module named 'db'</error></testcase><testcase classname="" name="tests.test_paper" time="0.000"><error message="collection failure">ImportError while importing test module '/home/runner/work/_temp/cleanroom/stocks-predictor/tree/tests/test_paper.py'.
Hint: make sure your test modules/packages have valid Python names.
Traceback:
../../../tools/python/cpython-3.13.15-linux-x86_64-gnu/lib/python3.13/importlib/__init__.py:88: in import_module
    return _bootstrap._gcd_import(name[level:], package, level)
           ^^^^^^^^^^^^^^^^^^^^^^^^^^^^^^^^^^^^^^^^^^^^^^^^^^^^
tests/test_paper.py:7: in &lt;module&gt;
    import cotahist
E   ModuleNotFoundError: No module named 'cotahist'</error></testcase><testcase classname="" name="tests.test_purge_embargo_limitation" time="0.000"><error message="collection failure">ImportError while importing test module '/home/runner/work/_temp/cleanroom/stocks-predictor/tree/tests/test_purge_embargo_limitation.py'.
Hint: make sure your test modules/packages have valid Python names.
Traceback:
../../../tools/python/cpython-3.13.15-linux-x86_64-gnu/lib/python3.13/importlib/__init__.py:88: in import_module
    return _bootstrap._gcd_import(name[level:], package, level)
           ^^^^^^^^^^^^^^^^^^^^^^^^^^^^^^^^^^^^^^^^^^^^^^^^^^^^
tests/test_purge_embargo_limitation.py:18: in &lt;module&gt;
    import backtest
E   ModuleNotFoundError: No module named 'backtest'</error></testcase><testcase classname="" name="tests.test_quote_factor" time="0.000"><error message="collection failure">ImportError while importing test module '/home/runner/work/_temp/cleanroom/stocks-predictor/tree/tests/test_quote_factor.py'.
Hint: make sure your test modules/packages have valid Python names.
Traceback:
../../../tools/python/cpython-3.13.15-linux-x86_64-gnu/lib/python3.13/importlib/__init__.py:88: in import_module
    return _bootstrap._gcd_import(name[level:], package, level)
           ^^^^^^^^^^^^^^^^^^^^^^^^^^^^^^^^^^^^^^^^^^^^^^^^^^^^
tests/test_quote_factor.py:9: in &lt;module&gt;
    import cotahist
E   ModuleNotFoundError: No module named 'cotahist'</error></testcase><testcase classname="" name="tests.test_readonly_entrypoints" time="0.000"><error message="collection failure">ImportError while importing test module '/home/runner/work/_temp/cleanroom/stocks-predictor/tree/tests/test_readonly_entrypoints.py'.
Hint: make sure your test modules/packages have valid Python names.
Traceback:
../../../tools/python/cpython-3.13.15-linux-x86_64-gnu/lib/python3.13/importlib/__init__.py:88: in import_module
    return _bootstrap._gcd_import(name[level:], package, level)
           ^^^^^^^^^^^^^^^^^^^^^^^^^^^^^^^^^^^^^^^^^^^^^^^^^^^^
tests/test_readonly_entrypoints.py:8: in &lt;module&gt;
    import db
E   ModuleNotFoundError: No module named 'db'</error></testcase><testcase classname="" name="tests.test_repairs_cvm" time="0.000"><error message="collection failure">ImportError while importing test module '/home/runner/work/_temp/cleanroom/stocks-predictor/tree/tests/test_repairs_cvm.py'.
Hint: make sure your test modules/packages have valid Python names.
Traceback:
../../../tools/python/cpython-3.13.15-linux-x86_64-gnu/lib/python3.13/importlib/__init__.py:88: in import_module
    return _bootstrap._gcd_import(name[level:], package, level)
           ^^^^^^^^^^^^^^^^^^^^^^^^^^^^^^^^^^^^^^^^^^^^^^^^^^^^
tests/test_repairs_cvm.py:13: in &lt;module&gt;
    import cvm_pit
E   ModuleNotFoundError: No module named 'cvm_pit'</error></testcase><testcase classname="" name="tests.test_repairs_execution" time="0.000"><error message="collection failure">ImportError while importing test module '/home/runner/work/_temp/cleanroom/stocks-predictor/tree/tests/test_repairs_execution.py'.
Hint: make sure your test modules/packages have valid Python names.
Traceback:
../../../tools/python/cpython-3.13.15-linux-x86_64-gnu/lib/python3.13/importlib/__init__.py:88: in import_module
    return _bootstrap._gcd_import(name[level:], package, level)
           ^^^^^^^^^^^^^^^^^^^^^^^^^^^^^^^^^^^^^^^^^^^^^^^^^^^^
tests/test_repairs_execution.py:8: in &lt;module&gt;
    import adjust
E   ModuleNotFoundError: No module named 'adjust'</error></testcase><testcase classname="" name="tests.test_report" time="0.000"><error message="collection failure">ImportError while importing test module '/home/runner/work/_temp/cleanroom/stocks-predictor/tree/tests/test_report.py'.
Hint: make sure your test modules/packages have valid Python names.
Traceback:
../../../tools/python/cpython-3.13.15-linux-x86_64-gnu/lib/python3.13/importlib/__init__.py:88: in import_module
    return _bootstrap._gcd_import(name[level:], package, level)
           ^^^^^^^^^^^^^^^^^^^^^^^^^^^^^^^^^^^^^^^^^^^^^^^^^^^^
tests/test_report.py:6: in &lt;module&gt;
    import report
E   ModuleNotFoundError: No module named 'report'</error></testcase><testcase classname="" name="tests.test_retail_cash" time="0.000"><error message="collection failure">ImportError while importing test module '/home/runner/work/_temp/cleanroom/stocks-predictor/tree/tests/test_retail_cash.py'.
Hint: make sure your test modules/packages have valid Python names.
Traceback:
../../../tools/python/cpython-3.13.15-linux-x86_64-gnu/lib/python3.13/importlib/__init__.py:88: in import_module
    return _bootstrap._gcd_import(name[level:], package, level)
           ^^^^^^^^^^^^^^^^^^^^^^^^^^^^^^^^^^^^^^^^^^^^^^^^^^^^
tests/test_retail_cash.py:7: in &lt;module&gt;
    from retail_cash import Holding, RetailBook, execution_readiness, integer_targets, ordinary_month_tax, trade_value
E   ModuleNotFoundError: No module named 'retail_cash'</error></testcase><testcase classname="" name="tests.test_returns" time="0.000"><error message="collection failure">ImportError while importing test module '/home/runner/work/_temp/cleanroom/stocks-predictor/tree/tests/test_returns.py'.
Hint: make sure your test modules/packages have valid Python names.
Traceback:
../../../tools/python/cpython-3.13.15-linux-x86_64-gnu/lib/python3.13/importlib/__init__.py:88: in import_module
    return _bootstrap._gcd_import(name[level:], package, level)
           ^^^^^^^^^^^^^^^^^^^^^^^^^^^^^^^^^^^^^^^^^^^^^^^^^^^^
tests/test_returns.py:2: in &lt;module&gt;
    import returns
E   ModuleNotFoundError: No module named 'returns'</error></testcase><testcase classname="" name="tests.test_rj_audit_2026_08_24" time="0.000"><error message="collection failure">ImportError while importing test module '/home/runner/work/_temp/cleanroom/stocks-predictor/tree/tests/test_rj_audit_2026_08_24.py'.
Hint: make sure your test modules/packages have valid Python names.
Traceback:
../../../tools/python/cpython-3.13.15-linux-x86_64-gnu/lib/python3.13/importlib/__init__.py:88: in import_module
    return _bootstrap._gcd_import(name[level:], package, level)
           ^^^^^^^^^^^^^^^^^^^^^^^^^^^^^^^^^^^^^^^^^^^^^^^^^^^^
tests/test_rj_audit_2026_08_24.py:15: in &lt;module&gt;
    import rj_families as families
E   ModuleNotFoundError: No module named 'rj_families'</error></testcase><testcase classname="" name="tests.test_rj_audit_integrity" time="0.000"><error message="collection failure">ImportError while importing test module '/home/runner/work/_temp/cleanroom/stocks-predictor/tree/tests/test_rj_audit_integrity.py'.
Hint: make sure your test modules/packages have valid Python names.
Traceback:
../../../tools/python/cpython-3.13.15-linux-x86_64-gnu/lib/python3.13/importlib/__init__.py:88: in import_module
    return _bootstrap._gcd_import(name[level:], package, level)
           ^^^^^^^^^^^^^^^^^^^^^^^^^^^^^^^^^^^^^^^^^^^^^^^^^^^^
tests/test_rj_audit_integrity.py:4: in &lt;module&gt;
    import rj_judge
E   ModuleNotFoundError: No module named 'rj_judge'</error></testcase><testcase classname="" name="tests.test_rj_ingest" time="0.000"><error message="collection failure">ImportError while importing test module '/home/runner/work/_temp/cleanroom/stocks-predictor/tree/tests/test_rj_ingest.py'.
Hint: make sure your test modules/packages have valid Python names.
Traceback:
../../../tools/python/cpython-3.13.15-linux-x86_64-gnu/lib/python3.13/importlib/__init__.py:88: in import_module
    return _bootstrap._gcd_import(name[level:], package, level)
           ^^^^^^^^^^^^^^^^^^^^^^^^^^^^^^^^^^^^^^^^^^^^^^^^^^^^
tests/test_rj_ingest.py:14: in &lt;module&gt;
    import db
E   ModuleNotFoundError: No module named 'db'</error></testcase><testcase classname="" name="tests.test_rj_next_gen" time="0.000"><error message="collection failure">ImportError while importing test module '/home/runner/work/_temp/cleanroom/stocks-predictor/tree/tests/test_rj_next_gen.py'.
Hint: make sure your test modules/packages have valid Python names.
Traceback:
../../../tools/python/cpython-3.13.15-linux-x86_64-gnu/lib/python3.13/importlib/__init__.py:88: in import_module
    return _bootstrap._gcd_import(name[level:], package, level)
           ^^^^^^^^^^^^^^^^^^^^^^^^^^^^^^^^^^^^^^^^^^^^^^^^^^^^
tests/test_rj_next_gen.py:12: in &lt;module&gt;
    import rj_coda as coda
E   ModuleNotFoundError: No module named 'rj_coda'</error></testcase><testcase classname="" name="tests.test_rj_pipeline" time="0.000"><error message="collection failure">ImportError while importing test module '/home/runner/work/_temp/cleanroom/stocks-predictor/tree/tests/test_rj_pipeline.py'.
Hint: make sure your test modules/packages have valid Python names.
Traceback:
../../../tools/python/cpython-3.13.15-linux-x86_64-gnu/lib/python3.13/importlib/__init__.py:88: in import_module
    return _bootstrap._gcd_import(name[level:], package, level)
           ^^^^^^^^^^^^^^^^^^^^^^^^^^^^^^^^^^^^^^^^^^^^^^^^^^^^
tests/test_rj_pipeline.py:26: in &lt;module&gt;
    import adjust
E   ModuleNotFoundError: No module named 'adjust'</error></testcase><testcase classname="" name="tests.test_rj_power" time="0.000"><error message="collection failure">ImportError while importing test module '/home/runner/work/_temp/cleanroom/stocks-predictor/tree/tests/test_rj_power.py'.
Hint: make sure your test modules/packages have valid Python names.
Traceback:
../../../tools/python/cpython-3.13.15-linux-x86_64-gnu/lib/python3.13/importlib/__init__.py:88: in import_module
    return _bootstrap._gcd_import(name[level:], package, level)
           ^^^^^^^^^^^^^^^^^^^^^^^^^^^^^^^^^^^^^^^^^^^^^^^^^^^^
tests/test_rj_power.py:16: in &lt;module&gt;
    import rj_power
E   ModuleNotFoundError: No module named 'rj_power'</error></testcase><testcase classname="" name="tests.test_rj_power_gate" time="0.000"><error message="collection failure">ImportError while importing test module '/home/runner/work/_temp/cleanroom/stocks-predictor/tree/tests/test_rj_power_gate.py'.
Hint: make sure your test modules/packages have valid Python names.
Traceback:
../../../tools/python/cpython-3.13.15-linux-x86_64-gnu/lib/python3.13/importlib/__init__.py:88: in import_module
    return _bootstrap._gcd_import(name[level:], package, level)
           ^^^^^^^^^^^^^^^^^^^^^^^^^^^^^^^^^^^^^^^^^^^^^^^^^^^^
tests/test_rj_power_gate.py:28: in &lt;module&gt;
    import rj_judge as judge
E   ModuleNotFoundError: No module named 'rj_judge'</error></testcase><testcase classname="" name="tests.test_rj_smoke_synthetic" time="0.000"><error message="collection failure">ImportError while importing test module '/home/runner/work/_temp/cleanroom/stocks-predictor/tree/tests/test_rj_smoke_synthetic.py'.
Hint: make sure your test modules/packages have valid Python names.
Traceback:
../../../tools/python/cpython-3.13.15-linux-x86_64-gnu/lib/python3.13/importlib/__init__.py:88: in import_module
    return _bootstrap._gcd_import(name[level:], package, level)
           ^^^^^^^^^^^^^^^^^^^^^^^^^^^^^^^^^^^^^^^^^^^^^^^^^^^^
tests/test_rj_smoke_synthetic.py:14: in &lt;module&gt;
    import rj_episodes as episodes
E   ModuleNotFoundError: No module named 'rj_episodes'</error></testcase><testcase classname="" name="tests.test_source_history" time="0.000"><error message="collection failure">ImportError while importing test module '/home/runner/work/_temp/cleanroom/stocks-predictor/tree/tests/test_source_history.py'.
Hint: make sure your test modules/packages have valid Python names.
Traceback:
../../../tools/python/cpython-3.13.15-linux-x86_64-gnu/lib/python3.13/importlib/__init__.py:88: in import_module
    return _bootstrap._gcd_import(name[level:], package, level)
           ^^^^^^^^^^^^^^^^^^^^^^^^^^^^^^^^^^^^^^^^^^^^^^^^^^^^
tests/test_source_history.py:11: in &lt;module&gt;
    import cvm_pit
E   ModuleNotFoundError: No module named 'cvm_pit'</error></testcase><testcase classname="" name="tests.test_stock_bonus" time="0.000"><error message="collection failure">ImportError while importing test module '/home/runner/work/_temp/cleanroom/stocks-predictor/tree/tests/test_stock_bonus.py'.
Hint: make sure your test modules/packages have valid Python names.
Traceback:
../../../tools/python/cpython-3.13.15-linux-x86_64-gnu/lib/python3.13/importlib/__init__.py:88: in import_module
    return _bootstrap._gcd_import(name[level:], package, level)
           ^^^^^^^^^^^^^^^^^^^^^^^^^^^^^^^^^^^^^^^^^^^^^^^^^^^^
tests/test_stock_bonus.py:6: in &lt;module&gt;
    import db
E   ModuleNotFoundError: No module named 'db'</error></testcase><testcase classname="" name="tests.test_universe" time="0.000"><error message="collection failure">ImportError while importing test module '/home/runner/work/_temp/cleanroom/stocks-predictor/tree/tests/test_universe.py'.
Hint: make sure your test modules/packages have valid Python names.
Traceback:
../../../tools/python/cpython-3.13.15-linux-x86_64-gnu/lib/python3.13/importlib/__init__.py:88: in import_module
    return _bootstrap._gcd_import(name[level:], package, level)
           ^^^^^^^^^^^^^^^^^^^^^^^^^^^^^^^^^^^^^^^^^^^^^^^^^^^^
tests/test_universe.py:4: in &lt;module&gt;
    import db
E   ModuleNotFoundError: No module named 'db'</error></testcase><testcase classname="tests.test_audit_integrity.QuoteContractTests" name="test_impossible_calendar_date_rejected" time="0.001" /><testcase classname="tests.test_audit_integrity.QuoteContractTests" name="test_malformed_quote_is_counted_without_losing_valid_neighbor" time="0.000" /><testcase classname="tests.test_audit_integrity.QuoteContractTests" name="test_nonpositive_quote_basis_rejected" time="0.000" /><testcase classname="tests.test_audit_integrity.QuoteContractTests" name="test_truncated_and_oversized_quotes_rejected" time="0.001" /><testcase classname="tests.test_audit_integrity.EconomicInputTests" name="test_invalid_external_edge_estimate_is_rejected" time="0.000" /><testcase classname="tests.test_audit_integrity.EconomicInputTests" name="test_missing_observations_are_not_silently_removed" time="0.000" /><testcase classname="tests.test_audit_integrity.EconomicInputTests" name="test_nonfinite_costs_and_hurdles_cannot_produce_a_decision" time="0.001" /><testcase classname="tests.test_audit_integrity.EconomicInputTests" name="test_nonfinite_policy_is_rejected" time="0.000" /><testcase classname="tests.test_audit_integrity.UniverseEvidenceTests" name="test_empty_snapshot_fails_without_partial_rows" time="0.001" /><testcase classname="tests.test_audit_integrity.UniverseEvidenceTests" name="test_future_resolution_cannot_reopen_past_universe" time="0.001" /><testcase classname="tests.test_audit_integrity.UniverseEvidenceTests" name="test_identical_snapshot_is_idempotent" time="0.001" /><testcase classname="tests.test_audit_integrity.UniverseEvidenceTests" name="test_legacy_replay_keeps_latest_resolution_policy_explicitly" time="0.001" /><testcase classname="tests.test_audit_integrity.UniverseEvidenceTests" name="test_resolution_before_cutoff_reopens_instrument" time="0.001" /><testcase classname="tests.test_audit_integrity.UniverseEvidenceTests" name="test_same_day_resolution_is_outside_strict_before_cutoff" time="0.001" /><testcase classname="tests.test_audit_integrity.UniverseEvidenceTests" name="test_same_members_with_changed_evidence_cannot_rewrite_snapshot" time="0.001" /><testcase classname="tests.test_audit_integrity.UniverseEvidenceTests" name="test_snapshot_conflict_fails_without_appending_members" time="0.001" /><testcase classname="tests.test_audit_integrity.UniverseEvidenceTests" name="test_snapshot_does_not_commit_callers_transaction" time="0.001" /><testcase classname="tests.test_audit_integrity.UniverseEvidenceTests" name="test_unknown_source_does_not_become_primary_by_default" time="0.001" /><testcase classname="tests.test_audit_registry.AuditRegistryTests" name="test_changed_evidence_is_not_accepted_by_its_old_receipt" time="0.009" /><testcase classname="tests.test_audit_registry.AuditRegistryTests" name="test_population_loss_and_unsupported_closure_are_rejected" time="0.112" /><testcase classname="tests.test_audit_registry.AuditRegistryTests" name="test_uv_auxiliary_file_is_not_a_distribution_but_missing_or_extra_wheels_fail" time="0.002" /><testcase classname="tests.test_big_winner_v2.BigWinnerV2Tests" name="test_append_only_update_and_delete_forbidden" time="0.013" /><testcase classname="tests.test_big_winner_v2.BigWinnerV2Tests" name="test_artifact_is_immutable" time="0.002" /><testcase classname="tests.test_big_winner_v2.BigWinnerV2Tests" name="test_backfill_excluded_from_prospective_evidence" time="0.010" /><testcase classname="tests.test_big_winner_v2.BigWinnerV2Tests" name="test_corporate_action_continuity_and_future_boundary" time="0.000" /><testcase classname="tests.test_big_winner_v2.BigWinnerV2Tests" name="test_correction_appends_and_preserves_original" time="0.009" /><testcase classname="tests.test_big_winner_v2.BigWinnerV2Tests" name="test_dataset_and_config_hashes_present" time="0.001" /><testcase classname="tests.test_big_winner_v2.BigWinnerV2Tests" name="test_decision_is_deterministic" time="0.001" /><testcase classname="tests.test_big_winner_v2.BigWinnerV2Tests" name="test_deterministic_ranking_and_tie_break" time="0.000" /><testcase classname="tests.test_big_winner_v2.BigWinnerV2Tests" name="test_duplicate_key_changed_payload_rejected" time="0.008" /><testcase classname="tests.test_big_winner_v2.BigWinnerV2Tests" name="test_final_freeze_hash_and_identity" time="0.000" /><testcase classname="tests.test_big_winner_v2.BigWinnerV2Tests" name="test_historical_artifacts_preserved" time="0.001" /><testcase classname="tests.test_big_winner_v2.BigWinnerV2Tests" name="test_idempotent_duplicate" time="0.009" /><testcase classname="tests.test_big_winner_v2.BigWinnerV2Tests" name="test_idempotent_receipt_is_artifact_stable" time="0.000" /><testcase classname="tests.test_big_winner_v2.BigWinnerV2Tests" name="test_intermediate_outcomes_do_not_mature_primary" time="0.010" /><testcase classname="tests.test_big_winner_v2.BigWinnerV2Tests" name="test_pit_boundary_ignores_asof_and_future" time="0.001" /><testcase classname="tests.test_big_winner_v2.BigWinnerV2Tests" name="test_prospective_start_requires_post_freeze_observation" time="0.008" /><testcase classname="tests.test_big_winner_v2.BigWinnerV2Tests" name="test_selection_fraction_ceil_twenty_percent" time="0.000" /><testcase classname="tests.test_big_winner_v2.BigWinnerV2Tests" name="test_selection_freeze_hash_and_identity" time="0.000" /><testcase classname="tests.test_big_winner_v2.BigWinnerV2Tests" name="test_ticker_only_identity_is_explicit_missing_state" time="0.001" /><testcase classname="tests.test_bootstrap_contract" name="test_typed_bootstrap_preserves_none_sample_semantics" time="0.008" /><testcase classname="tests.test_bootstrap_robustness" name="test_drops_none_resamples_keeps_the_rest" time="0.001" /><testcase classname="tests.test_bootstrap_robustness" name="test_all_none_returns_empty_not_crash" time="0.001" /><testcase classname="tests.test_bootstrap_robustness" name="test_no_none_keeps_all_nboot" time="0.001" /><testcase classname="tests.test_config" name="test_parse_sections_and_scalars" time="0.001"><failure message="ModuleNotFoundError: No module named 'config'">def test_parse_sections_and_scalars():
&gt;       from config import parse_simple_yaml
E       ModuleNotFoundError: No module named 'config'

tests/test_config.py:14: ModuleNotFoundError</failure></testcase><testcase classname="tests.test_config" name="test_parse_comment_inside_quotes_preserved" time="0.000"><failure message="ModuleNotFoundError: No module named 'config'">def test_parse_comment_inside_quotes_preserved():
&gt;       from config import parse_simple_yaml
E       ModuleNotFoundError: No module named 'config'

tests/test_config.py:32: ModuleNotFoundError</failure></testcase><testcase classname="tests.test_config" name="test_parse_rejects_lists" time="0.000"><failure message="ModuleNotFoundError: No module named 'config'">def test_parse_rejects_lists():
&gt;       from config import parse_simple_yaml
E       ModuleNotFoundError: No module named 'config'

tests/test_config.py:38: ModuleNotFoundError</failure></testcase><testcase classname="tests.test_config" name="test_parse_rejects_deep_nesting" time="0.000"><failure message="ModuleNotFoundError: No module named 'config'">def test_parse_rejects_deep_nesting():
&gt;       from config import parse_simple_yaml
E       ModuleNotFoundError: No module named 'config'

tests/test_config.py:44: ModuleNotFoundError</failure></testcase><testcase classname="tests.test_config" name="test_load_real_config_h1_frozen_params" time="0.000"><failure message="ModuleNotFoundError: No module named 'config'">def test_load_real_config_h1_frozen_params():
        """Os parâmetros H1-FROZEN do config devem bater com o design §5–§9 um a um."""
&gt;       from config import load_config
E       ModuleNotFoundError: No module named 'config'

tests/test_config.py:55: ModuleNotFoundError</failure></testcase><testcase classname="tests.test_config" name="test_config_hash_stable_across_loads" time="0.000"><failure message="ModuleNotFoundError: No module named 'config'">def test_config_hash_stable_across_loads():
&gt;       from config import load_config, config_hash
E       ModuleNotFoundError: No module named 'config'

tests/test_config.py:73: ModuleNotFoundError</failure></testcase><testcase classname="tests.test_config" name="test_new_run_creates_row" time="0.002"><failure message="ModuleNotFoundError: No module named 'db'">tmp_path = PosixPath('/tmp/pytest-of-runner/pytest-1/test_new_run_creates_row0')

    def test_new_run_creates_row(tmp_path):
&gt;       import db
E       ModuleNotFoundError: No module named 'db'

tests/test_config.py:84: ModuleNotFoundError</failure></testcase><testcase classname="tests.test_config" name="test_new_run_same_params_same_config_hash" time="0.001"><failure message="ModuleNotFoundError: No module named 'db'">tmp_path = PosixPath('/tmp/pytest-of-runner/pytest-1/test_new_run_same_params_same_0')

    def test_new_run_same_params_same_config_hash(tmp_path):
&gt;       import db
E       ModuleNotFoundError: No module named 'db'

tests/test_config.py:98: ModuleNotFoundError</failure></testcase><testcase classname="tests.test_config" name="test_sha256_file_known_value" time="0.001" /><testcase classname="tests.test_config" name="test_main_status_runs" time="0.062"><failure message="AssertionError: main.py falhou:&#10;  Traceback (most recent call last):&#10;    File &quot;/home/runner/work/_temp/cleanroom/stocks-predictor/tree/main.py&quot;, line 368, in &lt;module&gt;&#10;      raise SystemExit(main())&#10;                       ~~~~^^&#10;    File &quot;/home/runner/work/_temp/cleanroom/stocks-predictor/tree/main.py&quot;, line 358, in main&#10;      return status()&#10;    File &quot;/home/runner/work/_temp/cleanroom/stocks-predictor/tree/main.py&quot;, line 52, in status&#10;      import config as cfg_mod&#10;  ModuleNotFoundError: No module named 'config'&#10;  &#10;assert 1 == 0&#10; +  where 1 = CompletedProcess(args=['/home/runner/work/_temp/cleanroom/stocks-predictor/venv-head_build/bin/python', '/home/runner/...or/tree/main.py&quot;, line 52, in status\n    import config as cfg_mod\nModuleNotFoundError: No module named \'config\'\n').returncode">def test_main_status_runs():
        """python main.py deve rodar limpo (exit 0) e mostrar o config_hash."""
        import subprocess
        import sys as _sys
        out = subprocess.run(
            [_sys.executable, str(ROOT / "main.py")],
            capture_output=True, text=True, timeout=60, encoding="utf-8",
        )
&gt;       assert out.returncode == 0, f"main.py falhou:\n{out.stderr}"
E       AssertionError: main.py falhou:
E         Traceback (most recent call last):
E           File "/home/runner/work/_temp/cleanroom/stocks-predictor/tree/main.py", line 368, in &lt;module&gt;
E             raise SystemExit(main())
E                              ~~~~^^
E           File "/home/runner/work/_temp/cleanroom/stocks-predictor/tree/main.py", line 358, in main
E             return status()
E           File "/home/runner/work/_temp/cleanroom/stocks-predictor/tree/main.py", line 52, in status
E             import config as cfg_mod
E         ModuleNotFoundError: No module named 'config'
E         
E       assert 1 == 0
E        +  where 1 = CompletedProcess(args=['/home/runner/work/_temp/cleanroom/stocks-predictor/venv-head_build/bin/python', '/home/runner/...or/tree/main.py", line 52, in status\n    import config as cfg_mod\nModuleNotFoundError: No module named \'config\'\n').returncode

tests/test_config.py:136: AssertionError</failure></testcase><testcase classname="tests.test_config" name="test_main_backtest_command_runs" time="0.035"><failure message="AssertionError: main.py backtest falhou:&#10;  Traceback (most recent call last):&#10;    File &quot;/home/runner/work/_temp/cleanroom/stocks-predictor/tree/main.py&quot;, line 368, in &lt;module&gt;&#10;      raise SystemExit(main())&#10;                       ~~~~^^&#10;    File &quot;/home/runner/work/_temp/cleanroom/stocks-predictor/tree/main.py&quot;, line 364, in main&#10;      return handler(args[1:])&#10;    File &quot;/home/runner/work/_temp/cleanroom/stocks-predictor/tree/main.py&quot;, line 146, in cmd_backtest&#10;      import backtest&#10;  ModuleNotFoundError: No module named 'backtest'&#10;  &#10;assert 1 == 0&#10; +  where 1 = CompletedProcess(args=['/home/runner/work/_temp/cleanroom/stocks-predictor/venv-head_build/bin/python', '/home/runner/...or/tree/main.py&quot;, line 146, in cmd_backtest\n    import backtest\nModuleNotFoundError: No module named \'backtest\'\n').returncode">tmp_path = PosixPath('/tmp/pytest-of-runner/pytest-1/test_main_backtest_command_run0')

    def test_main_backtest_command_runs(tmp_path):
        """backtest agora roda (M5 implementado) — sai 0 mesmo com banco vazio (inconclusivo).
    
        Isolado via PREDICTOR_DB_PATH/PREDICTOR_EVENTS_PATH: o banco default
        (data/stocks.db) pode conter anos reais de COTAHIST (walk-forward de minutos) —
        o smoke test não pode depender do que está ali, só da MAQUINARIA rodar limpo.
        """
        import os
        import subprocess
        import sys as _sys
        env = dict(os.environ)
        env["PREDICTOR_DB_PATH"] = str(tmp_path / "s.db")
        env["PREDICTOR_EVENTS_PATH"] = str(tmp_path / "events.jsonl")
        env["PREDICTOR_REPORTS_DIR"] = str(tmp_path / "reports")   # não poluir reports/ real
        out = subprocess.run(
            [_sys.executable, str(ROOT / "main.py"), "backtest"],
            capture_output=True, text=True, timeout=60, encoding="utf-8", env=env,
        )
&gt;       assert out.returncode == 0, f"main.py backtest falhou:\n{out.stderr}"
E       AssertionError: main.py backtest falhou:
E         Traceback (most recent call last):
E           File "/home/runner/work/_temp/cleanroom/stocks-predictor/tree/main.py", line 368, in &lt;module&gt;
E             raise SystemExit(main())
E                              ~~~~^^
E           File "/home/runner/work/_temp/cleanroom/stocks-predictor/tree/main.py", line 364, in main
E             return handler(args[1:])
E           File "/home/runner/work/_temp/cleanroom/stocks-predictor/tree/main.py", line 146, in cmd_backtest
E             import backtest
E         ModuleNotFoundError: No module named 'backtest'
E         
E       assert 1 == 0
E        +  where 1 = CompletedProcess(args=['/home/runner/work/_temp/cleanroom/stocks-predictor/venv-head_build/bin/python', '/home/runner/...or/tree/main.py", line 146, in cmd_backtest\n    import backtest\nModuleNotFoundError: No module named \'backtest\'\n').returncode

tests/test_config.py:158: AssertionError</failure></testcase><testcase classname="tests.test_config" name="test_main_backtest_h_dispatcher_runs" time="0.033"><failure message="AssertionError: main.py attest-power falhou:&#10;  Traceback (most recent call last):&#10;    File &quot;/home/runner/work/_temp/cleanroom/stocks-predictor/tree/main.py&quot;, line 368, in &lt;module&gt;&#10;      raise SystemExit(main())&#10;                       ~~~~^^&#10;    File &quot;/home/runner/work/_temp/cleanroom/stocks-predictor/tree/main.py&quot;, line 364, in main&#10;      return handler(args[1:])&#10;    File &quot;/home/runner/work/_temp/cleanroom/stocks-predictor/tree/main.py&quot;, line 164, in cmd_attest_power&#10;      import config as cfg_mod&#10;  ModuleNotFoundError: No module named 'config'&#10;  &#10;assert 1 == 0&#10; +  where 1 = CompletedProcess(args=['/home/runner/work/_temp/cleanroom/stocks-predictor/venv-head_build/bin/python', '/home/runner/...n.py&quot;, line 164, in cmd_attest_power\n    import config as cfg_mod\nModuleNotFoundError: No module named \'config\'\n').returncode">tmp_path = PosixPath('/tmp/pytest-of-runner/pytest-1/test_main_backtest_h_dispatche0')

    def test_main_backtest_h_dispatcher_runs(tmp_path):
        """Achado de varredura de infraestrutura (2026-09-04): H6-H16 só eram
        alcançáveis via `python -c "import backtest; backtest.run_hN(...)"` —
        o CLI nunca ganhou comando pra elas. `backtest-h &lt;N&gt;` conecta o que já
        existia ao ponto de entrada documentado, mesmo smoke de
        `test_main_backtest_command_runs` (banco vazio, só valida que a
        maquinaria roda limpo)."""
        import os
        import subprocess
        import sys as _sys
        env = dict(os.environ)
        env["PREDICTOR_DB_PATH"] = str(tmp_path / "s.db")
        env["PREDICTOR_EVENTS_PATH"] = str(tmp_path / "events.jsonl")
        env["PREDICTOR_REPORTS_DIR"] = str(tmp_path / "reports")
        # achado de varredura de infraestrutura 2026-09-04: sem isolar via
        # PREDICTOR_TRIALS_PATH (env var nova, mesmo padrão de PREDICTOR_DB_PATH),
        # o comando escreveria no trials.json REAL do repo (ledger) — provado na
        # prática antes desta env var existir.
        env["PREDICTOR_TRIALS_PATH"] = str(tmp_path / "trials.json")
        # trials.json isolado e novo em folha exige o atestado de poder primeiro
        # (mesma sequência real: attest-power uma vez, depois backtest-hN) — o
        # trials.json do repo já tem o atestado commitado, então isso só é
        # necessário aqui por causa do isolamento do teste.
        attest = subprocess.run(
            [_sys.executable, str(ROOT / "main.py"), "attest-power"],
            capture_output=True, text=True, timeout=60, encoding="utf-8", env=env,
        )
&gt;       assert attest.returncode == 0, f"main.py attest-power falhou:\n{attest.stderr}"
E       AssertionError: main.py attest-power falhou:
E         Traceback (most recent call last):
E           File "/home/runner/work/_temp/cleanroom/stocks-predictor/tree/main.py", line 368, in &lt;module&gt;
E             raise SystemExit(main())
E                              ~~~~^^
E           File "/home/runner/work/_temp/cleanroom/stocks-predictor/tree/main.py", line 364, in main
E             return handler(args[1:])
E           File "/home/runner/work/_temp/cleanroom/stocks-predictor/tree/main.py", line 164, in cmd_attest_power
E             import config as cfg_mod
E         ModuleNotFoundError: No module named 'config'
E         
E       assert 1 == 0
E        +  where 1 = CompletedProcess(args=['/home/runner/work/_temp/cleanroom/stocks-predictor/venv-head_build/bin/python', '/home/runner/...n.py", line 164, in cmd_attest_power\n    import config as cfg_mod\nModuleNotFoundError: No module named \'config\'\n').returncode

tests/test_config.py:189: AssertionError</failure></testcase><testcase classname="tests.test_config" name="test_main_backtest_h_dispatcher_unknown_hypothesis" time="0.031"><failure message="assert '999' in ''&#10; +  where '' = CompletedProcess(args=['/home/runner/work/_temp/cleanroom/stocks-predictor/venv-head_build/bin/python', '/home/runner/...tree/main.py&quot;, line 236, in cmd_backtest_hn\n    import backtest\nModuleNotFoundError: No module named \'backtest\'\n').stdout">def test_main_backtest_h_dispatcher_unknown_hypothesis():
        import subprocess
        import sys as _sys
        out = subprocess.run(
            [_sys.executable, str(ROOT / "main.py"), "backtest-h", "999"],
            capture_output=True, text=True, timeout=60, encoding="utf-8",
        )
        assert out.returncode != 0
&gt;       assert "999" in out.stdout
E       assert '999' in ''
E        +  where '' = CompletedProcess(args=['/home/runner/work/_temp/cleanroom/stocks-predictor/venv-head_build/bin/python', '/home/runner/...tree/main.py", line 236, in cmd_backtest_hn\n    import backtest\nModuleNotFoundError: No module named \'backtest\'\n').stdout

tests/test_config.py:205: AssertionError</failure></testcase><testcase classname="tests.test_config" name="test_main_unknown_command_exits_nonzero" time="0.024" /><testcase classname="tests.test_config" name="test_design_doc_in_repo" time="0.000" /><testcase classname="tests.test_config" name="test_frozen_config_hash_golden" time="0.001"><failure message="ModuleNotFoundError: No module named 'config'">def test_frozen_config_hash_golden():
        """Golden: qualquer mudança em param H1-FROZEN quebra este lacre."""
&gt;       from config import load_config, frozen_config_hash
E       ModuleNotFoundError: No module named 'config'

tests/test_config.py:231: ModuleNotFoundError</failure></testcase><testcase classname="tests.test_config" name="test_frozen_hash_ignores_operational_params" time="0.000"><failure message="ModuleNotFoundError: No module named 'config'">def test_frozen_hash_ignores_operational_params():
        import copy
&gt;       from config import load_config, frozen_config_hash
E       ModuleNotFoundError: No module named 'config'

tests/test_config.py:237: ModuleNotFoundError</failure></testcase><testcase classname="tests.test_config" name="test_frozen_hash_breaks_on_frozen_param" time="0.001"><failure message="ModuleNotFoundError: No module named 'config'">def test_frozen_hash_breaks_on_frozen_param():
        import copy
&gt;       from config import load_config, frozen_config_hash
E       ModuleNotFoundError: No module named 'config'

tests/test_config.py:249: ModuleNotFoundError</failure></testcase><testcase classname="tests.test_continuous_cash" name="test_continuous_retention_and_paid_dividend_close_by_independent_arithmetic" time="0.001" /><testcase classname="tests.test_continuous_cash" name="test_post_exit_dividend_preserved_as_receivable_and_does_not_fund_retention" time="0.001" /><testcase classname="tests.test_continuous_cash" name="test_missing_middle_path_quote_is_fatal_without_partial_profit" time="0.001" /><testcase classname="tests.test_continuous_cash" name="test_unreviewed_coverage_events_and_noncausal_plan_are_fatal" time="0.001" /><testcase classname="tests.test_continuous_cash" name="test_tax_cumulative_withholding_reserve_and_credit_not_double_charged" time="0.000" /><testcase classname="tests.test_continuous_cash" name="test_bdr_tax_small_darf_accumulates_and_equity_loss_carries_forward" time="0.000" /><testcase classname="tests.test_continuous_cash" name="test_bonus_preserves_original_tradability_and_locks_only_new_delivery" time="0.000" /><testcase classname="tests.test_continuous_cash" name="test_unreviewed_fraction_rejects_atomically_then_preserves_exact_basis" time="0.001" /><testcase classname="tests.test_continuous_cash" name="test_late_announced_cash_update_does_not_leak_into_earlier_nav_or_trades" time="0.001" /><testcase classname="tests.test_continuous_cash" name="test_reverse_split_then_split_must_not_be_cancelled_to_a_noop" time="0.000" /><testcase classname="tests.test_continuous_cash" name="test_documented_trading_before_credit_requires_delivery_by_sale_settlement" time="0.000" /><testcase classname="tests.test_continuous_cash" name="test_partial_precredit_sale_consumes_only_the_usable_delivery_lots" time="0.000" /><testcase classname="tests.test_continuous_cash" name="test_purchase_merges_with_a_pending_delivery_without_unlocking_it" time="0.000" /><testcase classname="tests.test_continuous_cash" name="test_multiple_deliveries_merge_without_double_locking_the_base_position" time="0.000" /><testcase classname="tests.test_continuous_cash" name="test_future_corporate_quantity_information_rejected_without_mutation" time="0.000" /><testcase classname="tests.test_continuous_cash" name="test_delayed_plan_and_weekend_settlement_do_not_pass_next_session_protocol" time="0.001" /><testcase classname="tests.test_continuous_cash" name="test_entry_day_bonus_in_another_class_preserves_original_order_units" time="0.001" /><testcase classname="tests.test_continuous_research" name="test_all_registered_pairs_run_on_persistent_books" time="0.009" /><testcase classname="tests.test_continuous_research" name="test_missing_evidence_stops_before_any_portfolio_return" time="0.003" /><testcase classname="tests.test_continuous_research" name="test_changed_source_returns_input_error_without_profit" time="0.003" /><testcase classname="tests.test_continuous_research" name="test_empty_or_invalid_cases_cannot_report_success_without_running[capital_brl-value0]" time="0.003" /><testcase classname="tests.test_continuous_research" name="test_empty_or_invalid_cases_cannot_report_success_without_running[one_way_cost_rates-value1]" time="0.003" /><testcase classname="tests.test_continuous_research" name="test_empty_or_invalid_cases_cannot_report_success_without_running[capital_brl-value2]" time="0.003" /><testcase classname="tests.test_continuous_research" name="test_empty_or_invalid_cases_cannot_report_success_without_running[capital_brl-value3]" time="0.003" /><testcase classname="tests.test_continuous_research" name="test_empty_or_invalid_cases_cannot_report_success_without_running[one_way_cost_rates-value4]" time="0.003" /><testcase classname="tests.test_continuous_research" name="test_manifest_does_not_authorize_a_different_production_protocol" time="0.003" /><testcase classname="tests.test_continuous_research" name="test_plans_bound_to_frozen_members_even_after_local_manifest_rebuilt" time="0.005" /><testcase classname="tests.test_continuous_research" name="test_index_cannot_hide_a_longer_replay_or_a_different_comparison_schedule" time="0.003" /><testcase classname="tests.test_continuous_research" name="test_economic_gate_does_not_hide_a_corrupt_quote_record" time="0.004" /><testcase classname="tests.test_core_import_path" name="test_predictor_core_does_not_resolve_to_vendor" time="0.000" /><testcase classname="tests.test_core_import_path" name="test_predictor_core_version_is_at_least_3" time="0.000" /><testcase classname="tests.test_core_import_path" name="test_importing_historical_poc_does_not_mutate_import_path" time="0.025" /><testcase classname="tests.test_core_integrity" name="test_vendor_manifest_present" time="0.000" /><testcase classname="tests.test_core_integrity" name="test_each_file_hash_matches_manifest" time="0.002" /><testcase classname="tests.test_core_integrity" name="test_no_orphan_files_in_vendor" time="0.002" /><testcase classname="tests.test_core_integrity" name="test_aggregate_reproduces" time="0.000" /><testcase classname="tests.test_corporate_auction_tax" name="test_identical_fraction_cash_has_different_tax_for_different_cost_basis[130-120-4.5-.67-0]" time="0.001" /><testcase classname="tests.test_corporate_auction_tax" name="test_identical_fraction_cash_has_different_tax_for_different_cost_basis[260-240--5.5-0-5.5]" time="0.001" /><testcase classname="tests.test_corporate_auction_tax" name="test_auction_gross_joins_monthly_equity_threshold_before_fee_deduction[19985-0]" time="0.001" /><testcase classname="tests.test_corporate_auction_tax" name="test_auction_gross_joins_monthly_equity_threshold_before_fee_deduction[19990-15.67]" time="0.001" /><testcase classname="tests.test_corporate_auction_tax" name="test_prior_month_auction_loss_offsets_later_gain_without_becoming_cash" time="0.000" /><testcase classname="tests.test_corporate_auction_tax" name="test_auction_gain_and_withholding_do_not_leak_before_disposal_day" time="0.000" /><testcase classname="tests.test_corporate_auction_tax" name="test_full_replay_recognizes_tax_on_a_day_with_no_strategy_order" time="0.001" /><testcase classname="tests.test_corporate_auction_tax" name="test_missing_or_noncausal_terms_fail_without_changing_the_book[gross_cash_per_fraction-None]" time="0.001" /><testcase classname="tests.test_corporate_auction_tax" name="test_missing_or_noncausal_terms_fail_without_changing_the_book[irrf_per_fraction-None]" time="0.001" /><testcase classname="tests.test_corporate_auction_tax" name="test_missing_or_noncausal_terms_fail_without_changing_the_book[known_on-2020-02-04]" time="0.001" /><testcase classname="tests.test_corporate_auction_tax" name="test_missing_or_noncausal_terms_fail_without_changing_the_book[disposal_date-2020-01-14]" time="0.000" /><testcase classname="tests.test_corporate_auction_tax" name="test_missing_or_noncausal_terms_fail_without_changing_the_book[tax_source-value4]" time="0.000" /><testcase classname="tests.test_corporate_auction_tax" name="test_missing_or_noncausal_terms_fail_without_changing_the_book[fees_per_fraction--1]" time="0.000" /><testcase classname="tests.test_corporate_auction_tax" name="test_missing_or_noncausal_terms_fail_without_changing_the_book[tax_treatment-None]" time="0.000" /><testcase classname="tests.test_corporate_auction_tax" name="test_fee_net_scalar_requires_review_bound_to_full_portfolio_context" time="0.001" /><testcase classname="tests.test_corporate_auction_tax" name="test_fixed_compulsory_disposal_tax_cannot_be_reused_across_books" time="0.000" /><testcase classname="tests.test_corporate_auction_tax" name="test_future_fixed_tax_is_not_an_early_liability_even_with_matching_portfolio" time="0.000" /><testcase classname="tests.test_corporate_auction_tax" name="test_post_endpoint_auction_cannot_publish_an_untaxed_terminal_profit" time="0.001" /><testcase classname="tests.test_data_bank.DataBankTests" name="test_bad_archive_digest_writes_nothing" time="0.004" /><testcase classname="tests.test_data_bank.DataBankTests" name="test_bad_object_digest_never_emits_catalog" time="0.004" /><testcase classname="tests.test_data_bank.DataBankTests" name="test_budget_rejected_before_writing" time="0.003" /><testcase classname="tests.test_data_bank.DataBankTests" name="test_deduplicates_aliases_and_keeps_bundle_independent" time="0.005" /><testcase classname="tests.test_data_bank.DataBankTests" name="test_existing_destination_is_preserved" time="0.003" /><testcase classname="tests.test_data_bank.DataBankTests" name="test_nonempty_wal_prevents_false_integrity_certificate" time="0.004" /><testcase classname="tests.test_data_bank.DataBankTests" name="test_path_traversal_rejected_before_writing" time="0.003" /><testcase classname="tests.test_data_bank.DataBankTests" name="test_read_only_inspection_leaves_no_journals_and_closes_file" time="0.003" /><testcase classname="tests.test_data_bank.DataBankTests" name="test_valid_hash_of_invalid_sqlite_never_emits_catalog" time="0.004" /><testcase classname="tests.test_data_transfer" name="test_round_trip_preserves_data_and_strips_code_in_nested_deliveries" time="0.006" /><testcase classname="tests.test_data_transfer" name="test_rejects_unsafe_paths[../escape]" time="0.000" /><testcase classname="tests.test_data_transfer" name="test_rejects_unsafe_paths[/absolute]" time="0.000" /><testcase classname="tests.test_data_transfer" name="test_rejects_unsafe_paths[C:/outside]" time="0.000" /><testcase classname="tests.test_data_transfer" name="test_rejects_unsafe_paths[a\\..\\b]" time="0.000" /><testcase classname="tests.test_data_transfer" name="test_rejects_unsafe_paths[a/NUL.txt]" time="0.000" /><testcase classname="tests.test_data_transfer" name="test_rejects_unsafe_paths[a/CON]" time="0.000" /><testcase classname="tests.test_data_transfer" name="test_rejects_unsafe_paths[a/x.]" time="0.000" /><testcase classname="tests.test_data_transfer" name="test_rejects_unsafe_paths[a//b]" time="0.000" /><testcase classname="tests.test_data_transfer" name="test_refuses_existing_destination_and_archive" time="0.001" /><testcase classname="tests.test_data_transfer" name="test_rejects_changed_source_and_corrupt_transport" time="0.002" /><testcase classname="tests.test_data_transfer" name="test_rejects_undeclared_and_missing_payloads" time="0.002" /><testcase classname="tests.test_data_transfer" name="test_prefix_restore_and_conflicting_windows_case" time="0.003" /><testcase classname="tests.test_dataset_selection.DatasetSelectionTests" name="test_conflicting_versions_are_never_selected_implicitly" time="0.007" /><testcase classname="tests.test_dataset_selection.DatasetSelectionTests" name="test_exact_source_selection_and_no_store_writes" time="0.007" /><testcase classname="tests.test_dataset_selection.DatasetSelectionTests" name="test_missing_and_future_version_are_rejected" time="0.008" /><testcase classname="tests.test_dataset_selection.DatasetSelectionTests" name="test_selected_prices_reach_causal_simulator" time="0.007" /><testcase classname="tests.test_dfp_readiness_audit" name="test_real_export_monetary_units_are_reais" time="0.000" /><testcase classname="tests.test_dfp_readiness_audit" name="test_unverified_numeric_conventions_cannot_pass[NaN-MIL-REAL]" time="0.000" /><testcase classname="tests.test_dfp_readiness_audit" name="test_unverified_numeric_conventions_cannot_pass[Infinity-MIL-REAL]" time="0.000" /><testcase classname="tests.test_dfp_readiness_audit" name="test_unverified_numeric_conventions_cannot_pass[79.736.856,00-MIL-REAL]" time="0.000" /><testcase classname="tests.test_dfp_readiness_audit" name="test_unverified_numeric_conventions_cannot_pass[1-UNKNOWN-REAL]" time="0.000" /><testcase classname="tests.test_dfp_readiness_audit" name="test_unverified_numeric_conventions_cannot_pass[1-MIL-USD]" time="0.000" /><testcase classname="tests.test_dfp_readiness_audit" name="test_real_revised_document_cannot_borrow_first_delivery_date" time="0.002" /><testcase classname="tests.test_dfp_readiness_audit" name="test_fixture_fields_have_declared_source_hashes" time="0.000" /><testcase classname="tests.test_dfp_readiness_audit" name="test_missing_version_metadata_is_an_audit_error" time="0.000" /><testcase classname="tests.test_dfp_readiness_audit" name="test_malformed_delivery_date_cannot_pass" time="0.000" /><testcase classname="tests.test_dfp_readiness_audit" name="test_cli_is_read_only_and_returns_failure_for_real_defects" time="0.063" /><testcase classname="tests.test_diagnostics.DiagnosticsTests" name="test_check_exit_code_and_json" time="0.001" /><testcase classname="tests.test_diagnostics.DiagnosticsTests" name="test_corrupt_file_returns_structured_error" time="0.001" /><testcase classname="tests.test_diagnostics.DiagnosticsTests" name="test_existing_database_is_unchanged" time="0.002" /><testcase classname="tests.test_diagnostics.DiagnosticsTests" name="test_missing_core_is_reported_without_import" time="0.001" /><testcase classname="tests.test_diagnostics.DiagnosticsTests" name="test_missing_database_is_not_created" time="0.001" /><testcase classname="tests.test_diagnostics.DiagnosticsTests" name="test_supported_versions_and_incompatible_versions" time="0.002" /><testcase classname="tests.test_discovery_h17" name="test_first_observation_protocol_is_sealed" time="0.000" /><testcase classname="tests.test_discovery_h17" name="test_ranks_average_ties_and_reverse_direction" time="0.000" /><testcase classname="tests.test_discovery_h17" name="test_quantity_price_basis_inverse[0.5-2]" time="0.000" /><testcase classname="tests.test_discovery_h17" name="test_quantity_price_basis_inverse[0.25-4]" time="0.000" /><testcase classname="tests.test_discovery_h17" name="test_quantity_price_basis_inverse[0.3333333333333333-3]" time="0.000" /><testcase classname="tests.test_discovery_h17" name="test_quantity_price_basis_inverse[10-0.1]" time="0.000" /><testcase classname="tests.test_discovery_h17" name="test_vivt_real_same_day_split_and_group_compose_without_legacy_double_count" time="0.000" /><testcase classname="tests.test_discovery_h17" name="test_conflicting_sources_are_not_silently_chosen" time="0.000" /><testcase classname="tests.test_discovery_h17" name="test_real_legacy_rounded_thirds_match_b3_without_changing_b3[MULT3-2018-07-23]" time="0.000" /><testcase classname="tests.test_discovery_h17" name="test_real_legacy_rounded_thirds_match_b3_without_changing_b3[TOTS3-2020-05-04]" time="0.000" /><testcase classname="tests.test_discovery_h17" name="test_real_legacy_rounded_thirds_match_b3_without_changing_b3[CSMG3-2020-11-26]" time="0.000" /><testcase classname="tests.test_discovery_h17" name="test_real_vivt_legacy_net_factor_matches_b3_components" time="0.000" /><testcase classname="tests.test_discovery_h17" name="test_split_adjustment_and_ex_date_entry_boundary" time="0.000" /><testcase classname="tests.test_discovery_h17" name="test_missing_endpoint_is_retained_as_missing_not_zero" time="0.000" /><testcase classname="tests.test_discovery_h17" name="test_corrupt_or_incomplete_outcomes_cannot_be_scored[identity]" time="0.000" /><testcase classname="tests.test_discovery_h17" name="test_corrupt_or_incomplete_outcomes_cannot_be_scored[unsupported]" time="0.000" /><testcase classname="tests.test_discovery_h17" name="test_corrupt_or_incomplete_outcomes_cannot_be_scored[gap]" time="0.000" /><testcase classname="tests.test_discovery_h17" name="test_future_financial_and_security_filings_block_observation" time="0.000" /><testcase classname="tests.test_discovery_h17" name="test_next_open_selection_missingness_and_same_family_quality_verdict" time="0.001" /><testcase classname="tests.test_discovery_h17" name="test_existing_observation_is_never_overwritten" time="0.001" /><testcase classname="tests.test_discovery_reorganizations" name="test_real_golden_quotes_are_exact_original_b3_prices_and_identities" time="0.001" /><testcase classname="tests.test_discovery_reorganizations" name="test_gndi_final_ratio_and_both_gross_receivables_are_preserved" time="0.001" /><testcase classname="tests.test_discovery_reorganizations" name="test_soma_exit_on_successor_first_trade_marks_uncredited_entitlement" time="0.001" /><testcase classname="tests.test_discovery_reorganizations" name="test_soma_entry_after_last_trade_cannot_receive_merger_proceeds" time="0.000" /><testcase classname="tests.test_discovery_reorganizations" name="test_carrefour_default_cash_redemption_has_no_phantom_stock_sale" time="0.001" /><testcase classname="tests.test_discovery_reorganizations" name="test_natura_does_not_double_or_miss_one_to_one_exchange" time="0.001" /><testcase classname="tests.test_discovery_reorganizations" name="test_payment_day_open_is_still_a_receivable_not_reinvestment_cash[2020-01-07-False]" time="0.000" /><testcase classname="tests.test_discovery_reorganizations" name="test_payment_day_open_is_still_a_receivable_not_reinvestment_cash[2020-01-15-False]" time="0.000" /><testcase classname="tests.test_discovery_reorganizations" name="test_payment_day_open_is_still_a_receivable_not_reinvestment_cash[2020-02-03-True]" time="0.000" /><testcase classname="tests.test_discovery_reorganizations" name="test_missing_quote_is_not_automatically_zero_return" time="0.000" /><testcase classname="tests.test_discovery_reorganizations" name="test_wrong_successor_identity_stays_unresolved" time="0.000" /><testcase classname="tests.test_discovery_reorganizations" name="test_compulsory_conversion_does_not_mask_unrelated_jump" time="0.000" /><testcase classname="tests.test_discovery_reorganizations" name="test_spinoff_keeps_original_stock_and_adds_successor_once" time="0.000" /><testcase classname="tests.test_discovery_reorganizations" name="test_subscription_never_creates_free_shares_or_debits_external_capital" time="0.000" /><testcase classname="tests.test_discovery_reorganizations" name="test_duplicate_terms_and_nonfinite_ratios_are_rejected" time="0.000" /><testcase classname="tests.test_discovery_reorganizations" name="test_split_before_conversion_changes_both_stock_and_cash_entitlements" time="0.000" /><testcase classname="tests.test_discovery_reorganizations" name="test_known_conversion_does_not_clear_simultaneous_unmodelled_action" time="0.000" /><testcase classname="tests.test_discovery_reorganizations" name="test_new_policy_is_separately_registered_and_counted" time="0.001" /><testcase classname="tests.test_discovery_value" name="test_protocol_fixed_before_first_value_observation" time="0.000" /><testcase classname="tests.test_discovery_value" name="test_disclosed_value_uses_shares_not_free_float" time="0.000" /><testcase classname="tests.test_discovery_value" name="test_split_changes_units_without_creating_valuation_signal" time="0.000" /><testcase classname="tests.test_discovery_value" name="test_future_prices_and_future_actions_do_not_change_signal" time="0.000" /><testcase classname="tests.test_discovery_value" name="test_document_mismatches_and_lookahead_rejected[future_filing]" time="0.000" /><testcase classname="tests.test_discovery_value" name="test_document_mismatches_and_lookahead_rejected[future_security]" time="0.000" /><testcase classname="tests.test_discovery_value" name="test_document_mismatches_and_lookahead_rejected[wrong_capital_receipt]" time="0.000" /><testcase classname="tests.test_discovery_value" name="test_document_mismatches_and_lookahead_rejected[wrong_archive]" time="0.000" /><testcase classname="tests.test_discovery_value" name="test_date_only_receipt_is_not_usable_same_day" time="0.000" /><testcase classname="tests.test_discovery_value" name="test_causal_data_abstention_has_reason[preferred-NOT_SINGLE_ORDINARY_SHARE_CLASS]" time="0.000" /><testcase classname="tests.test_discovery_value" name="test_causal_data_abstention_has_reason[missing-NO_VALID_EXACT_DOCUMENT_CAPITAL]" time="0.000" /><testcase classname="tests.test_discovery_value" name="test_causal_data_abstention_has_reason[unsupported_past-PAST_UNMODELLED_CAPITAL_EVENT]" time="0.000" /><testcase classname="tests.test_discovery_value" name="test_causal_data_abstention_has_reason[identity-PAST_INSTRUMENT_IDENTITY_BREAK]" time="0.000" /><testcase classname="tests.test_discovery_value" name="test_causal_data_abstention_has_reason[gap-PAST_UNRESOLVED_OVERNIGHT_GT_30PCT]" time="0.000" /><testcase classname="tests.test_discovery_value" name="test_missing_newest_earnings_has_no_zero_or_older_fallback" time="0.000" /><testcase classname="tests.test_discovery_value" name="test_nonannual_profit_not_compared_to_annual_profit" time="0.000" /><testcase classname="tests.test_discovery_value" name="test_original_cvm_treasury_and_capital_units[133944-2853776040-1]" time="0.002" /><testcase classname="tests.test_discovery_value" name="test_original_cvm_treasury_and_capital_units[134335-15749449000-1000]" time="0.001" /><testcase classname="tests.test_discovery_value" name="test_owner_attribution_uses_bank_layout_and_subtracts_nci" time="0.000" /><testcase classname="tests.test_discovery_value" name="test_adverse_missing_scenario_assigns_same_return_in_both_cohorts" time="0.000" /><testcase classname="tests.test_discovery_value" name="test_quarterly_execution_begins_after_signal_and_holds_three_months" time="0.001" /><testcase classname="tests.test_discovery_value_repair" name="test_remeasurement_is_separately_sealed_and_counted" time="0.000" /><testcase classname="tests.test_discovery_value_repair" name="test_review_is_tied_to_exact_original_b3_quote_lines[QUAL3]" time="0.001" /><testcase classname="tests.test_discovery_value_repair" name="test_review_is_tied_to_exact_original_b3_quote_lines[HGTX3]" time="0.001" /><testcase classname="tests.test_discovery_value_repair" name="test_review_is_tied_to_exact_original_b3_quote_lines[AMER3]" time="0.001" /><testcase classname="tests.test_discovery_value_repair" name="test_review_is_tied_to_exact_original_b3_quote_lines[PETZ3]" time="0.001" /><testcase classname="tests.test_discovery_value_repair" name="test_review_is_tied_to_exact_original_b3_quote_lines[HAPV3]" time="0.001" /><testcase classname="tests.test_discovery_value_repair" name="test_americanas_crash_and_change_to_bdi_08_are_retained" time="0.001" /><testcase classname="tests.test_discovery_value_repair" name="test_confirmed_jump_does_not_clear_other_unresolved_events" time="0.001" /><testcase classname="tests.test_discovery_value_repair" name="test_mismatched_review_cannot_clear_a_different_price_move" time="0.000" /><testcase classname="tests.test_discovery_value_repair" name="test_original_bonus_credited_once_after_explicit_legacy_source_supersession[NATU3-2019-09-18]" time="0.000" /><testcase classname="tests.test_discovery_value_repair" name="test_original_bonus_credited_once_after_explicit_legacy_source_supersession[PSSA3-2021-10-21]" time="0.000" /><testcase classname="tests.test_economics_labels.EconomicEvidenceLabels" name="test_classification_keeps_historical_minimum_comparison" time="0.001" /><testcase classname="tests.test_economics_labels.EconomicEvidenceLabels" name="test_no_forecast_value_from_historical_returns" time="0.001" /><testcase classname="tests.test_economics_labels.EconomicEvidenceLabels" name="test_summary_explicitly_historical" time="0.001" /><testcase classname="tests.test_ecosystem_plugin" name="test_ecosystem_plugin_contract_shape" time="0.000" /><testcase classname="tests.test_etf_hold.EtfBookTests" name="test_bad_ohlc_and_nonfinite_are_rejected" time="0.000" /><testcase classname="tests.test_etf_hold.EtfBookTests" name="test_calendar_attribution_and_drawdown_reconcile" time="0.000" /><testcase classname="tests.test_etf_hold.EtfBookTests" name="test_d2_calendar_after_rule_change" time="0.000" /><testcase classname="tests.test_etf_hold.EtfBookTests" name="test_decision_on_execution_day_is_rejected" time="0.000" /><testcase classname="tests.test_etf_hold.EtfBookTests" name="test_duplicate_and_unsorted_quotes_rejected" time="0.000" /><testcase classname="tests.test_etf_hold.EtfBookTests" name="test_empty_and_no_affordable_lot_rejected" time="0.000" /><testcase classname="tests.test_etf_hold.EtfBookTests" name="test_exit_close_cannot_enter_open_sale_curve" time="0.000" /><testcase classname="tests.test_etf_hold.EtfBookTests" name="test_expenses_and_forecast_stay_unknown" time="0.000" /><testcase classname="tests.test_etf_hold.EtfBookTests" name="test_future_exit_price_cannot_change_entry_quantity" time="0.001" /><testcase classname="tests.test_etf_hold.EtfBookTests" name="test_integer_lot_reserves_costs_and_separates_principal" time="0.000" /><testcase classname="tests.test_etf_hold.EtfBookTests" name="test_missing_internal_price_is_not_skipped" time="0.000" /><testcase classname="tests.test_etf_hold.EtfBookTests" name="test_money_rounding_half_up" time="0.000" /><testcase classname="tests.test_etf_hold.EtfBookTests" name="test_no_tax_on_loss_or_invented_loss_credit" time="0.000" /><testcase classname="tests.test_etf_hold.EtfBookTests" name="test_rate_and_capital_validation" time="0.000" /><testcase classname="tests.test_etf_hold.EtfBookTests" name="test_selic_percent_daily_not_annual" time="0.000" /><testcase classname="tests.test_etf_hold.EtfBookTests" name="test_tax_applies_below_20000_etf_sale" time="0.000" /><testcase classname="tests.test_etf_hold.EtfBookTests" name="test_unsettled_sale_not_available_and_d3_calendar" time="0.000" /><testcase classname="tests.test_etf_hold.EtfBookTests" name="test_worst_mode_sizes_at_adver
[...]
ed" time="1.775" /><testcase classname="tests.test_m0_genesis" name="test_stats_sharpe_sign" time="0.000" /><testcase classname="tests.test_m0_genesis" name="test_config_yaml_parseable" time="0.000" /><testcase classname="tests.test_m0_genesis" name="test_handoff_exists_with_h1" time="0.000" /><testcase classname="tests.test_monthly_etf.MonthlyETFTests" name="test_bad_inputs" time="0.002" /><testcase classname="tests.test_monthly_etf.MonthlyETFTests" name="test_declining_closes_stay_cash_and_equality_is_cash" time="0.008" /><testcase classname="tests.test_monthly_etf.MonthlyETFTests" name="test_expense_infeasible_is_explicit" time="0.005" /><testcase classname="tests.test_monthly_etf.MonthlyETFTests" name="test_manual_hold_cash_fees_tax_reserve_and_settlement" time="0.005" /><testcase classname="tests.test_monthly_etf.MonthlyETFTests" name="test_missing_quote_and_duplicate_calendar_fail" time="0.002" /><testcase classname="tests.test_monthly_etf.MonthlyETFTests" name="test_monthly_tax_loss_netting_no_retroactive_refund" time="0.000" /><testcase classname="tests.test_monthly_etf.MonthlyETFTests" name="test_multiple_transitions_reconcile_and_tampering_is_rejected" time="0.020" /><testcase classname="tests.test_monthly_etf.MonthlyETFTests" name="test_reject_lot_without_spending_or_repeated_daily_orders" time="0.005" /><testcase classname="tests.test_monthly_etf.MonthlyETFTests" name="test_rounded_fee_maximum_lot" time="0.006" /><testcase classname="tests.test_monthly_etf.MonthlyETFTests" name="test_signal_never_uses_execution_close_or_future" time="0.011" /><testcase classname="tests.test_monthly_etf.MonthlyETFTests" name="test_terminal_has_priority_and_adverse_fills" time="0.008" /><testcase classname="tests.test_monthly_etf.MonthlyETFTests" name="test_uptrend_matches_hold_and_no_monthly_rebalance" time="0.015" /><testcase classname="tests.test_net" name="test_is_transient_by_status" time="0.001" /><testcase classname="tests.test_net" name="test_is_transient_by_marker" time="0.001" /><testcase classname="tests.test_net" name="test_daily_quota_is_not_transient" time="0.000" /><testcase classname="tests.test_net" name="test_with_retry_recovers_after_transient" time="0.228" /><testcase classname="tests.test_net" name="test_with_retry_gives_up_on_non_transient" time="0.001" /><testcase classname="tests.test_obs_events" name="test_envelope_has_exactly_seven_keys" time="0.001" /><testcase classname="tests.test_obs_events" name="test_optional_keys_present_even_when_unset" time="0.001" /><testcase classname="tests.test_obs_events" name="test_appends_multiple_lines" time="0.001" /><testcase classname="tests.test_obs_events" name="test_metrics_must_be_numeric" time="0.001" /><testcase classname="tests.test_obs_events" name="test_domain_and_event_required" time="0.001" /><testcase classname="tests.test_obs_events" name="test_read_events_missing_file_is_empty" time="0.001" /><testcase classname="tests.test_operational_evidence.OperationalEvidenceTests" name="test_code_mutation_or_omission_is_detected_before_run_receipts" time="0.002" /><testcase classname="tests.test_operational_evidence.OperationalEvidenceTests" name="test_current_complete_evidence" time="0.003"><failure message="ValueError: current code population differs from operational evidence">self = &lt;tests.test_operational_evidence.OperationalEvidenceTests testMethod=test_current_complete_evidence&gt;

    def test_current_complete_evidence(self):
&gt;       self.assertEqual(evidence.verify()['real_rows'], 55986)
                         ^^^^^^^^^^^^^^^^^

tests/test_operational_evidence.py:13: 
_ _ _ _ _ _ _ _ _ _ _ _ _ _ _ _ _ _ _ _ _ _ _ _ _ _ _ _ _ _ _ _ _ _ _ _ _ _ _ _ 
tools/verify_operational_evidence.py:128: in verify
    current_hashes = _verify_current_code(root, current)
                     ^^^^^^^^^^^^^^^^^^^^^^^^^^^^^^^^^^^
_ _ _ _ _ _ _ _ _ _ _ _ _ _ _ _ _ _ _ _ _ _ _ _ _ _ _ _ _ _ _ _ _ _ _ _ _ _ _ _ 

root = PosixPath('/home/runner/work/_temp/cleanroom/stocks-predictor/tree')
record = {'schema_version': 'current-operational-evidence/1', 'status': 'LOCAL_VALIDATED_CI_PENDING', 'generated_at': '2026-09-23T04:54:19.000000Z', 'code_text_hash_policy': 'UTF-8 file bytes with CRLF normalized to LF', ...}

    def _verify_current_code(root: Path, record: dict) -&gt; dict[str, str]:
        hashes = _hashes(record)
        if set(hashes) != code_paths(root):
&gt;           raise ValueError("current code population differs from operational evidence")
E           ValueError: current code population differs from operational evidence

tools/verify_operational_evidence.py:57: ValueError</failure></testcase><testcase classname="tests.test_operational_store.OperationalTests" name="test_backup_timeout_is_incomplete_and_source_is_intact" time="0.039" /><testcase classname="tests.test_operational_store.OperationalTests" name="test_cli_json_errors_and_personal_and_temporal_controls" time="0.026" /><testcase classname="tests.test_operational_store.OperationalTests" name="test_concurrent_process_replays_serialize_without_duplicates" time="0.181" /><testcase classname="tests.test_operational_store.OperationalTests" name="test_corrupt_backup_and_incomplete_artifacts_are_refused" time="0.045" /><testcase classname="tests.test_operational_store.OperationalTests" name="test_crashed_writer_rolls_back_and_reader_and_backup_see_committed_snapshot" time="0.294" /><testcase classname="tests.test_operational_store.OperationalTests" name="test_hash_is_checked_on_snapshot_and_malformed_tail_rolls_back" time="0.043" /><testcase classname="tests.test_operational_store.OperationalTests" name="test_legacy_refuses_managed_store_before_migration" time="0.014" /><testcase classname="tests.test_operational_store.OperationalTests" name="test_snapshot_manifest_write_failure_never_publishes_ready_backup" time="0.018" /><testcase classname="tests.test_operational_store.OperationalTests" name="test_snapshot_restores_committed_wal_and_rejects_reuse" time="0.113" /><testcase classname="tests.test_operational_store.OperationalTests" name="test_version_isolation_replay_and_append_only" time="0.087" /><testcase classname="tests.test_operational_store.OperationalTests" name="test_wrong_schema_missing_file_orphan_and_bad_timeout_fail_closed" time="0.034" /><testcase classname="tests.test_profit_validation" name="test_independent_book_chain_and_cash_are_conserved" time="0.000" /><testcase classname="tests.test_profit_validation" name="test_ex_entry_does_not_receive_cash_or_duplicate_split" time="0.000" /><testcase classname="tests.test_profit_validation" name="test_split_at_exit_is_included" time="0.000" /><testcase classname="tests.test_profit_validation" name="test_missing_entry_requires_documented_cessation" time="0.000" /><testcase classname="tests.test_profit_validation" name="test_compounding_does_not_replace_geometric_loss_with_arithmetic_mean" time="0.000" /><testcase classname="tests.test_profit_validation" name="test_retained_original_spinoff_not_double_counted" time="0.000" /><testcase classname="tests.test_project_files.ProjectFilesTests" name="test_directories_must_have_tracked_children" time="0.000" /><testcase classname="tests.test_project_files.ProjectFilesTests" name="test_fenced_examples_and_inline_code_are_not_links" time="0.001" /><testcase classname="tests.test_project_files.ProjectFilesTests" name="test_live_repository_contract" time="0.004"><failure message="ValueError: tracked file absent from checkout: stocks_predictor/backtest.py">self = &lt;tests.test_project_files.ProjectFilesTests testMethod=test_live_repository_contract&gt;

    def test_live_repository_contract(self):
&gt;       self.assertEqual(verify()['unresolved_current_links'], 0)
                         ^^^^^^^^

tests/test_project_files.py:9: 
_ _ _ _ _ _ _ _ _ _ _ _ _ _ _ _ _ _ _ _ _ _ _ _ _ _ _ _ _ _ _ _ _ _ _ _ _ _ _ _ 

root = PosixPath('/home/runner/work/_temp/cleanroom/stocks-predictor/tree')
write_index = False

    def verify(root=ROOT, write_index=False):
        files = tracked(root)
        missing = REQUIRED - files
        if missing:
            raise ValueError('required tracked files missing: ' + ', '.join(sorted(missing)))
        if {'requirements.txt', 'pytest.ini'} &amp; files:
            raise ValueError('obsolete duplicate configuration restored; pyproject.toml and uv.lock are canonical')
        for name in files:
            if not (root / name).is_file():
&gt;               raise ValueError('tracked file absent from checkout: ' + name)
E               ValueError: tracked file absent from checkout: stocks_predictor/backtest.py

tools/check_project_files.py:117: ValueError</failure></testcase><testcase classname="tests.test_project_files.ProjectFilesTests" name="test_missing_and_case_mismatch_fail_even_on_windows" time="0.000" /><testcase classname="tests.test_project_files.ProjectFilesTests" name="test_reference_definitions_and_missing_references" time="0.000" /><testcase classname="tests.test_project_files.ProjectFilesTests" name="test_relative_paths_images_spaces_and_external_files" time="0.001" /><testcase classname="tests.test_replay" name="test_replay_feeds_growing_past_once_per_step" time="0.000" /><testcase classname="tests.test_replay" name="test_replay_collects_nonnull_decisions_as_ledger" time="0.000" /><testcase classname="tests.test_replay" name="test_pastview_allows_past_and_present" time="0.000" /><testcase classname="tests.test_replay" name="test_pastview_blocks_future_index" time="0.000" /><testcase classname="tests.test_replay" name="test_pastview_slice_clamps_no_leak" time="0.000" /><testcase classname="tests.test_replay" name="test_replay_handler_cannot_peek_future" time="0.000" /><testcase classname="tests.test_research_controls.ResearchControls" name="test_costs_can_make_small_capital_infeasible" time="0.000" /><testcase classname="tests.test_research_controls.ResearchControls" name="test_delta_materializes_exact_bytes_and_refuses_reuse_or_changed_parent" time="0.003" /><testcase classname="tests.test_research_controls.ResearchControls" name="test_manifest_paths_cannot_escape_or_use_windows_aliases" time="0.001" /><testcase classname="tests.test_research_controls.ResearchControls" name="test_nonfinite_negative_and_boolean_horizon_rejected" time="0.001" /><testcase classname="tests.test_research_controls.ResearchControls" name="test_project_time_cost_is_not_silently_free_or_a_broker_cash_charge" time="0.000" /><testcase classname="tests.test_research_controls.ResearchControls" name="test_unknown_costs_stay_unknown_and_do_not_validate_profit" time="0.000" /><testcase classname="tests.test_secrets_telemetry" name="test_guard_catches_planted_secret" time="0.000" /><testcase classname="tests.test_secrets_telemetry" name="test_guard_passes_clean_text" time="0.000" /><testcase classname="tests.test_secrets_telemetry" name="test_real_telemetry_has_no_secrets" time="0.000" /><testcase classname="tests.test_source_closure" name="test_actual_installments_preserve_parents_and_never_pay_aggregate_twice" time="0.005" /><testcase classname="tests.test_source_closure" name="test_cpfl_image_table_and_br_distribuidora_principal_have_distinct_payment_schedules" time="0.004" /><testcase classname="tests.test_source_closure" name="test_jcp_does_not_inherit_dividend_date_or_unverified_net" time="0.004" /><testcase classname="tests.test_source_closure" name="test_installment_cross_entitlement_join_rejected[ticker-WRONG3]" time="0.003" /><testcase classname="tests.test_source_closure" name="test_installment_cross_entitlement_join_rejected[isin-BRWRONG00000]" time="0.003" /><testcase classname="tests.test_source_closure" name="test_installment_cross_entitlement_join_rejected[action-DIVIDENDO]" time="0.003" /><testcase classname="tests.test_source_closure" name="test_installment_cross_entitlement_join_rejected[ex_date-2020-01-07]" time="0.003" /><testcase classname="tests.test_source_closure" name="test_unsafe_installment_materialization_rejected[duplicate_date]" time="0.003" /><testcase classname="tests.test_source_closure" name="test_unsafe_installment_materialization_rejected[duplicate_parent]" time="0.004" /><testcase classname="tests.test_source_closure" name="test_unsafe_installment_materialization_rejected[missing_source]" time="0.003" /><testcase classname="tests.test_source_closure" name="test_unsafe_installment_materialization_rejected[future_knowledge]" time="0.003" /><testcase classname="tests.test_source_closure" name="test_unsafe_installment_materialization_rejected[wrong_sum]" time="0.003" /><testcase classname="tests.test_source_closure" name="test_unsafe_installment_materialization_rejected[unreviewed_rounding]" time="0.003" /><testcase classname="tests.test_source_closure" name="test_unsafe_installment_materialization_rejected[wrong_rounding]" time="0.003" /><testcase classname="tests.test_source_closure" name="test_unsafe_installment_materialization_rejected[net_without_tax]" time="0.003" /><testcase classname="tests.test_source_closure" name="test_approved_integer_splits_conserve_cost_basis_on_odd_holdings[TOTS3]" time="0.000" /><testcase classname="tests.test_source_closure" name="test_approved_integer_splits_conserve_cost_basis_on_odd_holdings[RADL3]" time="0.000" /><testcase classname="tests.test_source_closure" name="test_approved_integer_splits_conserve_cost_basis_on_odd_holdings[HAPV3]" time="0.000" /><testcase classname="tests.test_source_closure" name="test_approved_integer_splits_conserve_cost_basis_on_odd_holdings[CSMG3]" time="0.000" /><testcase classname="tests.test_source_closure" name="test_approved_integer_splits_conserve_cost_basis_on_odd_holdings[ENEV3]" time="0.000" /><testcase classname="tests.test_source_closure" name="test_approved_integer_splits_conserve_cost_basis_on_odd_holdings[CSAN3]" time="0.000" /><testcase classname="tests.test_source_closure" name="test_approved_integer_splits_conserve_cost_basis_on_odd_holdings[PRIO3]" time="0.000" /><testcase classname="tests.test_source_closure" name="test_approved_integer_splits_conserve_cost_basis_on_odd_holdings[MGLU3]" time="0.000" /><testcase classname="tests.test_source_closure" name="test_b3_credit_pdf_section_and_identity_golden" time="0.002" /><testcase classname="tests.test_source_closure" name="test_b3_wrong_report_date_and_duplicate_pages_never_certify_income" time="0.001" /><testcase classname="tests.test_source_closure" name="test_hashed_local_reconstruction_is_not_counted_as_primary_evidence" time="0.000" /><testcase classname="tests.test_source_closure" name="test_published_credit_with_missing_approval_is_preserved_outside_joinable_rows" time="0.002" /><testcase classname="tests.test_source_closure" name="test_real_hypera_repeated_raw_rows_map_to_one_payment_without_mutating_sources" time="0.003" /><testcase classname="tests.test_source_closure" name="test_identical_iguatemi_installment_records_are_not_automatically_deduplicated" time="0.002" /><testcase classname="tests.test_source_closure" name="test_unproven_or_conflicting_duplicate_reviews_are_rejected[unreviewed]" time="0.002" /><testcase classname="tests.test_source_closure" name="test_unproven_or_conflicting_duplicate_reviews_are_rejected[missing_issuer]" time="0.002" /><testcase classname="tests.test_source_closure" name="test_unproven_or_conflicting_duplicate_reviews_are_rejected[two_distributions]" time="0.002" /><testcase classname="tests.test_source_closure" name="test_unproven_or_conflicting_duplicate_reviews_are_rejected[same_raw_row]" time="0.002" /><testcase classname="tests.test_source_closure" name="test_unproven_or_conflicting_duplicate_reviews_are_rejected[changed_raw_row]" time="0.002" /><testcase classname="tests.test_source_closure" name="test_unproven_or_conflicting_duplicate_reviews_are_rejected[wrong_approval]" time="0.003" /><testcase classname="tests.test_source_closure" name="test_unproven_or_conflicting_duplicate_reviews_are_rejected[wrong_cum]" time="0.003" /><testcase classname="tests.test_source_closure" name="test_unproven_or_conflicting_duplicate_reviews_are_rejected[wrong_isin]" time="0.003" /><testcase classname="tests.test_source_closure" name="test_unproven_or_conflicting_duplicate_reviews_are_rejected[wrong_gross]" time="0.003" /><testcase classname="tests.test_source_closure" name="test_unproven_or_conflicting_duplicate_reviews_are_rejected[wrong_ex]" time="0.003" /><testcase classname="tests.test_source_closure" name="test_unproven_or_conflicting_duplicate_reviews_are_rejected[overlapping]" time="0.003" /><testcase classname="tests.test_source_closure" name="test_unproven_or_conflicting_duplicate_reviews_are_rejected[conflicting_payment]" time="0.003" /><testcase classname="tests.test_source_closure" name="test_unproven_or_conflicting_duplicate_reviews_are_rejected[missing_raw_id]" time="0.002" /><testcase classname="tests.test_source_closure" name="test_unproven_or_conflicting_duplicate_reviews_are_rejected[invented_duplicate]" time="0.002" /><testcase classname="tests.test_source_closure" name="test_unproven_or_conflicting_duplicate_reviews_are_rejected[installment_parent]" time="0.003" /><testcase classname="tests.test_source_closure" name="test_unproven_or_conflicting_duplicate_reviews_are_rejected[unbound_issuer]" time="0.002" /><testcase classname="tests.test_source_closure" name="test_unproven_or_conflicting_duplicate_reviews_are_rejected[negative_raw_row]" time="0.002" /><testcase classname="tests.test_source_closure" name="test_real_cvm_blank_subjects_initial_approval_and_all_revisions_are_kept" time="0.001" /><testcase classname="tests.test_source_closure" name="test_cvm_window_excludes_future_filings_but_preserves_prior_versions" time="0.000" /><testcase classname="tests.test_stats_pedagio" name="test_psr_bounded_0_1" time="0.000" /><testcase classname="tests.test_stats_pedagio" name="test_psr_too_few_points_is_nan" time="0.000" /><testcase classname="tests.test_stats_pedagio" name="test_psr_strong_positive_beats_zero_null" time="0.001" /><testcase classname="tests.test_stats_pedagio" name="test_psr_monotonic_in_benchmark" time="0.001" /><testcase classname="tests.test_stats_pedagio" name="test_psr_more_data_raises_confidence" time="0.001" /><testcase classname="tests.test_stats_pedagio" name="test_psr_penalizes_fat_left_tail" time="0.001" /><testcase classname="tests.test_stats_pedagio" name="test_paired_bootstrap_runs_with_tuples" time="0.440" /><testcase classname="tests.test_stats_pedagio" name="test_paired_bootstrap_reproducible" time="0.585" /><testcase classname="tests.test_stats_pedagio" name="test_paired_resampling_preserves_cross_correlation" time="1.029" /><testcase classname="tests.test_versioned_sources.VersionedSources" name="test_caller_transaction_is_not_committed" time="0.002" /><testcase classname="tests.test_versioned_sources.VersionedSources" name="test_changed_excluded_content_conflicts_but_new_version_keeps_prior" time="0.002" /><testcase classname="tests.test_versioned_sources.VersionedSources" name="test_failed_outer_commit_releases_writer" time="0.003" /><testcase classname="tests.test_versioned_sources.VersionedSources" name="test_malformed_failure_preserves_callers_prior_write" time="0.001" /><testcase classname="tests.test_versioned_sources.VersionedSources" name="test_malformed_line_after_committed_batches_rolls_back_catalog_and_prices" time="0.020" /><testcase classname="tests.test_versioned_sources.VersionedSources" name="test_renamed_identical_source_replays_and_preserves_first_observation" time="0.002" /><testcase classname="tests.test_versioned_sources.TemporalEvidence" name="test_future_same_instant_and_duplicate_evidence_rejected" time="0.001" /><testcase classname="tests.test_versioned_sources.TemporalEvidence" name="test_invalid_chronology_naive_timestamp_and_nonfinite_rejected" time="0.001" /><testcase classname="tests.test_versioned_sources.TemporalEvidence" name="test_offset_normalization_and_eligible_arithmetic" time="0.001" /></testsuite></testsuites>