<?xml version="1.0" encoding="utf-8"?><testsuites name="pytest tests"><testsuite name="pytest" errors="46" failures="80" skipped="0" tests="442" time="48.923" timestamp="2026-09-23T06:30:32.032874+00:00" hostname="runnervmlun5p"><testcase classname="" name="tests.evaluation.test_packaged_resources" time="0.000"><error message="collection failure">ImportError while importing test module '/home/runner/work/_temp/cleanroom/cain/tree/tests/evaluation/test_packaged_resources.py'.
Hint: make sure your test modules/packages have valid Python names.
Traceback:
../../../tools/python/cpython-3.13.15-linux-x86_64-gnu/lib/python3.13/importlib/__init__.py:88: in import_module
    return _bootstrap._gcd_import(name[level:], package, level)
           ^^^^^^^^^^^^^^^^^^^^^^^^^^^^^^^^^^^^^^^^^^^^^^^^^^^^
tests/evaluation/test_packaged_resources.py:7: in &lt;module&gt;
    from cain.evaluation.resources import data_root, installed_identity
E   ModuleNotFoundError: No module named 'cain.evaluation.resources'</error></testcase><testcase classname="" name="tests.evaluation.test_v2" time="0.000"><error message="collection failure">ImportError while importing test module '/home/runner/work/_temp/cleanroom/cain/tree/tests/evaluation/test_v2.py'.
Hint: make sure your test modules/packages have valid Python names.
Traceback:
../../../tools/python/cpython-3.13.15-linux-x86_64-gnu/lib/python3.13/importlib/__init__.py:88: in import_module
    return _bootstrap._gcd_import(name[level:], package, level)
           ^^^^^^^^^^^^^^^^^^^^^^^^^^^^^^^^^^^^^^^^^^^^^^^^^^^^
tests/evaluation/test_v2.py:6: in &lt;module&gt;
    from cain.evaluation.v2 import evaluate, validate_design, isolation, prepare, origin
E   ModuleNotFoundError: No module named 'cain.evaluation.v2'</error></testcase><testcase classname="" name="tests.integration.test_agent_capabilities" time="0.000"><error message="collection failure">ImportError while importing test module '/home/runner/work/_temp/cleanroom/cain/tree/tests/integration/test_agent_capabilities.py'.
Hint: make sure your test modules/packages have valid Python names.
Traceback:
../../../tools/python/cpython-3.13.15-linux-x86_64-gnu/lib/python3.13/importlib/__init__.py:88: in import_module
    return _bootstrap._gcd_import(name[level:], package, level)
           ^^^^^^^^^^^^^^^^^^^^^^^^^^^^^^^^^^^^^^^^^^^^^^^^^^^^
tests/integration/test_agent_capabilities.py:17: in &lt;module&gt;
    from cain.mcp import Server
E   ModuleNotFoundError: No module named 'cain.mcp'</error></testcase><testcase classname="" name="tests.integration.test_architecture_permissions" time="0.000"><error message="collection failure">ImportError while importing test module '/home/runner/work/_temp/cleanroom/cain/tree/tests/integration/test_architecture_permissions.py'.
Hint: make sure your test modules/packages have valid Python names.
Traceback:
../../../tools/python/cpython-3.13.15-linux-x86_64-gnu/lib/python3.13/importlib/__init__.py:88: in import_module
    return _bootstrap._gcd_import(name[level:], package, level)
           ^^^^^^^^^^^^^^^^^^^^^^^^^^^^^^^^^^^^^^^^^^^^^^^^^^^^
tests/integration/test_architecture_permissions.py:6: in &lt;module&gt;
    import test_research_l0 as cases
tests/integration/test_research_l0.py:16: in &lt;module&gt;
    from cain.research.historian import _source_contexts, explain
E   ImportError: cannot import name '_source_contexts' from 'cain.research.historian' (/home/runner/work/_temp/cleanroom/cain/venv-published/lib/python3.13/site-packages/cain/research/historian.py)</error></testcase><testcase classname="" name="tests.integration.test_br_audit_instructions" time="0.000"><error message="collection failure">ImportError while importing test module '/home/runner/work/_temp/cleanroom/cain/tree/tests/integration/test_br_audit_instructions.py'.
Hint: make sure your test modules/packages have valid Python names.
Traceback:
../../../tools/python/cpython-3.13.15-linux-x86_64-gnu/lib/python3.13/importlib/__init__.py:88: in import_module
    return _bootstrap._gcd_import(name[level:], package, level)
           ^^^^^^^^^^^^^^^^^^^^^^^^^^^^^^^^^^^^^^^^^^^^^^^^^^^^
tests/integration/test_br_audit_instructions.py:3: in &lt;module&gt;
    from cain.research.analysis import review
E   ModuleNotFoundError: No module named 'cain.research.analysis'</error></testcase><testcase classname="" name="tests.integration.test_compound_decision_lookup" time="0.000"><error message="collection failure">ImportError while importing test module '/home/runner/work/_temp/cleanroom/cain/tree/tests/integration/test_compound_decision_lookup.py'.
Hint: make sure your test modules/packages have valid Python names.
Traceback:
../../../tools/python/cpython-3.13.15-linux-x86_64-gnu/lib/python3.13/importlib/__init__.py:88: in import_module
    return _bootstrap._gcd_import(name[level:], package, level)
           ^^^^^^^^^^^^^^^^^^^^^^^^^^^^^^^^^^^^^^^^^^^^^^^^^^^^
tests/integration/test_compound_decision_lookup.py:6: in &lt;module&gt;
    from cain.research.field_review import requested_fields
E   ModuleNotFoundError: No module named 'cain.research.field_review'</error></testcase><testcase classname="" name="tests.integration.test_evidence_selection" time="0.000"><error message="collection failure">ImportError while importing test module '/home/runner/work/_temp/cleanroom/cain/tree/tests/integration/test_evidence_selection.py'.
Hint: make sure your test modules/packages have valid Python names.
Traceback:
../../../tools/python/cpython-3.13.15-linux-x86_64-gnu/lib/python3.13/importlib/__init__.py:88: in import_module
    return _bootstrap._gcd_import(name[level:], package, level)
           ^^^^^^^^^^^^^^^^^^^^^^^^^^^^^^^^^^^^^^^^^^^^^^^^^^^^
tests/integration/test_evidence_selection.py:5: in &lt;module&gt;
    from cain.research.analysis import review
E   ModuleNotFoundError: No module named 'cain.research.analysis'</error></testcase><testcase classname="" name="tests.integration.test_generation_language_preference" time="0.000"><error message="collection failure">ImportError while importing test module '/home/runner/work/_temp/cleanroom/cain/tree/tests/integration/test_generation_language_preference.py'.
Hint: make sure your test modules/packages have valid Python names.
Traceback:
../../../tools/python/cpython-3.13.15-linux-x86_64-gnu/lib/python3.13/importlib/__init__.py:88: in import_module
    return _bootstrap._gcd_import(name[level:], package, level)
           ^^^^^^^^^^^^^^^^^^^^^^^^^^^^^^^^^^^^^^^^^^^^^^^^^^^^
tests/integration/test_generation_language_preference.py:4: in &lt;module&gt;
    from cain.agents import CodeAgent, ConversationAgent, SummaryAgent, _generation_prompt
E   ImportError: cannot import name 'ConversationAgent' from 'cain.agents' (/home/runner/work/_temp/cleanroom/cain/venv-published/lib/python3.13/site-packages/cain/agents/__init__.py)</error></testcase><testcase classname="" name="tests.integration.test_grounded_analysis" time="0.000"><error message="collection failure">ImportError while importing test module '/home/runner/work/_temp/cleanroom/cain/tree/tests/integration/test_grounded_analysis.py'.
Hint: make sure your test modules/packages have valid Python names.
Traceback:
../../../tools/python/cpython-3.13.15-linux-x86_64-gnu/lib/python3.13/importlib/__init__.py:88: in import_module
    return _bootstrap._gcd_import(name[level:], package, level)
           ^^^^^^^^^^^^^^^^^^^^^^^^^^^^^^^^^^^^^^^^^^^^^^^^^^^^
tests/integration/test_grounded_analysis.py:6: in &lt;module&gt;
    from cain.research.analysis import entities, review
E   ModuleNotFoundError: No module named 'cain.research.analysis'</error></testcase><testcase classname="" name="tests.integration.test_grounded_response_review" time="0.000"><error message="collection failure">ImportError while importing test module '/home/runner/work/_temp/cleanroom/cain/tree/tests/integration/test_grounded_response_review.py'.
Hint: make sure your test modules/packages have valid Python names.
Traceback:
../../../tools/python/cpython-3.13.15-linux-x86_64-gnu/lib/python3.13/importlib/__init__.py:88: in import_module
    return _bootstrap._gcd_import(name[level:], package, level)
           ^^^^^^^^^^^^^^^^^^^^^^^^^^^^^^^^^^^^^^^^^^^^^^^^^^^^
tests/integration/test_grounded_response_review.py:6: in &lt;module&gt;
    from cain.research.approved_memory import apply_approved, recover_approved
E   ModuleNotFoundError: No module named 'cain.research.approved_memory'</error></testcase><testcase classname="" name="tests.integration.test_historian_quote_choices" time="0.000"><error message="collection failure">ImportError while importing test module '/home/runner/work/_temp/cleanroom/cain/tree/tests/integration/test_historian_quote_choices.py'.
Hint: make sure your test modules/packages have valid Python names.
Traceback:
../../../tools/python/cpython-3.13.15-linux-x86_64-gnu/lib/python3.13/importlib/__init__.py:88: in import_module
    return _bootstrap._gcd_import(name[level:], package, level)
           ^^^^^^^^^^^^^^^^^^^^^^^^^^^^^^^^^^^^^^^^^^^^^^^^^^^^
tests/integration/test_historian_quote_choices.py:7: in &lt;module&gt;
    from test_research_l0 import publication, setup as research_setup
tests/integration/test_research_l0.py:16: in &lt;module&gt;
    from cain.research.historian import _source_contexts, explain
E   ImportError: cannot import name '_source_contexts' from 'cain.research.historian' (/home/runner/work/_temp/cleanroom/cain/venv-published/lib/python3.13/site-packages/cain/research/historian.py)</error></testcase><testcase classname="" name="tests.integration.test_historian_quote_serialization" time="0.000"><error message="collection failure">ImportError while importing test module '/home/runner/work/_temp/cleanroom/cain/tree/tests/integration/test_historian_quote_serialization.py'.
Hint: make sure your test modules/packages have valid Python names.
Traceback:
../../../tools/python/cpython-3.13.15-linux-x86_64-gnu/lib/python3.13/importlib/__init__.py:88: in import_module
    return _bootstrap._gcd_import(name[level:], package, level)
           ^^^^^^^^^^^^^^^^^^^^^^^^^^^^^^^^^^^^^^^^^^^^^^^^^^^^
tests/integration/test_historian_quote_serialization.py:7: in &lt;module&gt;
    from test_research_l0 import publication, setup as research_setup
tests/integration/test_research_l0.py:16: in &lt;module&gt;
    from cain.research.historian import _source_contexts, explain
E   ImportError: cannot import name '_source_contexts' from 'cain.research.historian' (/home/runner/work/_temp/cleanroom/cain/venv-published/lib/python3.13/site-packages/cain/research/historian.py)</error></testcase><testcase classname="" name="tests.integration.test_independent_review" time="0.000"><error message="collection failure">ImportError while importing test module '/home/runner/work/_temp/cleanroom/cain/tree/tests/integration/test_independent_review.py'.
Hint: make sure your test modules/packages have valid Python names.
Traceback:
../../../tools/python/cpython-3.13.15-linux-x86_64-gnu/lib/python3.13/importlib/__init__.py:88: in import_module
    return _bootstrap._gcd_import(name[level:], package, level)
           ^^^^^^^^^^^^^^^^^^^^^^^^^^^^^^^^^^^^^^^^^^^^^^^^^^^^
tests/integration/test_independent_review.py:7: in &lt;module&gt;
    from cain.research.grounding import cards, structured
E   ModuleNotFoundError: No module named 'cain.research.grounding'</error></testcase><testcase classname="" name="tests.integration.test_literal_claim_tables" time="0.000"><error message="collection failure">ImportError while importing test module '/home/runner/work/_temp/cleanroom/cain/tree/tests/integration/test_literal_claim_tables.py'.
Hint: make sure your test modules/packages have valid Python names.
Traceback:
../../../tools/python/cpython-3.13.15-linux-x86_64-gnu/lib/python3.13/importlib/__init__.py:88: in import_module
    return _bootstrap._gcd_import(name[level:], package, level)
           ^^^^^^^^^^^^^^^^^^^^^^^^^^^^^^^^^^^^^^^^^^^^^^^^^^^^
tests/integration/test_literal_claim_tables.py:3: in &lt;module&gt;
    from cain.research.analysis import review
E   ModuleNotFoundError: No module named 'cain.research.analysis'</error></testcase><testcase classname="" name="tests.integration.test_mandate_completion" time="0.000"><error message="collection failure">ImportError while importing test module '/home/runner/work/_temp/cleanroom/cain/tree/tests/integration/test_mandate_completion.py'.
Hint: make sure your test modules/packages have valid Python names.
Traceback:
../../../tools/python/cpython-3.13.15-linux-x86_64-gnu/lib/python3.13/importlib/__init__.py:88: in import_module
    return _bootstrap._gcd_import(name[level:], package, level)
           ^^^^^^^^^^^^^^^^^^^^^^^^^^^^^^^^^^^^^^^^^^^^^^^^^^^^
tests/integration/test_mandate_completion.py:5: in &lt;module&gt;
    import test_research_l0 as cases
tests/integration/test_research_l0.py:16: in &lt;module&gt;
    from cain.research.historian import _source_contexts, explain
E   ImportError: cannot import name '_source_contexts' from 'cain.research.historian' (/home/runner/work/_temp/cleanroom/cain/venv-published/lib/python3.13/site-packages/cain/research/historian.py)</error></testcase><testcase classname="" name="tests.integration.test_nested_research_identity" time="0.000"><error message="collection failure">ImportError while importing test module '/home/runner/work/_temp/cleanroom/cain/tree/tests/integration/test_nested_research_identity.py'.
Hint: make sure your test modules/packages have valid Python names.
Traceback:
../../../tools/python/cpython-3.13.15-linux-x86_64-gnu/lib/python3.13/importlib/__init__.py:88: in import_module
    return _bootstrap._gcd_import(name[level:], package, level)
           ^^^^^^^^^^^^^^^^^^^^^^^^^^^^^^^^^^^^^^^^^^^^^^^^^^^^
tests/integration/test_nested_research_identity.py:2: in &lt;module&gt;
    from cain.research.grounding import cards, structured, matches_identity
E   ModuleNotFoundError: No module named 'cain.research.grounding'</error></testcase><testcase classname="" name="tests.integration.test_research_completion" time="0.000"><error message="collection failure">ImportError while importing test module '/home/runner/work/_temp/cleanroom/cain/tree/tests/integration/test_research_completion.py'.
Hint: make sure your test modules/packages have valid Python names.
Traceback:
../../../tools/python/cpython-3.13.15-linux-x86_64-gnu/lib/python3.13/importlib/__init__.py:88: in import_module
    return _bootstrap._gcd_import(name[level:], package, level)
           ^^^^^^^^^^^^^^^^^^^^^^^^^^^^^^^^^^^^^^^^^^^^^^^^^^^^
tests/integration/test_research_completion.py:11: in &lt;module&gt;
    import test_research_l0 as cases
tests/integration/test_research_l0.py:16: in &lt;module&gt;
    from cain.research.historian import _source_contexts, explain
E   ImportError: cannot import name '_source_contexts' from 'cain.research.historian' (/home/runner/work/_temp/cleanroom/cain/venv-published/lib/python3.13/site-packages/cain/research/historian.py)</error></testcase><testcase classname="" name="tests.integration.test_research_conversation_campaign" time="0.000"><error message="collection failure">ImportError while importing test module '/home/runner/work/_temp/cleanroom/cain/tree/tests/integration/test_research_conversation_campaign.py'.
Hint: make sure your test modules/packages have valid Python names.
Traceback:
../../../tools/python/cpython-3.13.15-linux-x86_64-gnu/lib/python3.13/importlib/__init__.py:88: in import_module
    return _bootstrap._gcd_import(name[level:], package, level)
           ^^^^^^^^^^^^^^^^^^^^^^^^^^^^^^^^^^^^^^^^^^^^^^^^^^^^
tests/integration/test_research_conversation_campaign.py:6: in &lt;module&gt;
    from cain.research.grounding import cards
E   ModuleNotFoundError: No module named 'cain.research.grounding'</error></testcase><testcase classname="" name="tests.integration.test_research_failures" time="0.000"><error message="collection failure">ImportError while importing test module '/home/runner/work/_temp/cleanroom/cain/tree/tests/integration/test_research_failures.py'.
Hint: make sure your test modules/packages have valid Python names.
Traceback:
../../../tools/python/cpython-3.13.15-linux-x86_64-gnu/lib/python3.13/importlib/__init__.py:88: in import_module
    return _bootstrap._gcd_import(name[level:], package, level)
           ^^^^^^^^^^^^^^^^^^^^^^^^^^^^^^^^^^^^^^^^^^^^^^^^^^^^
tests/integration/test_research_failures.py:14: in &lt;module&gt;
    import test_research_l0 as cases
tests/integration/test_research_l0.py:16: in &lt;module&gt;
    from cain.research.historian import _source_contexts, explain
E   ImportError: cannot import name '_source_contexts' from 'cain.research.historian' (/home/runner/work/_temp/cleanroom/cain/venv-published/lib/python3.13/site-packages/cain/research/historian.py)</error></testcase><testcase classname="" name="tests.integration.test_research_inspection" time="0.000"><error message="collection failure">ImportError while importing test module '/home/runner/work/_temp/cleanroom/cain/tree/tests/integration/test_research_inspection.py'.
Hint: make sure your test modules/packages have valid Python names.
Traceback:
../../../tools/python/cpython-3.13.15-linux-x86_64-gnu/lib/python3.13/importlib/__init__.py:88: in import_module
    return _bootstrap._gcd_import(name[level:], package, level)
           ^^^^^^^^^^^^^^^^^^^^^^^^^^^^^^^^^^^^^^^^^^^^^^^^^^^^
tests/integration/test_research_inspection.py:11: in &lt;module&gt;
    from cain.research.inspection import inspect
E   ModuleNotFoundError: No module named 'cain.research.inspection'</error></testcase><testcase classname="" name="tests.integration.test_research_l0" time="0.000"><error message="collection failure">ImportError while importing test module '/home/runner/work/_temp/cleanroom/cain/tree/tests/integration/test_research_l0.py'.
Hint: make sure your test modules/packages have valid Python names.
Traceback:
../../../tools/python/cpython-3.13.15-linux-x86_64-gnu/lib/python3.13/importlib/__init__.py:88: in import_module
    return _bootstrap._gcd_import(name[level:], package, level)
           ^^^^^^^^^^^^^^^^^^^^^^^^^^^^^^^^^^^^^^^^^^^^^^^^^^^^
tests/integration/test_research_l0.py:16: in &lt;module&gt;
    from cain.research.historian import _source_contexts, explain
E   ImportError: cannot import name '_source_contexts' from 'cain.research.historian' (/home/runner/work/_temp/cleanroom/cain/venv-published/lib/python3.13/site-packages/cain/research/historian.py)</error></testcase><testcase classname="" name="tests.integration.test_research_roots" time="0.000"><error message="collection failure">ImportError while importing test module '/home/runner/work/_temp/cleanroom/cain/tree/tests/integration/test_research_roots.py'.
Hint: make sure your test modules/packages have valid Python names.
Traceback:
../../../tools/python/cpython-3.13.15-linux-x86_64-gnu/lib/python3.13/importlib/__init__.py:88: in import_module
    return _bootstrap._gcd_import(name[level:], package, level)
           ^^^^^^^^^^^^^^^^^^^^^^^^^^^^^^^^^^^^^^^^^^^^^^^^^^^^
tests/integration/test_research_roots.py:7: in &lt;module&gt;
    from test_research_l0 import publication
tests/integration/test_research_l0.py:16: in &lt;module&gt;
    from cain.research.historian import _source_contexts, explain
E   ImportError: cannot import name '_source_contexts' from 'cain.research.historian' (/home/runner/work/_temp/cleanroom/cain/venv-published/lib/python3.13/site-packages/cain/research/historian.py)</error></testcase><testcase classname="" name="tests.integration.test_review_provider_budget" time="0.000"><error message="collection failure">ImportError while importing test module '/home/runner/work/_temp/cleanroom/cain/tree/tests/integration/test_review_provider_budget.py'.
Hint: make sure your test modules/packages have valid Python names.
Traceback:
../../../tools/python/cpython-3.13.15-linux-x86_64-gnu/lib/python3.13/importlib/__init__.py:88: in import_module
    return _bootstrap._gcd_import(name[level:], package, level)
           ^^^^^^^^^^^^^^^^^^^^^^^^^^^^^^^^^^^^^^^^^^^^^^^^^^^^
tests/integration/test_review_provider_budget.py:3: in &lt;module&gt;
    from cain.research.analysis import review
E   ModuleNotFoundError: No module named 'cain.research.analysis'</error></testcase><testcase classname="" name="tests.integration.test_selection_procedure" time="0.000"><error message="collection failure">ImportError while importing test module '/home/runner/work/_temp/cleanroom/cain/tree/tests/integration/test_selection_procedure.py'.
Hint: make sure your test modules/packages have valid Python names.
Traceback:
../../../tools/python/cpython-3.13.15-linux-x86_64-gnu/lib/python3.13/importlib/__init__.py:88: in import_module
    return _bootstrap._gcd_import(name[level:], package, level)
           ^^^^^^^^^^^^^^^^^^^^^^^^^^^^^^^^^^^^^^^^^^^^^^^^^^^^
tests/integration/test_selection_procedure.py:9: in &lt;module&gt;
    import test_research_l0 as cases
tests/integration/test_research_l0.py:16: in &lt;module&gt;
    from cain.research.historian import _source_contexts, explain
E   ImportError: cannot import name '_source_contexts' from 'cain.research.historian' (/home/runner/work/_temp/cleanroom/cain/venv-published/lib/python3.13/site-packages/cain/research/historian.py)</error></testcase><testcase classname="" name="tests.integration.test_system_expansion" time="0.000"><error message="collection failure">ImportError while importing test module '/home/runner/work/_temp/cleanroom/cain/tree/tests/integration/test_system_expansion.py'.
Hint: make sure your test modules/packages have valid Python names.
Traceback:
../../../tools/python/cpython-3.13.15-linux-x86_64-gnu/lib/python3.13/importlib/__init__.py:88: in import_module
    return _bootstrap._gcd_import(name[level:], package, level)
           ^^^^^^^^^^^^^^^^^^^^^^^^^^^^^^^^^^^^^^^^^^^^^^^^^^^^
tests/integration/test_system_expansion.py:5: in &lt;module&gt;
    import test_research_l0 as cases
tests/integration/test_research_l0.py:16: in &lt;module&gt;
    from cain.research.historian import _source_contexts, explain
E   ImportError: cannot import name '_source_contexts' from 'cain.research.historian' (/home/runner/work/_temp/cleanroom/cain/venv-published/lib/python3.13/site-packages/cain/research/historian.py)</error></testcase><testcase classname="" name="tests.integration.test_verified_field_review" time="0.000"><error message="collection failure">ImportError while importing test module '/home/runner/work/_temp/cleanroom/cain/tree/tests/integration/test_verified_field_review.py'.
Hint: make sure your test modules/packages have valid Python names.
Traceback:
../../../tools/python/cpython-3.13.15-linux-x86_64-gnu/lib/python3.13/importlib/__init__.py:88: in import_module
    return _bootstrap._gcd_import(name[level:], package, level)
           ^^^^^^^^^^^^^^^^^^^^^^^^^^^^^^^^^^^^^^^^^^^^^^^^^^^^
tests/integration/test_verified_field_review.py:4: in &lt;module&gt;
    from cain.research.field_review import field_reply, requested_fields
E   ModuleNotFoundError: No module named 'cain.research.field_review'</error></testcase><testcase classname="" name="tests.test_bundle_remediation" time="0.000"><error message="collection failure">ImportError while importing test module '/home/runner/work/_temp/cleanroom/cain/tree/tests/test_bundle_remediation.py'.
Hint: make sure your test modules/packages have valid Python names.
Traceback:
../../../tools/python/cpython-3.13.15-linux-x86_64-gnu/lib/python3.13/importlib/__init__.py:88: in import_module
    return _bootstrap._gcd_import(name[level:], package, level)
           ^^^^^^^^^^^^^^^^^^^^^^^^^^^^^^^^^^^^^^^^^^^^^^^^^^^^
tests/test_bundle_remediation.py:8: in &lt;module&gt;
    import test_research_bundle
tests/test_research_bundle.py:10: in &lt;module&gt;
    from cain.research.bundles import BundleService
E   ModuleNotFoundError: No module named 'cain.research.bundles'</error></testcase><testcase classname="" name="tests.test_packaged_evaluation_resources" time="0.000"><error message="collection failure">ImportError while importing test module '/home/runner/work/_temp/cleanroom/cain/tree/tests/test_packaged_evaluation_resources.py'.
Hint: make sure your test modules/packages have valid Python names.
Traceback:
../../../tools/python/cpython-3.13.15-linux-x86_64-gnu/lib/python3.13/importlib/__init__.py:88: in import_module
    return _bootstrap._gcd_import(name[level:], package, level)
           ^^^^^^^^^^^^^^^^^^^^^^^^^^^^^^^^^^^^^^^^^^^^^^^^^^^^
tests/test_packaged_evaluation_resources.py:7: in &lt;module&gt;
    from cain.evaluation.resources import data_root
E   ModuleNotFoundError: No module named 'cain.evaluation.resources'</error></testcase><testcase classname="" name="tests.test_project_coverage" time="0.000"><error message="collection failure">ImportError while importing test module '/home/runner/work/_temp/cleanroom/cain/tree/tests/test_project_coverage.py'.
Hint: make sure your test modules/packages have valid Python names.
Traceback:
../../../tools/python/cpython-3.13.15-linux-x86_64-gnu/lib/python3.13/importlib/__init__.py:88: in import_module
    return _bootstrap._gcd_import(name[level:], package, level)
           ^^^^^^^^^^^^^^^^^^^^^^^^^^^^^^^^^^^^^^^^^^^^^^^^^^^^
tests/test_project_coverage.py:11: in &lt;module&gt;
    from cain.research.coverage import coverage
E   ModuleNotFoundError: No module named 'cain.research.coverage'</error></testcase><testcase classname="" name="tests.test_research_bundle" time="0.000"><error message="collection failure">ImportError while importing test module '/home/runner/work/_temp/cleanroom/cain/tree/tests/test_research_bundle.py'.
Hint: make sure your test modules/packages have valid Python names.
Traceback:
../../../tools/python/cpython-3.13.15-linux-x86_64-gnu/lib/python3.13/importlib/__init__.py:88: in import_module
    return _bootstrap._gcd_import(name[level:], package, level)
           ^^^^^^^^^^^^^^^^^^^^^^^^^^^^^^^^^^^^^^^^^^^^^^^^^^^^
tests/test_research_bundle.py:10: in &lt;module&gt;
    from cain.research.bundles import BundleService
E   ModuleNotFoundError: No module named 'cain.research.bundles'</error></testcase><testcase classname="" name="tests.test_research_result_inbox" time="0.000"><error message="collection failure">ImportError while importing test module '/home/runner/work/_temp/cleanroom/cain/tree/tests/test_research_result_inbox.py'.
Hint: make sure your test modules/packages have valid Python names.
Traceback:
../../../tools/python/cpython-3.13.15-linux-x86_64-gnu/lib/python3.13/importlib/__init__.py:88: in import_module
    return _bootstrap._gcd_import(name[level:], package, level)
           ^^^^^^^^^^^^^^^^^^^^^^^^^^^^^^^^^^^^^^^^^^^^^^^^^^^^
tests/test_research_result_inbox.py:7: in &lt;module&gt;
    from cain.research_egress import ResultEgressPolicy
E   ModuleNotFoundError: No module named 'cain.research_egress'</error></testcase><testcase classname="" name="tests.test_research_task_outbox" time="0.000"><error message="collection failure">ImportError while importing test module '/home/runner/work/_temp/cleanroom/cain/tree/tests/test_research_task_outbox.py'.
Hint: make sure your test modules/packages have valid Python names.
Traceback:
../../../tools/python/cpython-3.13.15-linux-x86_64-gnu/lib/python3.13/importlib/__init__.py:88: in import_module
    return _bootstrap._gcd_import(name[level:], package, level)
           ^^^^^^^^^^^^^^^^^^^^^^^^^^^^^^^^^^^^^^^^^^^^^^^^^^^^
tests/test_research_task_outbox.py:8: in &lt;module&gt;
    from cain.research_tasks import TaskConflict, TaskOutbox
E   ModuleNotFoundError: No module named 'cain.research_tasks'</error></testcase><testcase classname="" name="tests.test_structural_diagnostics" time="0.000"><error message="collection failure">ImportError while importing test module '/home/runner/work/_temp/cleanroom/cain/tree/tests/test_structural_diagnostics.py'.
Hint: make sure your test modules/packages have valid Python names.
Traceback:
../../../tools/python/cpython-3.13.15-linux-x86_64-gnu/lib/python3.13/importlib/__init__.py:88: in import_module
    return _bootstrap._gcd_import(name[level:], package, level)
           ^^^^^^^^^^^^^^^^^^^^^^^^^^^^^^^^^^^^^^^^^^^^^^^^^^^^
tests/test_structural_diagnostics.py:5: in &lt;module&gt;
    from cain.research.diagnostics import Diagnostics
E   ModuleNotFoundError: No module named 'cain.research.diagnostics'</error></testcase><testcase classname="" name="tests.unit.test_answer_review" time="0.000"><error message="collection failure">ImportError while importing test module '/home/runner/work/_temp/cleanroom/cain/tree/tests/unit/test_answer_review.py'.
Hint: make sure your test modules/packages have valid Python names.
Traceback:
../../../tools/python/cpython-3.13.15-linux-x86_64-gnu/lib/python3.13/importlib/__init__.py:88: in import_module
    return _bootstrap._gcd_import(name[level:], package, level)
           ^^^^^^^^^^^^^^^^^^^^^^^^^^^^^^^^^^^^^^^^^^^^^^^^^^^^
tests/unit/test_answer_review.py:1: in &lt;module&gt;
    from cain.research.answer_review import parse_sections, receipt_hash, render_pending, review_answer
E   ModuleNotFoundError: No module named 'cain.research.answer_review'</error></testcase><testcase classname="" name="tests.unit.test_arithmetic_sequences" time="0.000"><error message="collection failure">ImportError while importing test module '/home/runner/work/_temp/cleanroom/cain/tree/tests/unit/test_arithmetic_sequences.py'.
Hint: make sure your test modules/packages have valid Python names.
Traceback:
../../../tools/python/cpython-3.13.15-linux-x86_64-gnu/lib/python3.13/importlib/__init__.py:88: in import_module
    return _bootstrap._gcd_import(name[level:], package, level)
           ^^^^^^^^^^^^^^^^^^^^^^^^^^^^^^^^^^^^^^^^^^^^^^^^^^^^
tests/unit/test_arithmetic_sequences.py:3: in &lt;module&gt;
    from cain.agents.arithmetic import answer, sequence_request
E   ModuleNotFoundError: No module named 'cain.agents.arithmetic'</error></testcase><testcase classname="" name="tests.unit.test_continuation_context" time="0.000"><error message="collection failure">ImportError while importing test module '/home/runner/work/_temp/cleanroom/cain/tree/tests/unit/test_continuation_context.py'.
Hint: make sure your test modules/packages have valid Python names.
Traceback:
../../../tools/python/cpython-3.13.15-linux-x86_64-gnu/lib/python3.13/importlib/__init__.py:88: in import_module
    return _bootstrap._gcd_import(name[level:], package, level)
           ^^^^^^^^^^^^^^^^^^^^^^^^^^^^^^^^^^^^^^^^^^^^^^^^^^^^
tests/unit/test_continuation_context.py:5: in &lt;module&gt;
    from cain.agents import ConversationAgent
E   ImportError: cannot import name 'ConversationAgent' from 'cain.agents' (/home/runner/work/_temp/cleanroom/cain/venv-published/lib/python3.13/site-packages/cain/agents/__init__.py)</error></testcase><testcase classname="" name="tests.unit.test_literal_command_route" time="0.000"><error message="collection failure">ImportError while importing test module '/home/runner/work/_temp/cleanroom/cain/tree/tests/unit/test_literal_command_route.py'.
Hint: make sure your test modules/packages have valid Python names.
Traceback:
../../../tools/python/cpython-3.13.15-linux-x86_64-gnu/lib/python3.13/importlib/__init__.py:88: in import_module
    return _bootstrap._gcd_import(name[level:], package, level)
           ^^^^^^^^^^^^^^^^^^^^^^^^^^^^^^^^^^^^^^^^^^^^^^^^^^^^
tests/unit/test_literal_command_route.py:3: in &lt;module&gt;
    from cain.agents import AgentRegistry, ConversationAgent, SearchAgent, SummaryAgent
E   ImportError: cannot import name 'ConversationAgent' from 'cain.agents' (/home/runner/work/_temp/cleanroom/cain/venv-published/lib/python3.13/site-packages/cain/agents/__init__.py)</error></testcase><testcase classname="" name="tests.unit.test_literal_json_schema" time="0.000"><error message="collection failure">ImportError while importing test module '/home/runner/work/_temp/cleanroom/cain/tree/tests/unit/test_literal_json_schema.py'.
Hint: make sure your test modules/packages have valid Python names.
Traceback:
../../../tools/python/cpython-3.13.15-linux-x86_64-gnu/lib/python3.13/importlib/__init__.py:88: in import_module
    return _bootstrap._gcd_import(name[level:], package, level)
           ^^^^^^^^^^^^^^^^^^^^^^^^^^^^^^^^^^^^^^^^^^^^^^^^^^^^
tests/unit/test_literal_json_schema.py:4: in &lt;module&gt;
    from cain.agents import ConversationAgent, _literal_json_schema
E   ImportError: cannot import name 'ConversationAgent' from 'cain.agents' (/home/runner/work/_temp/cleanroom/cain/venv-published/lib/python3.13/site-packages/cain/agents/__init__.py)</error></testcase><testcase classname="" name="tests.unit.test_local_text_llm" time="0.000"><error message="collection failure">ImportError while importing test module '/home/runner/work/_temp/cleanroom/cain/tree/tests/unit/test_local_text_llm.py'.
Hint: make sure your test modules/packages have valid Python names.
Traceback:
../../../tools/python/cpython-3.13.15-linux-x86_64-gnu/lib/python3.13/importlib/__init__.py:88: in import_module
    return _bootstrap._gcd_import(name[level:], package, level)
           ^^^^^^^^^^^^^^^^^^^^^^^^^^^^^^^^^^^^^^^^^^^^^^^^^^^^
tests/unit/test_local_text_llm.py:6: in &lt;module&gt;
    from cain.llm.llamacpp import LocalLlamaCppLLM
E   ModuleNotFoundError: No module named 'cain.llm.llamacpp'</error></testcase><testcase classname="" name="tests.unit.test_readiness_regressions" time="0.000"><error message="collection failure">ImportError while importing test module '/home/runner/work/_temp/cleanroom/cain/tree/tests/unit/test_readiness_regressions.py'.
Hint: make sure your test modules/packages have valid Python names.
Traceback:
../../../tools/python/cpython-3.13.15-linux-x86_64-gnu/lib/python3.13/importlib/__init__.py:88: in import_module
    return _bootstrap._gcd_import(name[level:], package, level)
           ^^^^^^^^^^^^^^^^^^^^^^^^^^^^^^^^^^^^^^^^^^^^^^^^^^^^
tests/unit/test_readiness_regressions.py:5: in &lt;module&gt;
    from cain.agents.arithmetic import answer
E   ModuleNotFoundError: No module named 'cain.agents.arithmetic'</error></testcase><testcase classname="" name="tests.unit.test_recording_provider" time="0.000"><error message="collection failure">ImportError while importing test module '/home/runner/work/_temp/cleanroom/cain/tree/tests/unit/test_recording_provider.py'.
Hint: make sure your test modules/packages have valid Python names.
Traceback:
../../../tools/python/cpython-3.13.15-linux-x86_64-gnu/lib/python3.13/importlib/__init__.py:88: in import_module
    return _bootstrap._gcd_import(name[level:], package, level)
           ^^^^^^^^^^^^^^^^^^^^^^^^^^^^^^^^^^^^^^^^^^^^^^^^^^^^
tests/unit/test_recording_provider.py:5: in &lt;module&gt;
    from cain.research.workflows import model_identity
E   ModuleNotFoundError: No module named 'cain.research.workflows'</error></testcase><testcase classname="" name="tests.unit.test_streaming" time="0.000"><error message="collection failure">ImportError while importing test module '/home/runner/work/_temp/cleanroom/cain/tree/tests/unit/test_streaming.py'.
Hint: make sure your test modules/packages have valid Python names.
Traceback:
../../../tools/python/cpython-3.13.15-linux-x86_64-gnu/lib/python3.13/importlib/__init__.py:88: in import_module
    return _bootstrap._gcd_import(name[level:], package, level)
           ^^^^^^^^^^^^^^^^^^^^^^^^^^^^^^^^^^^^^^^^^^^^^^^^^^^^
tests/unit/test_streaming.py:9: in &lt;module&gt;
    from cain.llm.streaming import stream, validate_images
E   ModuleNotFoundError: No module named 'cain.llm.streaming'</error></testcase><testcase classname="tests.api.test_api" name="test_api_request_scoped_persistence" time="0.947" /><testcase classname="tests.api.test_api" name="test_unknown_intent_is_client_error_not_provider_outage" time="0.651" /><testcase classname="tests.api.test_api" name="test_profile_learns_before_generation_and_can_be_corrected_and_removed" time="2.972" /><testcase classname="tests.api.test_api" name="test_profile_controls_survive_missing_search_source" time="0.841" /><testcase classname="tests.cli.test_cli" name="test_unwritable_database_reports_error_without_traceback" time="0.067" /><testcase classname="tests.cli.test_settings" name="test_configuration_resolves_data_and_sources_from_its_own_directory" time="0.001" /><testcase classname="tests.cli.test_settings" name="test_explicit_missing_config_fails_instead_of_using_other_settings" time="0.000" /><testcase classname="tests.cli.test_settings" name="test_invalid_configuration_is_not_coerced_into_permissions[[search]\nallow_public_urls=&quot;false&quot;]" time="0.000" /><testcase classname="tests.cli.test_settings" name="test_invalid_configuration_is_not_coerced_into_permissions[[orchestration]\nllm_routing=&quot;false&quot;]" time="0.000" /><testcase classname="tests.cli.test_settings" name="test_invalid_configuration_is_not_coerced_into_permissions[[llm]\nunknown=true]" time="0.000" /><testcase classname="tests.evaluation.test_functional" name="test_functional_persistence_correction_isolation_and_source" time="0.000"><failure message="FileNotFoundError: [Errno 2] No such file or directory: '/home/runner/work/_temp/cleanroom/cain/venv-published/lib/python3.13/evaluation/scenarios/scenarios.json'">tmp_path = PosixPath('/tmp/pytest-of-runner/pytest-0/test_functional_persistence_co0')

    def test_functional_persistence_correction_isolation_and_source(tmp_path):
&gt;       result = run_functional(
            tmp_path,
            EvaluationConfig(mode="functional", provider="injected-test", run_id="functional-fixture"),
            llm=FakeLLM(),
        )

tests/evaluation/test_functional.py:13: 
_ _ _ _ _ _ _ _ _ _ _ _ _ _ _ _ _ _ _ _ _ _ _ _ _ _ _ _ _ _ _ _ _ _ _ _ _ _ _ _ 
../venv-published/lib/python3.13/site-packages/cain/evaluation/functional.py:220: in run_functional
    _, _, root = load_design(data_root)
                 ^^^^^^^^^^^^^^^^^^^^^^
../venv-published/lib/python3.13/site-packages/cain/evaluation/harness.py:60: in load_design
    scenarios = json.loads((root / "scenarios/scenarios.json").read_text(encoding="utf-8"))
                           ^^^^^^^^^^^^^^^^^^^^^^^^^^^^^^^^^^^^^^^^^^^^^^^^^^^^^^^^^^^^^^^
../../../tools/python/cpython-3.13.15-linux-x86_64-gnu/lib/python3.13/pathlib/_local.py:546: in read_text
    return PathBase.read_text(self, encoding, errors, newline)
           ^^^^^^^^^^^^^^^^^^^^^^^^^^^^^^^^^^^^^^^^^^^^^^^^^^^
../../../tools/python/cpython-3.13.15-linux-x86_64-gnu/lib/python3.13/pathlib/_abc.py:632: in read_text
    with self.open(mode='r', encoding=encoding, errors=errors, newline=newline) as f:
         ^^^^^^^^^^^^^^^^^^^^^^^^^^^^^^^^^^^^^^^^^^^^^^^^^^^^^^^^^^^^^^^^^^^^^^
_ _ _ _ _ _ _ _ _ _ _ _ _ _ _ _ _ _ _ _ _ _ _ _ _ _ _ _ _ _ _ _ _ _ _ _ _ _ _ _ 

self = PosixPath('/home/runner/work/_temp/cleanroom/cain/venv-published/lib/python3.13/evaluation/scenarios/scenarios.json')
mode = 'r', buffering = -1, encoding = 'utf-8', errors = None, newline = None

    def open(self, mode='r', buffering=-1, encoding=None,
             errors=None, newline=None):
        """
        Open the file pointed to by this path and return a file object, as
        the built-in open() function does.
        """
        if "b" not in mode:
            encoding = io.text_encoding(encoding)
&gt;       return io.open(self, mode, buffering, encoding, errors, newline)
               ^^^^^^^^^^^^^^^^^^^^^^^^^^^^^^^^^^^^^^^^^^^^^^^^^^^^^^^^^
E       FileNotFoundError: [Errno 2] No such file or directory: '/home/runner/work/_temp/cleanroom/cain/venv-published/lib/python3.13/evaluation/scenarios/scenarios.json'

../../../tools/python/cpython-3.13.15-linux-x86_64-gnu/lib/python3.13/pathlib/_local.py:537: FileNotFoundError</failure></testcase><testcase classname="tests.evaluation.test_functional" name="test_functional_cli_does_not_silently_run_fake" time="0.001" /><testcase classname="tests.evaluation.test_functional" name="test_functional_failure_retains_attempt_and_does_not_invent_remaining_outputs" time="0.000"><failure message="FileNotFoundError: [Errno 2] No such file or directory: '/home/runner/work/_temp/cleanroom/cain/venv-published/lib/python3.13/evaluation/scenarios/scenarios.json'">tmp_path = PosixPath('/tmp/pytest-of-runner/pytest-0/test_functional_failure_retain0')

    def test_functional_failure_retains_attempt_and_does_not_invent_remaining_outputs(tmp_path):
        class FailedProvider:
            def generate(self, prompt, context=""):
                raise RuntimeError("deliberate-fixture-failure")
    
&gt;       result = run_functional(tmp_path,
                                EvaluationConfig(mode="functional", provider="injected-test", run_id="failed"),
                                llm=FailedProvider())

tests/evaluation/test_functional.py:60: 
_ _ _ _ _ _ _ _ _ _ _ _ _ _ _ _ _ _ _ _ _ _ _ _ _ _ _ _ _ _ _ _ _ _ _ _ _ _ _ _ 
../venv-published/lib/python3.13/site-packages/cain/evaluation/functional.py:220: in run_functional
    _, _, root = load_design(data_root)
                 ^^^^^^^^^^^^^^^^^^^^^^
../venv-published/lib/python3.13/site-packages/cain/evaluation/harness.py:60: in load_design
    scenarios = json.loads((root / "scenarios/scenarios.json").read_text(encoding="utf-8"))
                           ^^^^^^^^^^^^^^^^^^^^^^^^^^^^^^^^^^^^^^^^^^^^^^^^^^^^^^^^^^^^^^^
../../../tools/python/cpython-3.13.15-linux-x86_64-gnu/lib/python3.13/pathlib/_local.py:546: in read_text
    return PathBase.read_text(self, encoding, errors, newline)
           ^^^^^^^^^^^^^^^^^^^^^^^^^^^^^^^^^^^^^^^^^^^^^^^^^^^
../../../tools/python/cpython-3.13.15-linux-x86_64-gnu/lib/python3.13/pathlib/_abc.py:632: in read_text
    with self.open(mode='r', encoding=encoding, errors=errors, newline=newline) as f:
         ^^^^^^^^^^^^^^^^^^^^^^^^^^^^^^^^^^^^^^^^^^^^^^^^^^^^^^^^^^^^^^^^^^^^^^
_ _ _ _ _ _ _ _ _ _ _ _ _ _ _ _ _ _ _ _ _ _ _ _ _ _ _ _ _ _ _ _ _ _ _ _ _ _ _ _ 

self = PosixPath('/home/runner/work/_temp/cleanroom/cain/venv-published/lib/python3.13/evaluation/scenarios/scenarios.json')
mode = 'r', buffering = -1, encoding = 'utf-8', errors = None, newline = None

    def open(self, mode='r', buffering=-1, encoding=None,
             errors=None, newline=None):
        """
        Open the file pointed to by this path and return a file object, as
        the built-in open() function does.
        """
        if "b" not in mode:
            encoding = io.text_encoding(encoding)
&gt;       return io.open(self, mode, buffering, encoding, errors, newline)
               ^^^^^^^^^^^^^^^^^^^^^^^^^^^^^^^^^^^^^^^^^^^^^^^^^^^^^^^^^
E       FileNotFoundError: [Errno 2] No such file or directory: '/home/runner/work/_temp/cleanroom/cain/venv-published/lib/python3.13/evaluation/scenarios/scenarios.json'

../../../tools/python/cpython-3.13.15-linux-x86_64-gnu/lib/python3.13/pathlib/_local.py:537: FileNotFoundError</failure></testcase><testcase classname="tests.evaluation.test_functional" name="test_format_vector_never_infers_preference_from_generated_style" time="0.000" /><testcase classname="tests.evaluation.test_functional" name="test_missing_stages_are_visible_failures" time="0.000" /><testcase classname="tests.evaluation.test_harness" name="test_design_has_disjoint_surfaces_and_prior_ground_truth" time="0.000"><failure message="FileNotFoundError: [Errno 2] No such file or directory: '/home/runner/work/_temp/cleanroom/cain/venv-published/lib/python3.13/evaluation/scenarios/scenarios.json'">def test_design_has_disjoint_surfaces_and_prior_ground_truth():
&gt;       scenarios, probes, root = load_design()
                                  ^^^^^^^^^^^^^

tests/evaluation/test_harness.py:27: 
_ _ _ _ _ _ _ _ _ _ _ _ _ _ _ _ _ _ _ _ _ _ _ _ _ _ _ _ _ _ _ _ _ _ _ _ _ _ _ _ 
../venv-published/lib/python3.13/site-packages/cain/evaluation/harness.py:60: in load_design
    scenarios = json.loads((root / "scenarios/scenarios.json").read_text(encoding="utf-8"))
                           ^^^^^^^^^^^^^^^^^^^^^^^^^^^^^^^^^^^^^^^^^^^^^^^^^^^^^^^^^^^^^^^
../../../tools/python/cpython-3.13.15-linux-x86_64-gnu/lib/python3.13/pathlib/_local.py:546: in read_text
    return PathBase.read_text(self, encoding, errors, newline)
           ^^^^^^^^^^^^^^^^^^^^^^^^^^^^^^^^^^^^^^^^^^^^^^^^^^^
../../../tools/python/cpython-3.13.15-linux-x86_64-gnu/lib/python3.13/pathlib/_abc.py:632: in read_text
    with self.open(mode='r', encoding=encoding, errors=errors, newline=newline) as f:
         ^^^^^^^^^^^^^^^^^^^^^^^^^^^^^^^^^^^^^^^^^^^^^^^^^^^^^^^^^^^^^^^^^^^^^^
_ _ _ _ _ _ _ _ _ _ _ _ _ _ _ _ _ _ _ _ _ _ _ _ _ _ _ _ _ _ _ _ _ _ _ _ _ _ _ _ 

self = PosixPath('/home/runner/work/_temp/cleanroom/cain/venv-published/lib/python3.13/evaluation/scenarios/scenarios.json')
mode = 'r', buffering = -1, encoding = 'utf-8', errors = None, newline = None

    def open(self, mode='r', buffering=-1, encoding=None,
             errors=None, newline=None):
        """
        Open the file pointed to by this path and return a file object, as
        the built-in open() function does.
        """
        if "b" not in mode:
            encoding = io.text_encoding(encoding)
&gt;       return io.open(self, mode, buffering, encoding, errors, newline)
               ^^^^^^^^^^^^^^^^^^^^^^^^^^^^^^^^^^^^^^^^^^^^^^^^^^^^^^^^^
E       FileNotFoundError: [Errno 2] No such file or directory: '/home/runner/work/_temp/cleanroom/cain/venv-published/lib/python3.13/evaluation/scenarios/scenarios.json'

../../../tools/python/cpython-3.13.15-linux-x86_64-gnu/lib/python3.13/pathlib/_local.py:537: FileNotFoundError</failure></testcase><testcase classname="tests.evaluation.test_harness" name="test_smoke_preserves_complete_matrix_and_reports_missing_evidence" time="0.000"><error message="failed on setup with &quot;FileNotFoundError: [Errno 2] No such file or directory: '/home/runner/work/_temp/cleanroom/cain/venv-published/lib/python3.13/evaluation/scenarios/scenarios.json'&quot;">tmp_path_factory = TempPathFactory(_given_basetemp=None, _trace=&lt;pluggy._tracing.TagTracerSub object at 0x7fe13836e8b0&gt;, _basetemp=PosixPath('/tmp/pytest-of-runner/pytest-0'), _retention_count=3, _retention_policy='all')

    @pytest.fixture(scope="module")
    def smoke(tmp_path_factory):
        output = tmp_path_factory.mktemp("evaluation")
&gt;       path = run_smoke(output, EvaluationConfig(run_id="fixture-smoke", seed=31))
               ^^^^^^^^^^^^^^^^^^^^^^^^^^^^^^^^^^^^^^^^^^^^^^^^^^^^^^^^^^^^^^^^^^^^

tests/evaluation/test_harness.py:21: 
_ _ _ _ _ _ _ _ _ _ _ _ _ _ _ _ _ _ _ _ _ _ _ _ _ _ _ _ _ _ _ _ _ _ _ _ _ _ _ _ 
../venv-published/lib/python3.13/site-packages/cain/evaluation/harness.py:184: in run_smoke
    design, probes, root = load_design(data_root)
                           ^^^^^^^^^^^^^^^^^^^^^^
../venv-published/lib/python3.13/site-packages/cain/evaluation/harness.py:60: in load_design
    scenarios = json.loads((root / "scenarios/scenarios.json").read_text(encoding="utf-8"))
                           ^^^^^^^^^^^^^^^^^^^^^^^^^^^^^^^^^^^^^^^^^^^^^^^^^^^^^^^^^^^^^^^
../../../tools/python/cpython-3.13.15-linux-x86_64-gnu/lib/python3.13/pathlib/_local.py:546: in read_text
    return PathBase.read_text(self, encoding, errors, newline)
           ^^^^^^^^^^^^^^^^^^^^^^^^^^^^^^^^^^^^^^^^^^^^^^^^^^^
../../../tools/python/cpython-3.13.15-linux-x86_64-gnu/lib/python3.13/pathlib/_abc.py:632: in read_text
    with self.open(mode='r', encoding=encoding, errors=errors, newline=newline) as f:
         ^^^^^^^^^^^^^^^^^^^^^^^^^^^^^^^^^^^^^^^^^^^^^^^^^^^^^^^^^^^^^^^^^^^^^^
_ _ _ _ _ _ _ _ _ _ _ _ _ _ _ _ _ _ _ _ _ _ _ _ _ _ _ _ _ _ _ _ _ _ _ _ _ _ _ _ 

self = PosixPath('/home/runner/work/_temp/cleanroom/cain/venv-published/lib/python3.13/evaluation/scenarios/scenarios.json')
mode = 'r', buffering = -1, encoding = 'utf-8', errors = None, newline = None

    def open(self, mode='r', buffering=-1, encoding=None,
             errors=None, newline=None):
        """
        Open the file pointed to by this path and return a file object, as
        the built-in open() function does.
        """
        if "b" not in mode:
            encoding = io.text_encoding(encoding)
&gt;       return io.open(self, mode, buffering, encoding, errors, newline)
               ^^^^^^^^^^^^^^^^^^^^^^^^^^^^^^^^^^^^^^^^^^^^^^^^^^^^^^^^^
E       FileNotFoundError: [Errno 2] No such file or directory: '/home/runner/work/_temp/cleanroom/cain/venv-published/lib/python3.13/evaluation/scenarios/scenarios.json'

../../../tools/python/cpython-3.13.15-linux-x86_64-gnu/lib/python3.13/pathlib/_local.py:537: FileNotFoundError</error></testcase><testcase classname="tests.evaluation.test_harness" name="test_baseline_has_no_memory_and_control_uses_only_completed_prior_sessions" time="0.000"><error message="failed on setup with &quot;FileNotFoundError: [Errno 2] No such file or directory: '/home/runner/work/_temp/cleanroom/cain/venv-published/lib/python3.13/evaluation/scenarios/scenarios.json'&quot;">tmp_path_factory = TempPathFactory(_given_basetemp=None, _trace=&lt;pluggy._tracing.TagTracerSub object at 0x7fe13836e8b0&gt;, _basetemp=PosixPath('/tmp/pytest-of-runner/pytest-0'), _retention_count=3, _retention_policy='all')

    @pytest.fixture(scope="module")
    def smoke(tmp_path_factory):
        output = tmp_path_factory.mktemp("evaluation")
&gt;       path = run_smoke(output, EvaluationConfig(run_id="fixture-smoke", seed=31))
               ^^^^^^^^^^^^^^^^^^^^^^^^^^^^^^^^^^^^^^^^^^^^^^^^^^^^^^^^^^^^^^^^^^^^

tests/evaluation/test_harness.py:21: 
_ _ _ _ _ _ _ _ _ _ _ _ _ _ _ _ _ _ _ _ _ _ _ _ _ _ _ _ _ _ _ _ _ _ _ _ _ _ _ _ 
../venv-published/lib/python3.13/site-packages/cain/evaluation/harness.py:184: in run_smoke
    design, probes, root = load_design(data_root)
                           ^^^^^^^^^^^^^^^^^^^^^^
../venv-published/lib/python3.13/site-packages/cain/evaluation/harness.py:60: in load_design
    scenarios = json.loads((root / "scenarios/scenarios.json").read_text(encoding="utf-8"))
                           ^^^^^^^^^^^^^^^^^^^^^^^^^^^^^^^^^^^^^^^^^^^^^^^^^^^^^^^^^^^^^^^
../../../tools/python/cpython-3.13.15-linux-x86_64-gnu/lib/python3.13/pathlib/_local.py:546: in read_text
    return PathBase.read_text(self, encoding, errors, newline)
           ^^^^^^^^^^^^^^^^^^^^^^^^^^^^^^^^^^^^^^^^^^^^^^^^^^^
../../../tools/python/cpython-3.13.15-linux-x86_64-gnu/lib/python3.13/pathlib/_abc.py:632: in read_text
    with self.open(mode='r', encoding=encoding, errors=errors, newline=newline) as f:
         ^^^^^^^^^^^^^^^^^^^^^^^^^^^^^^^^^^^^^^^^^^^^^^^^^^^^^^^^^^^^^^^^^^^^^^
_ _ _ _ _ _ _ _ _ _ _ _ _ _ _ _ _ _ _ _ _ _ _ _ _ _ _ _ _ _ _ _ _ _ _ _ _ _ _ _ 

self = PosixPath('/home/runner/work/_temp/cleanroom/cain/venv-published/lib/python3.13/evaluation/scenarios/scenarios.json')
mode = 'r', buffering = -1, encoding = 'utf-8', errors = None, newline = None

    def open(self, mode='r', buffering=-1, encoding=None,
             errors=None, newline=None):
        """
        Open the file pointed to by this path and return a file object, as
        the built-in open() function does.
        """
        if "b" not in mode:
            encoding = io.text_encoding(encoding)
&gt;       return io.open(self, mode, buffering, encoding, errors, newline)
               ^^^^^^^^^^^^^^^^^^^^^^^^^^^^^^^^^^^^^^^^^^^^^^^^^^^^^^^^^
E       FileNotFoundError: [Errno 2] No such file or directory: '/home/runner/work/_temp/cleanroom/cain/venv-published/lib/python3.13/evaluation/scenarios/scenarios.json'

../../../tools/python/cpython-3.13.15-linux-x86_64-gnu/lib/python3.13/pathlib/_local.py:537: FileNotFoundError</error></testcase><testcase classname="tests.evaluation.test_harness" name="test_blinding_removes_arm_metadata_and_keeps_longitudinal_pairing" time="0.000"><error message="failed on setup with &quot;FileNotFoundError: [Errno 2] No such file or directory: '/home/runner/work/_temp/cleanroom/cain/venv-published/lib/python3.13/evaluation/scenarios/scenarios.json'&quot;">tmp_path_factory = TempPathFactory(_given_basetemp=None, _trace=&lt;pluggy._tracing.TagTracerSub object at 0x7fe13836e8b0&gt;, _basetemp=PosixPath('/tmp/pytest-of-runner/pytest-0'), _retention_count=3, _retention_policy='all')

    @pytest.fixture(scope="module")
    def smoke(tmp_path_factory):
        output = tmp_path_factory.mktemp("evaluation")
&gt;       path = run_smoke(output, EvaluationConfig(run_id="fixture-smoke", seed=31))
               ^^^^^^^^^^^^^^^^^^^^^^^^^^^^^^^^^^^^^^^^^^^^^^^^^^^^^^^^^^^^^^^^^^^^

tests/evaluation/test_harness.py:21: 
_ _ _ _ _ _ _ _ _ _ _ _ _ _ _ _ _ _ _ _ _ _ _ _ _ _ _ _ _ _ _ _ _ _ _ _ _ _ _ _ 
../venv-published/lib/python3.13/site-packages/cain/evaluation/harness.py:184: in run_smoke
    design, probes, root = load_design(data_root)
                           ^^^^^^^^^^^^^^^^^^^^^^
../venv-published/lib/python3.13/site-packages/cain/evaluation/harness.py:60: in load_design
    scenarios = json.loads((root / "scenarios/scenarios.json").read_text(encoding="utf-8"))
                           ^^^^^^^^^^^^^^^^^^^^^^^^^^^^^^^^^^^^^^^^^^^^^^^^^^^^^^^^^^^^^^^
../../../tools/python/cpython-3.13.15-linux-x86_64-gnu/lib/python3.13/pathlib/_local.py:546: in read_text
    return PathBase.read_text(self, encoding, errors, newline)
           ^^^^^^^^^^^^^^^^^^^^^^^^^^^^^^^^^^^^^^^^^^^^^^^^^^^
../../../tools/python/cpython-3.13.15-linux-x86_64-gnu/lib/python3.13/pathlib/_abc.py:632: in read_text
    with self.open(mode='r', encoding=encoding, errors=errors, newline=newline) as f:
         ^^^^^^^^^^^^^^^^^^^^^^^^^^^^^^^^^^^^^^^^^^^^^^^^^^^^^^^^^^^^^^^^^^^^^^
_ _ _ _ _ _ _ _ _ _ _ _ _ _ _ _ _ _ _ _ _ _ _ _ _ _ _ _ _ _ _ _ _ _ _ _ _ _ _ _ 

self = PosixPath('/home/runner/work/_temp/cleanroom/cain/venv-published/lib/python3.13/evaluation/scenarios/scenarios.json')
mode = 'r', buffering = -1, encoding = 'utf-8', errors = None, newline = None

    def open(self, mode='r', buffering=-1, encoding=None,
             errors=None, newline=None):
        """
        Open the file pointed to by this path and return a file object, as
        the built-in open() function does.
        """
        if "b" not in mode:
            encoding = io.text_encoding(encoding)
&gt;       return io.open(self, mode, buffering, encoding, errors, newline)
               ^^^^^^^^^^^^^^^^^^^^^^^^^^^^^^^^^^^^^^^^^^^^^^^^^^^^^^^^^
E       FileNotFoundError: [Errno 2] No such file or directory: '/home/runner/work/_temp/cleanroom/cain/venv-published/lib/python3.13/evaluation/scenarios/scenarios.json'

../../../tools/python/cpython-3.13.15-linux-x86_64-gnu/lib/python3.13/pathlib/_local.py:537: FileNotFoundError</error></testcase><testcase classname="tests.evaluation.test_harness" name="test_existing_run_is_never_overwritten" time="0.000"><error message="failed on setup with &quot;FileNotFoundError: [Errno 2] No such file or directory: '/home/runner/work/_temp/cleanroom/cain/venv-published/lib/python3.13/evaluation/scenarios/scenarios.json'&quot;">tmp_path_factory = TempPathFactory(_given_basetemp=None, _trace=&lt;pluggy._tracing.TagTracerSub object at 0x7fe13836e8b0&gt;, _basetemp=PosixPath('/tmp/pytest-of-runner/pytest-0'), _retention_count=3, _retention_policy='all')

    @pytest.fixture(scope="module")
    def smoke(tmp_path_factory):
        output = tmp_path_factory.mktemp("evaluation")
&gt;       path = run_smoke(output, EvaluationConfig(run_id="fixture-smoke", seed=31))
               ^^^^^^^^^^^^^^^^^^^^^^^^^^^^^^^^^^^^^^^^^^^^^^^^^^^^^^^^^^^^^^^^^^^^

tests/evaluation/test_harness.py:21: 
_ _ _ _ _ _ _ _ _ _ _ _ _ _ _ _ _ _ _ _ _ _ _ _ _ _ _ _ _ _ _ _ _ _ _ _ _ _ _ _ 
../venv-published/lib/python3.13/site-packages/cain/evaluation/harness.py:184: in run_smoke
    design, probes, root = load_design(data_root)
                           ^^^^^^^^^^^^^^^^^^^^^^
../venv-published/lib/python3.13/site-packages/cain/evaluation/harness.py:60: in load_design
    scenarios = json.loads((root / "scenarios/scenarios.json").read_text(encoding="utf-8"))
                           ^^^^^^^^^^^^^^^^^^^^^^^^^^^^^^^^^^^^^^^^^^^^^^^^^^^^^^^^^^^^^^^
../../../tools/python/cpython-3.13.15-linux-x86_64-gnu/lib/python3.13/pathlib/_local.py:546: in read_text
    return PathBase.read_text(self, encoding, errors, newline)
           ^^^^^^^^^^^^^^^^^^^^^^^^^^^^^^^^^^^^^^^^^^^^^^^^^^^
../../../tools/python/cpython-3.13.15-linux-x86_64-gnu/lib/python3.13/pathlib/_abc.py:632: in read_text
    with self.open(mode='r', encoding=encoding, errors=errors, newline=newline) as f:
         ^^^^^^^^^^^^^^^^^^^^^^^^^^^^^^^^^^^^^^^^^^^^^^^^^^^^^^^^^^^^^^^^^^^^^^
_ _ _ _ _ _ _ _ _ _ _ _ _ _ _ _ _ _ _ _ _ _ _ _ _ _ _ _ _ _ _ _ _ _ _ _ _ _ _ _ 

self = PosixPath('/home/runner/work/_temp/cleanroom/cain/venv-published/lib/python3.13/evaluation/scenarios/scenarios.json')
mode = 'r', buffering = -1, encoding = 'utf-8', errors = None, newline = None

    def open(self, mode='r', buffering=-1, encoding=None,
             errors=None, newline=None):
        """
        Open the file pointed to by this path and return a file object, as
        the built-in open() function does.
        """
        if "b" not in mode:
            encoding = io.text_encoding(encoding)
&gt;       return io.open(self, mode, buffering, encoding, errors, newline)
               ^^^^^^^^^^^^^^^^^^^^^^^^^^^^^^^^^^^^^^^^^^^^^^^^^^^^^^^^^
E       FileNotFoundError: [Errno 2] No such file or directory: '/home/runner/work/_temp/cleanroom/cain/venv-published/lib/python3.13/evaluation/scenarios/scenarios.json'

../../../tools/python/cpython-3.13.15-linux-x86_64-gnu/lib/python3.13/pathlib/_local.py:537: FileNotFoundError</error></testcase><testcase classname="tests.evaluation.test_harness" name="test_formal_and_fake_pilot_are_blocked" time="0.001" /><testcase classname="tests.evaluation.test_harness" name="test_metrics_measure_direction_and_reject_invented_or_invalid_vectors" time="0.000" /><testcase classname="tests.evaluation.test_harness" name="test_unknown_router_predictions_are_errors_in_denominator" time="0.000" /><testcase classname="tests.evaluation.test_harness" name="test_character_counter_is_explicitly_not_tokenizer" time="0.000" /><testcase classname="tests.evaluation.test_harness" name="test_failed_generation_keeps_attempted_context_and_smoke_preserves_audit" time="0.001"><failure message="AssertionError: Regex pattern did not match.&#10;  Expected regex: 'fixture-backend-failure'&#10;  Actual message: &quot;[Errno 2] No such file or directory: '/home/runner/work/_temp/cleanroom/cain/venv-published/lib/python3.13/evaluation/scenarios/scenarios.json'&quot;">tmp_path = PosixPath('/tmp/pytest-of-runner/pytest-0/test_failed_generation_keeps_a0')

    def test_failed_generation_keeps_attempted_context_and_smoke_preserves_audit(tmp_path):
        class FailingLLM:
            def generate(self, prompt, context=""):
                raise RuntimeError("fixture-backend-failure")
    
        recorder = RecordingLLM(FailingLLM(), CharacterCounter(), maximum=3)
        with pytest.raises(RuntimeError):
            recorder.generate("request", "identity-memory")
        assert recorder.calls[0]["context"] == "ide"
        assert recorder.calls[0]["status"] == "failed"
&gt;       with pytest.raises(Exception, match="fixture-backend-failure"):
             ^^^^^^^^^^^^^^^^^^^^^^^^^^^^^^^^^^^^^^^^^^^^^^^^^^^^^^^^^
E       AssertionError: Regex pattern did not match.
E         Expected regex: 'fixture-backend-failure'
E         Actual message: "[Errno 2] No such file or directory: '/home/runner/work/_temp/cleanroom/cain/venv-published/lib/python3.13/evaluation/scenarios/scenarios.json'"

tests/evaluation/test_harness.py:162: AssertionError</failure></testcase><testcase classname="tests.evaluation.test_harness" name="test_provider_metadata_is_snapshotted_without_inventing_fake_counts" time="0.000" /><testcase classname="tests.evaluation.test_quality" name="test_dataset_has_predetermined_dev_and_holdout_with_required_task_types" time="0.000"><failure message="FileNotFoundError: [Errno 2] No such file or directory: '/home/runner/work/_temp/cleanroom/cain/venv-published/lib/python3.13/evaluation/scenarios/quality-v03.json'">def test_dataset_has_predetermined_dev_and_holdout_with_required_task_types():
&gt;       design, _ = load_dataset()
                    ^^^^^^^^^^^^^^

tests/evaluation/test_quality.py:40: 
_ _ _ _ _ _ _ _ _ _ _ _ _ _ _ _ _ _ _ _ _ _ _ _ _ _ _ _ _ _ _ _ _ _ _ _ _ _ _ _ 
../venv-published/lib/python3.13/site-packages/cain/evaluation/quality.py:54: in load_dataset
    design = json.loads(path.read_text(encoding="utf-8"))
                        ^^^^^^^^^^^^^^^^^^^^^^^^^^^^^^^^
../../../tools/python/cpython-3.13.15-linux-x86_64-gnu/lib/python3.13/pathlib/_local.py:546: in read_text
    return PathBase.read_text(self, encoding, errors, newline)
           ^^^^^^^^^^^^^^^^^^^^^^^^^^^^^^^^^^^^^^^^^^^^^^^^^^^
../../../tools/python/cpython-3.13.15-linux-x86_64-gnu/lib/python3.13/pathlib/_abc.py:632: in read_text
    with self.open(mode='r', encoding=encoding, errors=errors, newline=newline) as f:
         ^^^^^^^^^^^^^^^^^^^^^^^^^^^^^^^^^^^^^^^^^^^^^^^^^^^^^^^^^^^^^^^^^^^^^^
_ _ _ _ _ _ _ _ _ _ _ _ _ _ _ _ _ _ _ _ _ _ _ _ _ _ _ _ _ _ _ _ _ _ _ _ _ _ _ _ 

self = PosixPath('/home/runner/work/_temp/cleanroom/cain/venv-published/lib/python3.13/evaluation/scenarios/quality-v03.json')
mode = 'r', buffering = -1, encoding = 'utf-8', errors = None, newline = None

    def open(self, mode='r', buffering=-1, encoding=None,
             errors=None, newline=None):
        """
        Open the file pointed to by this path and return a file object, as
        the built-in open() function does.
        """
        if "b" not in mode:
            encoding = io.text_encoding(encoding)
&gt;       return io.open(self, mode, buffering, encoding, errors, newline)
               ^^^^^^^^^^^^^^^^^^^^^^^^^^^^^^^^^^^^^^^^^^^^^^^^^^^^^^^^^
E       FileNotFoundError: [Errno 2] No such file or directory: '/home/runner/work/_temp/cleanroom/cain/venv-published/lib/python3.13/evaluation/scenarios/quality-v03.json'

../../../tools/python/cpython-3.13.15-linux-x86_64-gnu/lib/python3.13/pathlib/_local.py:537: FileNotFoundError</failure></testcase><testcase classname="tests.evaluation.test_quality" name="test_comparison_preserves_identical_inputs_and_never_calls_fake_real" time="0.000"><failure message="FileNotFoundError: [Errno 2] No such file or directory: '/home/runner/work/_temp/cleanroom/cain/venv-published/lib/python3.13/evaluation/scenarios/quality-v03.json'">tmp_path = PosixPath('/tmp/pytest-of-runner/pytest-0/test_comparison_preserves_iden0')

    def test_comparison_preserves_identical_inputs_and_never_calls_fake_real(tmp_path):
        calls = []
&gt;       path = run_comparison(tmp_path, QualityConfig(models=("fixture-a", "fixture-b"),
                                                     provider="injected-test", run_id="paired"),
                              provider_factory=lambda model, config: TestProvider(model, calls))

tests/evaluation/test_quality.py:53: 
_ _ _ _ _ _ _ _ _ _ _ _ _ _ _ _ _ _ _ _ _ _ _ _ _ _ _ _ _ _ _ _ _ _ _ _ _ _ _ _ 
../venv-published/lib/python3.13/site-packages/cain/evaluation/quality.py:288: in run_comparison
    design, source = load_dataset(dataset_path)
                     ^^^^^^^^^^^^^^^^^^^^^^^^^^
../venv-published/lib/python3.13/site-packages/cain/evaluation/quality.py:54: in load_dataset
    design = json.loads(path.read_text(encoding="utf-8"))
                        ^^^^^^^^^^^^^^^^^^^^^^^^^^^^^^^^
../../../tools/python/cpython-3.13.15-linux-x86_64-gnu/lib/python3.13/pathlib/_local.py:546: in read_text
    return PathBase.read_text(self, encoding, errors, newline)
           ^^^^^^^^^^^^^^^^^^^^^^^^^^^^^^^^^^^^^^^^^^^^^^^^^^^
../../../tools/python/cpython-3.13.15-linux-x86_64-gnu/lib/python3.13/pathlib/_abc.py:632: in read_text
    with self.open(mode='r', encoding=encoding, errors=errors, newline=newline) as f:
         ^^^^^^^^^^^^^^^^^^^^^^^^^^^^^^^^^^^^^^^^^^^^^^^^^^^^^^^^^^^^^^^^^^^^^^
_ _ _ _ _ _ _ _ _ _ _ _ _ _ _ _ _ _ _ _ _ _ _ _ _ _ _ _ _ _ _ _ _ _ _ _ _ _ _ _ 

self = PosixPath('/home/runner/work/_temp/cleanroom/cain/venv-published/lib/python3.13/evaluation/scenarios/quality-v03.json')
mode = 'r', buffering = -1, encoding = 'utf-8', errors = None, newline = None

    def open(self, mode='r', buffering=-1, encoding=None,
             errors=None, newline=None):
        """
        Open the file pointed to by this path and return a file object, as
        the built-in open() function does.
        """
        if "b" not in mode:
            encoding = io.text_encoding(encoding)
&gt;       return io.open(self, mode, buffering, encoding, errors, newline)
               ^^^^^^^^^^^^^^^^^^^^^^^^^^^^^^^^^^^^^^^^^^^^^^^^^^^^^^^^^
E       FileNotFoundError: [Errno 2] No such file or directory: '/home/runner/work/_temp/cleanroom/cain/venv-published/lib/python3.13/evaluation/scenarios/quality-v03.json'

../../../tools/python/cpython-3.13.15-linux-x86_64-gnu/lib/python3.13/pathlib/_local.py:537: FileNotFoundError</failure></testcase><testcase classname="tests.evaluation.test_quality" name="test_json_checks_reject_wrong_schema_duplicate_keys_and_wrong_labels" time="0.000"><failure message="FileNotFoundError: [Errno 2] No such file or directory: '/home/runner/work/_temp/cleanroom/cain/venv-published/lib/python3.13/evaluation/scenarios/quality-v03.json'">def test_json_checks_reject_wrong_schema_duplicate_keys_and_wrong_labels():
&gt;       item = case("dev-route-code")
               ^^^^^^^^^^^^^^^^^^^^^^

tests/evaluation/test_quality.py:75: 
_ _ _ _ _ _ _ _ _ _ _ _ _ _ _ _ _ _ _ _ _ _ _ _ _ _ _ _ _ _ _ _ _ _ _ _ _ _ _ _ 
tests/evaluation/test_quality.py:16: in case
    return next(item for item in load_dataset()[0]["cases"] if item["id"] == case_id)
                                 ^^^^^^^^^^^^^^
../venv-published/lib/python3.13/site-packages/cain/evaluation/quality.py:54: in load_dataset
    design = json.loads(path.read_text(encoding="utf-8"))
                        ^^^^^^^^^^^^^^^^^^^^^^^^^^^^^^^^
../../../tools/python/cpython-3.13.15-linux-x86_64-gnu/lib/python3.13/pathlib/_local.py:546: in read_text
    return PathBase.read_text(self, encoding, errors, newline)
           ^^^^^^^^^^^^^^^^^^^^^^^^^^^^^^^^^^^^^^^^^^^^^^^^^^^
../../../tools/python/cpython-3.13.15-linux-x86_64-gnu/lib/python3.13/pathlib/_abc.py:632: in read_text
    with self.open(mode='r', encoding=encoding, errors=errors, newline=newline) as f:
         ^^^^^^^^^^^^^^^^^^^^^^^^^^^^^^^^^^^^^^^^^^^^^^^^^^^^^^^^^^^^^^^^^^^^^^
_ _ _ _ _ _ _ _ _ _ _ _ _ _ _ _ _ _ _ _ _ _ _ _ _ _ _ _ _ _ _ _ _ _ _ _ _ _ _ _ 

self = PosixPath('/home/runner/work/_temp/cleanroom/cain/venv-published/lib/python3.13/evaluation/scenarios/quality-v03.json')
mode = 'r', buffering = -1, encoding = 'utf-8', errors = None, newline = None

    def open(self, mode='r', buffering=-1, encoding=None,
             errors=None, newline=None):
        """
        Open the file pointed to by this path and return a file object, as
        the built-in open() function does.
        """
        if "b" not in mode:
            encoding = io.text_encoding(encoding)
&gt;       return io.open(self, mode, buffering, encoding, errors, newline)
               ^^^^^^^^^^^^^^^^^^^^^^^^^^^^^^^^^^^^^^^^^^^^^^^^^^^^^^^^^
E       FileNotFoundError: [Errno 2] No such file or directory: '/home/runner/work/_temp/cleanroom/cain/venv-published/lib/python3.13/evaluation/scenarios/quality-v03.json'

../../../tools/python/cpython-3.13.15-linux-x86_64-gnu/lib/python3.13/pathlib/_local.py:537: FileNotFoundError</failure></testcase><testcase classname="tests.evaluation.test_quality" name="test_fact_presence_is_heuristic_and_source_marker_membership_is_limited" time="0.000"><failure message="FileNotFoundError: [Errno 2] No such file or directory: '/home/runner/work/_temp/cleanroom/cain/venv-published/lib/python3.13/evaluation/scenarios/quality-v03.json'">def test_fact_presence_is_heuristic_and_source_marker_membership_is_limited():
&gt;       checks = assess(case("dev-abstain-price"), "O preço não foi informado. [S1] [F1] [1]")
                        ^^^^^^^^^^^^^^^^^^^^^^^^^

tests/evaluation/test_quality.py:90: 
_ _ _ _ _ _ _ _ _ _ _ _ _ _ _ _ _ _ _ _ _ _ _ _ _ _ _ _ _ _ _ _ _ _ _ _ _ _ _ _ 
tests/evaluation/test_quality.py:16: in case
    return next(item for item in load_dataset()[0]["cases"] if item["id"] == case_id)
                                 ^^^^^^^^^^^^^^
../venv-published/lib/python3.13/site-packages/cain/evaluation/quality.py:54: in load_dataset
    design = json.loads(path.read_text(encoding="utf-8"))
                        ^^^^^^^^^^^^^^^^^^^^^^^^^^^^^^^^
../../../tools/python/cpython-3.13.15-linux-x86_64-gnu/lib/python3.13/pathlib/_local.py:546: in read_text
    return PathBase.read_text(self, encoding, errors, newline)
           ^^^^^^^^^^^^^^^^^^^^^^^^^^^^^^^^^^^^^^^^^^^^^^^^^^^
../../../tools/python/cpython-3.13.15-linux-x86_64-gnu/lib/python3.13/pathlib/_abc.py:632: in read_text
    with self.open(mode='r', encoding=encoding, errors=errors, newline=newline) as f:
         ^^^^^^^^^^^^^^^^^^^^^^^^^^^^^^^^^^^^^^^^^^^^^^^^^^^^^^^^^^^^^^^^^^^^^^
_ _ _ _ _ _ _ _ _ _ _ _ _ _ _ _ _ _ _ _ _ _ _ _ _ _ _ _ _ _ _ _ _ _ _ _ _ _ _ _ 

self = PosixPath('/home/runner/work/_temp/cleanroom/cain/venv-published/lib/python3.13/evaluation/scenarios/quality-v03.json')
mode = 'r', buffering = -1, encoding = 'utf-8', errors = None, newline = None

    def open(self, mode='r', buffering=-1, encoding=None,
             errors=None, newline=None):
        """
        Open the file pointed to by this path and return a file object, as
        the built-in open() function does.
        """
        if "b" not in mode:
            encoding = io.text_encoding(encoding)
&gt;       return io.open(self, mode, buffering, encoding, errors, newline)
               ^^^^^^^^^^^^^^^^^^^^^^^^^^^^^^^^^^^^^^^^^^^^^^^^^^^^^^^^^
E       FileNotFoundError: [Errno 2] No such file or directory: '/home/runner/work/_temp/cleanroom/cain/venv-published/lib/python3.13/evaluation/scenarios/quality-v03.json'

../../../tools/python/cpython-3.13.15-linux-x86_64-gnu/lib/python3.13/pathlib/_local.py:537: FileNotFoundError</failure></testcase><testcase classname="tests.evaluation.test_quality" name="test_code_is_only_parsed_and_algorithm_correctness_is_not_claimed" time="0.000"><failure message="FileNotFoundError: [Errno 2] No such file or directory: '/home/runner/work/_temp/cleanroom/cain/venv-published/lib/python3.13/evaluation/scenarios/quality-v03.json'">tmp_path = PosixPath('/tmp/pytest-of-runner/pytest-0/test_code_is_only_parsed_and_a0')

    def test_code_is_only_parsed_and_algorithm_correctness_is_not_claimed(tmp_path):
        marker = tmp_path / "must-not-exist"
        response = f'```python\ndef soma(a, b):\n    return 0\nopen({str(marker)!r}, "w").write("wrong")\n```'
&gt;       checks = assess(case("dev-code-sum"), response)
                        ^^^^^^^^^^^^^^^^^^^^

tests/evaluation/test_quality.py:101: 
_ _ _ _ _ _ _ _ _ _ _ _ _ _ _ _ _ _ _ _ _ _ _ _ _ _ _ _ _ _ _ _ _ _ _ _ _ _ _ _ 
tests/evaluation/test_quality.py:16: in case
    return next(item for item in load_dataset()[0]["cases"] if item["id"] == case_id)
                                 ^^^^^^^^^^^^^^
../venv-published/lib/python3.13/site-packages/cain/evaluation/quality.py:54: in load_dataset
    design = json.loads(path.read_text(encoding="utf-8"))
                        ^^^^^^^^^^^^^^^^^^^^^^^^^^^^^^^^
../../../tools/python/cpython-3.13.15-linux-x86_64-gnu/lib/python3.13/pathlib/_local.py:546: in read_text
    return PathBase.read_text(self, encoding, errors, newline)
           ^^^^^^^^^^^^^^^^^^^^^^^^^^^^^^^^^^^^^^^^^^^^^^^^^^^
../../../tools/python/cpython-3.13.15-linux-x86_64-gnu/lib/python3.13/pathlib/_abc.py:632: in read_text
    with self.open(mode='r', encoding=encoding, errors=errors, newline=newline) as f:
         ^^^^^^^^^^^^^^^^^^^^^^^^^^^^^^^^^^^^^^^^^^^^^^^^^^^^^^^^^^^^^^^^^^^^^^
_ _ _ _ _ _ _ _ _ _ _ _ _ _ _ _ _ _ _ _ _ _ _ _ _ _ _ _ _ _ _ _ _ _ _ _ _ _ _ _ 

self = PosixPath('/home/runner/work/_temp/cleanroom/cain/venv-published/lib/python3.13/evaluation/scenarios/quality-v03.json')
mode = 'r', buffering = -1, encoding = 'utf-8', errors = None, newline = None

    def open(self, mode='r', buffering=-1, encoding=None,
             errors=None, newline=None):
        """
        Open the file pointed to by this path and return a file object, as
        the built-in open() function does.
        """
        if "b" not in mode:
            encoding = io.text_encoding(encoding)
&gt;       return io.open(self, mode, buffering, encoding, errors, newline)
               ^^^^^^^^^^^^^^^^^^^^^^^^^^^^^^^^^^^^^^^^^^^^^^^^^^^^^^^^^
E       FileNotFoundError: [Errno 2] No such file or directory: '/home/runner/work/_temp/cleanroom/cain/venv-published/lib/python3.13/evaluation/scenarios/quality-v03.json'

../../../tools/python/cpython-3.13.15-linux-x86_64-gnu/lib/python3.13/pathlib/_local.py:537: FileNotFoundError</failure></testcase><testcase classname="tests.evaluation.test_quality" name="test_language_stays_unrated_and_format_checks_are_explicit" time="0.000"><failure message="FileNotFoundError: [Errno 2] No such file or directory: '/home/runner/work/_temp/cleanroom/cain/venv-published/lib/python3.13/evaluation/scenarios/quality-v03.json'">def test_language_stays_unrated_and_format_checks_are_explicit():
&gt;       checks = {check["name"]: check for check in assess(case("dev-preference-english"),
                                                           ^^^^^^^^^^^^^^^^^^^^^^^^^^^^^^
                  "A test compares the actual result with the expected result.")}

tests/evaluation/test_quality.py:109: 
_ _ _ _ _ _ _ _ _ _ _ _ _ _ _ _ _ _ _ _ _ _ _ _ _ _ _ _ _ _ _ _ _ _ _ _ _ _ _ _ 
tests/evaluation/test_quality.py:16: in case
    return next(item for item in load_dataset()[0]["cases"] if item["id"] == case_id)
                                 ^^^^^^^^^^^^^^
../venv-published/lib/python3.13/site-packages/cain/evaluation/quality.py:54: in load_dataset
    design = json.loads(path.read_text(encoding="utf-8"))
                        ^^^^^^^^^^^^^^^^^^^^^^^^^^^^^^^^
../../../tools/python/cpython-3.13.15-linux-x86_64-gnu/lib/python3.13/pathlib/_local.py:546: in read_text
    return PathBase.read_text(self, encoding, errors, newline)
           ^^^^^^^^^^^^^^^^^^^^^^^^^^^^^^^^^^^^^^^^^^^^^^^^^^^
../../../tools/python/cpython-3.13.15-linux-x86_64-gnu/lib/python3.13/pathlib/_abc.py:632: in read_text
    with self.open(mode='r', encoding=encoding, errors=errors, newline=newline) as f:
         ^^^^^^^^^^^^^^^^^^^^^^^^^^^^^^^^^^^^^^^^^^^^^^^^^^^^^^^^^^^^^^^^^^^^^^
_ _ _ _ _ _ _ _ _ _ _ _ _ _ _ _ _ _ _ _ _ _ _ _ _ _ _ _ _ _ _ _ _ _ _ _ _ _ _ _ 

self = PosixPath('/home/runner/work/_temp/cleanroom/cain/venv-published/lib/python3.13/evaluation/scenarios/quality-v03.json')
mode = 'r', buffering = -1, encoding = 'utf-8', errors = None, newline = None

    def open(self, mode='r', buffering=-1, encoding=None,
             errors=None, newline=None):
        """
        Open the file pointed to by this path and return a file object, as
        the built-in open() function does.
        """
        if "b" not in mode:
            encoding = io.text_encoding(encoding)
&gt;       return io.open(self, mode, buffering, encoding, errors, newline)
               ^^^^^^^^^^^^^^^^^^^^^^^^^^^^^^^^^^^^^^^^^^^^^^^^^^^^^^^^^
E       FileNotFoundError: [Errno 2] No such file or directory: '/home/runner/work/_temp/cleanroom/cain/venv-published/lib/python3.13/evaluation/scenarios/quality-v03.json'

../../../tools/python/cpython-3.13.15-linux-x86_64-gnu/lib/python3.13/pathlib/_local.py:537: FileNotFoundError</failure></testcase><testcase classname="tests.evaluation.test_quality" name="test_errors_and_truncation_remain_visible_without_retry_or_lost_cases" time="0.001"><failure message="FileNotFoundError: [Errno 2] No such file or directory: '/home/runner/work/_temp/cleanroom/cain/venv-published/lib/python3.13/evaluation/scenarios/quality-v03.json'">tmp_path = PosixPath('/tmp/pytest-of-runner/pytest-0/test_errors_and_truncation_rem0')

    def test_errors_and_truncation_remain_visible_without_retry_or_lost_cases(tmp_path):
        attempts = []
    
        class Faults(TestProvider):
            def generate(self, prompt, context=""):
                attempts.append(prompt)
                self.last_metadata = {}
                if "SQLite" in prompt:
                    raise RuntimeError("fixture failure")
                self.last_metadata = {"done_reason": "length"}
                return "partial fixture response"
    
&gt;       path = run_comparison(tmp_path, QualityConfig(models=("fixture",), provider="injected-test",
                                                     split="dev", run_id="faults"),
                              provider_factory=lambda model, config: Faults(model, []))

tests/evaluation/test_quality.py:130: 
_ _ _ _ _ _ _ _ _ _ _ _ _ _ _ _ _ _ _ _ _ _ _ _ _ _ _ _ _ _ _ _ _ _ _ _ _ _ _ _ 
../venv-published/lib/python3.13/site-packages/cain/evaluation/quality.py:288: in run_comparison
    design, source = load_dataset(dataset_path)
                     ^^^^^^^^^^^^^^^^^^^^^^^^^^
../venv-published/lib/python3.13/site-packages/cain/evaluation/quality.py:54: in load_dataset
    design = json.loads(path.read_text(encoding="utf-8"))
                        ^^^^^^^^^^^^^^^^^^^^^^^^^^^^^^^^
../../../tools/python/cpython-3.13.15-linux-x86_64-gnu/lib/python3.13/pathlib/_local.py:546: in read_text
    return PathBase.read_text(self, encoding, errors, newline)
           ^^^^^^^^^^^^^^^^^^^^^^^^^^^^^^^^^^^^^^^^^^^^^^^^^^^
../../../tools/python/cpython-3.13.15-linux-x86_64-gnu/lib/python3.13/pathlib/_abc.py:632: in read_text
    with self.open(mode='r', encoding=encoding, errors=errors, newline=newline) as f:
         ^^^^^^^^^^^^^^^^^^^^^^^^^^^^^^^^^^^^^^^^^^^^^^^^^^^^^^^^^^^^^^^^^^^^^^
_ _ _ _ _ _ _ _ _ _ _ _ _ _ _ _ _ _ _ _ _ _ _ _ _ _ _ _ _ _ _ _ _ _ _ _ _ _ _ _ 

self = PosixPath('/home/runner/work/_temp/cleanroom/cain/venv-published/lib/python3.13/evaluation/scenarios/quality-v03.json')
mode = 'r', buffering = -1, encoding = 'utf-8', errors = None, newline = None

    def open(self, mode='r', buffering=-1, encoding=None,
             errors=None, newline=None):
        """
        Open the file pointed to by this path and return a file object, as
        the built-in open() function does.
        """
        if "b" not in mode:
            encoding = io.text_encoding(encoding)
&gt;       return io.open(self, mode, buffering, encoding, errors, newline)
               ^^^^^^^^^^^^^^^^^^^^^^^^^^^^^^^^^^^^^^^^^^^^^^^^^^^^^^^^^
E       FileNotFoundError: [Errno 2] No such file or directory: '/home/runner/work/_temp/cleanroom/cain/venv-published/lib/python3.13/evaluation/scenarios/quality-v03.json'

../../../tools/python/cpython-3.13.15-linux-x86_64-gnu/lib/python3.13/pathlib/_local.py:537: FileNotFoundError</failure></testcase><testcase classname="tests.evaluation.test_quality" name="test_cli_has_no_fake_option_and_injection_cannot_be_mislabeled" time="0.001" /><testcase classname="tests.evaluation.test_quality" name="test_adapter_truncation_exception_preserves_partial_response" time="0.000"><failure message="FileNotFoundError: [Errno 2] No such file or directory: '/home/runner/work/_temp/cleanroom/cain/venv-published/lib/python3.13/evaluation/scenarios/quality-v03.json'">tmp_path = PosixPath('/tmp/pytest-of-runner/pytest-0/test_adapter_truncation_except0')

    def test_adapter_truncation_exception_preserves_partial_response(tmp_path):
        class LLMTruncated(RuntimeError):
            def __init__(self):
[...]
erfil \U0001f600 Perfil \U0001f600 Perfil \U0001f600 Perfil \U0001f600 Perfil \U0001f600 Perfil \U0001f600 Perfil \U0001f600 Perfil \U0001f600 Perfil \U0001f600 Perfil \U0001f600 Perfil \U0001f600 Perfil \U0001f600 Perfil \U0001f600 Perfil \U0001f600 Perfil \U0001f600 Perfil \U0001f600 Perfil \U0001f600 Perfil \U0001f600 Perfil \U0001f600 Perfil \U0001f600 Perfil \U0001f600 Perfil \U0001f600 Perfil \U0001f600 Perfil \U0001f600 Perfil \U0001f600 Perfil \U0001f600 Perfil \U0001f600 Perfil \U0001f600 Perfil \U0001f600 Perfil \U0001f600 Perfil \U0001f600 Perfil \U0001f600 Perfil \U0001f600 Perfil \U0001f600 Perfil \U0001f600 Perfil \U0001f600 Perfil \U0001f600 Perfil \U0001f600 Perfil \U0001f600 Perfil \U0001f600 Perfil \U0001f600 Perfil \U0001f600 Perfil \U0001f600 Perfil \U0001f600 Perfil \U0001f600 Perfil \U0001f600 Perfil \U0001f600 Perfil \U0001f600 Perfil \U0001f600 Perfil \U0001f600 Perfil \U0001f600 Perfil \U0001f600 Perfil \U0001f600 Perfil \U0001f600 Perfil \U0001f600 Perfil \U0001f600 Perfil \U0001f600 Perfil \U0001f600 Perfil \U0001f600 Perfil \U0001f600 Perfil \U0001f600 Perfil \U0001f600 Perfil \U0001f600 Perfil \U0001f600 Perfil \U0001f600 Perfil \U0001f600 Perfil \U0001f600 Perfil \U0001f600 Perfil \U0001f600 Perfil \U0001f600 Perfil \U0001f600 Perfil \U0001f600 Perfil \U0001f600 Perfil \U0001f600 Perfil \U0001f600 Perfil \U0001f600 Perfil \U0001f600 Perfil \U0001f600 Perfil \U0001f600 Perfil \U0001f600 Perfil \U0001f600 Perfil \U0001f600 Perfil \U0001f600 Perfil \U0001f600 Perfil \U0001f600 Perfil \U0001f600 Perfil \U0001f600 Perfil \U0001f600 Perfil \U0001f600 Perfil \U0001f600 Perfil \U0001f600 Perfil \U0001f600 Perfil \U0001f600 Perfil \U0001f600 Perfil \U0001f600 Perfil \U0001f600 Perfil \U0001f600 Perfil \U0001f600 Perfil \U0001f600 Perfil \U0001f600 Perfil \U0001f600 Perfil \U0001f600 Perfil \U0001f600 Perfil \U0001f600 Perfil \U0001f600 Perfil \U0001f600 Perfil \U0001f600 Perfil \U0001f600 Perfil \U0001f600 Perfil \U0001f600 Perfil \U0001f600 Perfil \U0001f600 Perfil \U0001f600 Perfil \U0001f600 Perfil \U0001f600 Perfil \U0001f600 Perfil \U0001f600 Perfil \U0001f600 Perfil \U0001f600 Perfil \U0001f600 Perfil \U0001f600 Perfil \U0001f600 Perfil \U0001f600 Perfil \U0001f600 Perfil \U0001f600 Perfil \U0001f600 Perfil \U0001f600 Perfil \U0001f600 Perfil \U0001f600 Perfil \U0001f600 Perfil \U0001f600 Perfil \U0001f600 Perfil \U0001f600 Perfil \U0001f600 Perfil \U0001f600 Perfil \U0001f600 Perfil \U0001f600 Perfil \U0001f600 Perfil \U0001f600 Perfil \U0001f600 Perfil \U0001f600 Perfil \U0001f600 Perfil \U0001f600 Perfil \U0001f600 Perfil \U0001f600 Perfil \U0001f600 Perfil \U0001f600 Perfil \U0001f600 Perfil \U0001f600 Perfil \U0001f600 Perfil \U0001f600 Perfil \U0001f600 Perfil \U0001f600 Perfil \U0001f600 Perfil \U0001f600 Perfil \U0001f600 Perfil \U0001f600 Perfil \U0001f600 Perfil \U0001f600 Perfil \U0001f600 Perfil \U0001f600 Perfil \U0001f600 Perfil \U0001f600 Perfil \U0001f600 Perfil \U0001f600 Perfil \U0001f600 Perfil \U0001f600 Perfil \U0001f600 Perfil \U0001f600 Perfil \U0001f600 Perfil \U0001f600 Perfil \U0001f600 Perfil \U0001f600 Perfil \U0001f600 Perfil \U0001f600 Perfil \U0001f600 Perfil \U0001f600 Perfil \U0001f600 Perfil \U0001f600 Perfil \U0001f600 Perfil \U0001f600 Perfil \U0001f600 Perfil \U0001f600 Perfil \U0001f600 Perfil \U0001f600 Perfil \U0001f600 Perfil \U0001f600 Perfil \U0001f600 Perfil \U0001f600 Perfil \U0001f600 Perfil \U0001f600 Perfil \U0001f600 Perfil \U0001f600 Perfil \U0001f600 Perfil \U0001f600 Perfil \U0001f600 Perfil \U0001f600 Perfil \U0001f600 Perfil \U0001f600 Perfil \U0001f600 Perfil \U0001f600 Perfil \U0001f600 Perfil \U0001f600 Perfil \U0001f600 Perfil \U0001f600 Perfil \U0001f600 Perfil \U0001f600 Perfil \U0001f600 Perfil \U0001f600 Perfil \U0001f600 Perfil \U0001f600 Perfil \U0001f600 Perfil \U0001f600 Perfil \U0001f600 Perfil \U0001f600 Perfil \U0001f600 Perfil \U0001f600 Perfil \U0001f600 Perfil \U0001f600 Perfil \U0001f600 Perfil \U0001f600 Perfil \U0001f600 Perfil \U0001f600 Perfil \U0001f600 Perfil \U0001f600 Perfil \U0001f600 Perfil \U0001f600 Perfil \U0001f600 Perfil \U0001f600 Perfil \U0001f600 Perfil \U0001f600 Perfil \U0001f600 Perfil \U0001f600 Perfil \U0001f600 Perfil \U0001f600 Perfil \U0001f600 Perfil \U0001f600 Perfil \U0001f600 Perfil \U0001f600 Perfil \U0001f600 Perfil \U0001f600 Perfil \U0001f600 Perfil \U0001f600 Perfil \U0001f600 Perfil \U0001f600 Perfil \U0001f600 Perfil \U0001f600 Perfil \U0001f600 Perfil \U0001f600 Perfil \U0001f600 Perfil \U0001f600 Perfil \U0001f600 Perfil \U0001f600 Perfil \U0001f600 Perfil \U0001f600 Perfil \U0001f600 Perfil \U0001f600 Perfil \U0001f600 Perfil \U0001f600 Perfil \U0001f600 Perfil \U0001f600 Perfil \U0001f600 Perfil \U0001f600 Perfil \U0001f600 Perfil \U0001f600 Perfil \U0001f600 Perfil \U0001f600 Perfil \U0001f600 Perfil \U0001f600 Perfil \U0001f600 Perfil \U0001f600 Perfil \U0001f600 Perfil \U0001f600 Perfil \U0001f600 Perfil \U0001f600 Perfil \U0001f600 Perfil \U0001f600 Perfil \U0001f600 Perfil \U0001f600 Perfil \U0001f600 Perfil \U0001f600 Perfil \U0001f600 Perfil \U0001f600 Perfil \U0001f600 Perfil \U0001f600 Perfil \U0001f600 Perfil \U0001f600 Perfil \U0001f600 Perfil \U0001f600 Perfil \U0001f600 Perfil \U0001f600 Perfil \U0001f600 Perfil \U0001f600 Perfil \U0001f600 Perfil \U0001f600 Perfil \U0001f600 Perfil \U0001f600 Perfil \U0001f600 Perfil \U0001f600 Perfil \U0001f600 Perfil \U0001f600 Perfil \U0001f600 Perfil \U0001f600 Perfil \U0001f600 Perfil \U0001f600 Perfil \U0001f600 Perfil \U0001f600 Perfil \U0001f600 Perfil \U0001f600 Perfil \U0001f600 Perfil \U0001f600 Perfil \U0001f600 Perfil \U0001f600 Perfil \U0001f600 Perfil \U0001f600 Perfil \U0001f600 Perfil \U0001f600 Perfil \U0001f600 Perfil \U0001f600 Perfil \U0001f600 Perfil \U0001f600 Perfil \U0001f600 Perfil \U0001f600 Perfil \U0001f600 Perfil \U0001f600 Perfil \U0001f600 Perfil \U0001f600 Perfil \U0001f600 Perfil \U0001f600 Perfil \U0001f600 Perfil \U0001f600 Perfil \U0001f600 Perfil \U0001f600 Perfil \U0001f600 Perfil \U0001f600 Perfil \U0001f600 Perfil \U0001f600 Perfil \U0001f600 Perfil \U0001f600 Perfil \U0001f600 Perfil \U0001f600 Perfil \U0001f600 Perfil \U0001f600 Perfil \U0001f600 Perfil \U0001f600 Perfil \U0001f600 Perfil \U0001f600 Perfil \U0001f600 Perfil \U0001f600 Perfil \U0001f600 Perfil \U0001f600 Perfil \U0001f600 Perfil \U0001f600 Perfil \U0001f600 Perfil \U0001f600 Perfil \U0001f600 Perfil \U0001f600 Perfil \U0001f600 Perfil \U0001f600 Perfil \U0001f600 Perfil \U0001f600 Perfil \U0001f600 Perfil \U0001f600 Perfil \U0001f600 Perfil \U0001f600 Perfil \U0001f600 Perfil \U0001f600 Perfil \U0001f600 Perfil \U0001f600 Perfil \U0001f600 Perfil \U0001f600 Perfil \U0001f600 Perfil \U0001f600 Perfil \U0001f600 Perfil \U0001f600 Perfil \U0001f600 Perfil \U0001f600 Perfil \U0001f600 Perfil \U0001f600 Perfil \U0001f600 Perfil \U0001f600 Perfil \U0001f600 Perfil \U0001f600 Perfil \U0001f600 Perfil \U0001f600 Perfil \U0001f600 Perfil \U0001f600 Perfil \U0001f600 Perfil \U0001f600 Perfil \U0001f600 Perfil \U0001f600 Perfil \U0001f600 Perfil \U0001f600 Perfil \U0001f600 Perfil \U0001f600 Perfil \U0001f600 Perfil \U0001f600 Perfil \U0001f600 Perfil \U0001f600 Perfil \U0001f600 Perfil \U0001f600 Perfil \U0001f600 Perfil \U0001f600 Perfil \U0001f600 Perfil \U0001f600 Perfil \U0001f600 Perfil \U0001f600 Perfil \U0001f600 Perfil \U0001f600 Perfil \U0001f600 Perfil \U0001f600 Perfil \U0001f600 Perfil \U0001f600 Perfil \U0001f600 Perfil \U0001f600 Perfil \U0001f600 Perfil \U0001f600 Perfil \U0001f600 Perfil \U0001f600 Perfil \U0001f600 Perfil \U0001f600 Perfil \U0001f600 Perfil \U0001f600 Perfil \U0001f600 Perfil \U0001f600 Perfil \U0001f600 Perfil \U0001f600 Perfil \U0001f600 Perfil \U0001f600 Perfil \U0001f600 Perfil \U0001f600 Perfil \U0001f600 Perfil \U0001f600 Perfil \U0001f600 Perfil \U0001f600 Perfil \U0001f600 Perfil \U0001f600 Perfil \U0001f600 Perfil \U0001f600 Perfil \U0001f600 Perfil \U0001f600 Perfil \U0001f600 Perfil \U0001f600 Perfil \U0001f600 Perfil \U0001f600 Perfil \U0001f600 Perfil \U0001f600 Perfil \U0001f600 Perfil \U0001f600 Perfil \U0001f600 Perfil \U0001f600 Perfil \U0001f600 Perfil \U0001f600 Perfil \U0001f600 Perfil \U0001f600 Perfil \U0001f600 Perfil \U0001f600 Perfil \U0001f600 Perfil \U0001f600 Perfil \U0001f600 Perfil \U0001f600 Perfil \U0001f600 Perfil \U0001f600 Perfil \U0001f600 Perfil \U0001f600 Perfil \U0001f600 Perfil \U0001f600 Perfil \U0001f600 Perfil \U0001f600 Perfil \U0001f600 Perfil \U0001f600 Perfil \U0001f600 Perfil \U0001f600 Perfil \U0001f600 Perfil \U0001f600 Perfil \U0001f600 Perfil \U0001f600 Perfil \U0001f600 Perfil \U0001f600 Perfil \U0001f600 Perfil \U0001f600 Perfil \U0001f600 Perfil \U0001f600 Perfil \U0001f600 Perfil \U0001f600 Perfil \U0001f600 Perfil \U0001f600 Perfil \U0001f600 Perfil \U0001f600 Perfil \U0001f600 Perfil \U0001f600 Perfil \U0001f600 Perfil \U0001f600 Perfil \U0001f600 Perfil \U0001f600 Perfil \U0001f600 Perfil \U0001f600 Perfil \U0001f600 Perfil \U0001f600 Perfil \U0001f600 Perfil \U0001f600 Perfil \U0001f600 Perfil \U0001f600 Perfil \U0001f600 Perfil \U0001f600 Perfil \U0001f600 Perfil \U0001f600 Perfil \U0001f600 Perfil \U0001f600 Perfil \U0001f600 Perfil \U0001f600 Perfil \U0001f600 Perfil \U0001f600 Perfil \U0001f600 Perfil \U0001f600 Perfil \U0001f600 Perfil \U0001f600 Perfil \U0001f600 Perfil \U0001f600 Perfil \U0001f600 Perfil \U0001f600 Perfil \U0001f600 Perfil \U0001f600 Perfil \U0001f600 Perfil \U0001f600 Perfil \U0001f600 Perfil \U0001f600 Perfil \U0001f600 Perfil \U0001f600 Perfil \U0001f600 Perfil \U0001f600 Perfil \U0001f600 Perfil \U0001f600 Perfil \U0001f600 Perfil \U0001f600 Perfil \U0001f600 Perfil \U0001f600 Perfil \U0001f600 Perfil \U0001f600 Perfil \U0001f600 Perfil \U0001f600 Perfil \U0001f600 Perfil \U0001f600 Perfil \U0001f600 Perfil \U0001f600 Perfil \U0001f600 Perfil \U0001f600 Perfil \U0001f600 Perfil \U0001f600 Perfil \U0001f600 Perfil \U0001f600 Perfil \U0001f600 Perfil \U0001f600 Perfil \U0001f600 Perfil \U0001f600 Perfil \U0001f600 Perfil \U0001f600 Perfil \U0001f600 Perfil \U0001f600 Perfil \U0001f600 Perfil \U0001f600 Perfil \U0001f600 Perfil \U0001f600 Perfil \U0001f600 Perfil \U0001f600 Perfil \U0001f600 Perfil \U0001f600 Perfil \U0001f600 Perfil \U0001f600 Perfil \U0001f600 Perfil \U0001f600 Perfil \U0001f600 Perfil \U0001f600 Perfil \U0001f600 Perfil \U0001f600 Perfil \U0001f600 Perfil \U0001f600 Perfil \U0001f600 Perfil \U0001f600 Perfil \U0001f600 Perfil \U0001f600 Perfil \U0001f600 Perfil \U0001f600 Perfil \U0001f600 Perfil \U0001f600 Perfil \U0001f600 Perfil \U0001f600 Perfil \U0001f600 Perfil \U0001f600 Perfil \U0001f600 Perfil \U0001f600 Perfil \U0001f600 Perfil \U0001f600 Perfil \U0001f600 Perfil \U0001f600 Perfil \U0001f600 Perfil \U0001f600 Perfil \U0001f600 Perfil \U0001f600 Perfil \U0001f600 Perfil \U0001f600 Perfil \U0001f600 Perfil \U0001f600 Perfil \U0001f600 Perfil \U0001f600 Perfil \U0001f600 Perfil \U0001f600 Perfil \U0001f600 Perfil \U0001f600 Perfil \U0001f600 Perfil \U0001f600 Perfil \U0001f600 Perfil \U0001f600 Perfil \U0001f600 Perfil \U0001f600 Perfil \U0001f600 Perfil \U0001f600 Perfil \U0001f600 Perfil \U0001f600 Perfil \U0001f600 Perfil \U0001f600 Perfil \U0001f600 Perfil \U0001f600 Perfil \U0001f600 Perfil \U0001f600 Perfil \U0001f600 Perfil \U0001f600 Perfil \U0001f600 Perfil \U0001f600 Perfil \U0001f600 Perfil \U0001f600 Perfil \U0001f600 Perfil \U0001f600 Perfil \U0001f600 Perfil \U0001f600 Perfil \U0001f600 Perfil \U0001f600 Perfil \U0001f600 Perfil \U0001f600 Perfil \U0001f600 Perfil \U0001f600 Perfil \U0001f600 Perfil \U0001f600 Perfil \U0001f600 Perfil \U0001f600 Perfil \U0001f600 Perfil \U0001f600 Perfil \U0001f600 Perfil \U0001f600 Perfil \U0001f600 Perfil \U0001f600 Perfil \U0001f600 Perfil \U0001f600 Perfil \U0001f600 Perfil \U0001f600 Perfil \U0001f600 Perfil \U0001f600 Perfil \U0001f600 Perfil \U0001f600 Perfil \U0001f600 Perfil \U0001f600 Perfil \U0001f600 Perfil \U0001f600 Perfil \U0001f600 Perfil \U0001f600 Perfil \U0001f600 Perfil \U0001f600 Perfil \U0001f600 Perfil \U0001f600 Perfil \U0001f600 Perfil \U0001f600 Perfil \U0001f600 Perfil \U0001f600 Perfil \U0001f600 Perfil \U0001f600 Perfil \U0001f600 Perfil \U0001f600 Perfil \U0001f600 Perfil \U0001f600 Perfil \U0001f600 Perfil \U0001f600 Perfil \U0001f600 Perfil \U0001f600 Perfil \U0001f600 Perfil \U0001f600 Perfil \U0001f600 Perfil \U0001f600 Perfil \U0001f600 Perfil \U0001f600 Perfil \U0001f600 Perfil \U0001f600 Perfil \U0001f600 Perfil \U0001f600 Perfil \U0001f600 Perfil \U0001f600 Perfil \U0001f600 Perfil \U0001f600 Perfil \U0001f600 Perfil \U0001f600 Perfil \U0001f600 Perfil \U0001f600 Perfil \U0001f600 Perfil \U0001f600 Perfil \U0001f600 Perfil \U0001f600 Perfil \U0001f600 Perfil \U0001f600 Perfil \U0001f600 Perfil \U0001f600 Perfil \U0001f600 Perfil \U0001f600 Perfil \U0001f600 Perfil \U0001f600 Perfil \U0001f600 Perfil \U0001f600 Perfil \U0001f600 Perfil \U0001f600 Perfil \U0001f600 Perfil \U0001f600 Perfil \U0001f600 Perfil \U0001f600 Perfil \U0001f600 Perfil \U0001f600 Perfil \U0001f600 Perfil \U0001f600 Perfil \U0001f600 Perfil \U0001f600 Perfil \U0001f600 Perfil \U0001f600 Perfil \U0001f600 Perfil \U0001f600 Perfil \U0001f600 Perfil \U0001f600 Perfil \U0001f600 Perfil \U0001f600 Perfil \U0001f600 Perfil \U0001f600 Perfil \U0001f600 Perfil \U0001f600 Perfil \U0001f600 Perfil \U0001f600 Perfil \U0001f600 Perfil \U0001f600 Perfil \U0001f600 Perfil \U0001f600 Perfil \U0001f600 Perfil \U0001f600 Perfil \U0001f600 Perfil \U0001f600 Perfil \U0001f600 Perfil \U0001f600 Perfil \U0001f600 Perfil \U0001f600 Perfil \U0001f600 Perfil \U0001f600 Perfil \U0001f600 Perfil \U0001f600 Perfil \U0001f600 Perfil \U0001f600 Perfil \U0001f600 Perfil \U0001f600 Perfil \U0001f600 Perfil \U0001f600 Perfil \U0001f600 Perfil \U0001f600 Perfil \U0001f600 Perfil \U0001f600 Perfil \U0001f600 Perfil \U0001f600 Perfil \U0001f600 Perfil \U0001f600 Perfil \U0001f600 Perfil \U0001f600 Perfil \U0001f600 Perfil \U0001f600 Perfil \U0001f600 Perfil \U0001f600 Perfil \U0001f600 Perfil \U0001f600 Perfil \U0001f600 Perfil \U0001f600 Perfil \U0001f600 Perfil \U0001f600 Perfil \U0001f600 Perfil \U0001f600 Perfil \U0001f600 Perfil \U0001f600 Perfil \U0001f600 Perfil \U0001f600 Perfil \U0001f600 Perfil \U0001f600 Perfil \U0001f600 Perfil \U0001f600 Perfil \U0001f600 Perfil \U0001f600 Perfil \U0001f600 Perfil \U0001f600 Perfil \U0001f600 Perfil \U0001f600 Perfil \U0001f600 Perfil \U0001f600 Perfil \U0001f600 Perfil \U0001f600 Perfil \U0001f600 Perfil \U0001f600 Perfil \U0001f600 Perfil \U0001f600 Perfil \U0001f600 Perfil \U0001f600 Perfil \U0001f600 Perfil \U0001f600 Perfil \U0001f600 Perfil \U0001f600 Perfil \U0001f600 Perfil \U0001f600 Perfil \U0001f600 Perfil \U0001f600 Perfil \U0001f600 Perfil \U0001f600 Perfil \U0001f600 Perfil \U0001f600 Perfil \U0001f600 Perfil \U0001f600 Perfil \U0001f600 Perfil \U0001f600 Perfil \U0001f600 Perfil \U0001f600 Perfil \U0001f600 Perfil \U0001f600 Perfil \U0001f600 Perfil \U0001f600 Perfil \U0001f600 Perfil \U0001f600 Perfil \U0001f600 Perfil \U0001f600 Perfil \U0001f600 Perfil \U0001f600 Perfil \U0001f600 Perfil \U0001f600 Perfil \U0001f600 Perfil \U0001f600 Perfil \U0001f600 Perfil \U0001f600 Perfil \U0001f600 Perfil \U0001f600 Perfil \U0001f600 Perfil \U0001f600 Perfil \U0001f600 Perfil \U0001f600 Perfil \U0001f600 Perfil \U0001f600 Perfil \U0001f600 Perfil \U0001f600 Perfil \U0001f600 Perfil \U0001f600 Perfil \U0001f600 Perfil \U0001f600 Perfil \U0001f600 Perfil \U0001f600 Perfil \U0001f600 Perfil \U0001f600 Perfil \U0001f600 Perfil \U0001f600 Perfil \U0001f600 Perfil \U0001f600 Perfil \U0001f600 Perfil \U0001f600 Perfil \U0001f600 Perfil \U0001f600 Perfil \U0001f600 Perfil \U0001f600 Perfil \U0001f600 Perfil \U0001f600 Perfil \U0001f600 Perfil \U0001f600 Perfil \U0001f600 Perfil \U0001f600 Perfil \U0001f600 Perfil \U0001f600 Perfil \U0001f600 Perfil \U0001f600 Perfil \U0001f600 Perfil \U0001f600 Perfil \U0001f600 Perfil \U0001f600 Perfil \U0001f600 Perfil \U0001f600 Perfil \U0001f600 Perfil \U0001f600 Perfil \U0001f600 Perfil \U0001f600 Perfil \U0001f600 Perfil \U0001f600 Perfil \U0001f600 Perfil \U0001f600 Perfil \U0001f600 Perfil \U0001f600 Perfil \U0001f600 Perfil \U0001f600 Perfil \U0001f600 Perfil \U0001f600 Perfil \U0001f600 Perfil \U0001f600 Perfil \U0001f600 Perfil \U0001f600 Perfil \U0001f600 Perfil \U0001f600 Perfil \U0001f600 Perfil \U0001f600 Perfil \U0001f600 Perfil \U0001f600 Perfil \U0001f600 Perfil \U0001f600 Perfil \U0001f600 Perfil \U0001f600 Perfil \U0001f600 Perfil \U0001f600 Perfil \U0001f600 Perfil \U0001f600 Perfil \U0001f600 Perfil \U0001f600 Perfil \U0001f600 Perfil \U0001f600 Perfil \U0001f600 Perfil \U0001f600 Perfil \U0001f600 Perfil \U0001f600 Perfil \U0001f600 Perfil \U0001f600 Perfil \U0001f600 Perfil \U0001f600 Perfil \U0001f600 Perfil \U0001f600 Perfil \U0001f600 Perfil \U0001f600 Perfil \U0001f600 Perfil \U0001f600 Perfil \U0001f600 Perfil \U0001f600 Perfil \U0001f600 Perfil \U0001f600 Perfil \U0001f600 Perfil \U0001f600 Perfil \U0001f600 Perfil \U0001f600 Perfil \U0001f600 Perfil \U0001f600 Perfil \U0001f600 Perfil \U0001f600 Perfil \U0001f600 Perfil \U0001f600 Perfil \U0001f600 Perfil \U0001f600 Perfil \U0001f600 Perfil \U0001f600 Perfil \U0001f600 Perfil \U0001f600 Perfil \U0001f600 Perfil \U0001f600 Perfil \U0001f600 Perfil \U0001f600 Perfil \U0001f600 Perfil \U0001f600 Perfil \U0001f600 Perfil \U0001f600 Perfil \U0001f600 Perfil \U0001f600 Perfil \U0001f600 Perfil \U0001f600 ]" time="0.000" /><testcase classname="tests.unit.test_v03_evidence_byte_budget" name="test_budget_too_small_for_one_textual_source_fails_without_generation" time="0.000" /><testcase classname="tests.unit.test_v03_evidence_byte_budget" name="test_short_normal_evidence_is_preserved_and_not_marked_truncated" time="0.000" /><testcase classname="tests.unit.test_v03_evidence_byte_budget" name="test_provider_without_budget_attributes_preserves_legacy_character_allowance" time="0.000" /><testcase classname="tests.unit.test_v03_llm_contract" name="test_json_schema_think_and_generation_options_reach_transport[None]" time="0.000" /><testcase classname="tests.unit.test_v03_llm_contract" name="test_json_schema_think_and_generation_options_reach_transport[False]" time="0.000" /><testcase classname="tests.unit.test_v03_llm_contract" name="test_json_schema_think_and_generation_options_reach_transport[True]" time="0.000" /><testcase classname="tests.unit.test_v03_llm_contract" name="test_plain_generation_does_not_send_json_format" time="0.000" /><testcase classname="tests.unit.test_v03_llm_contract" name="test_invalid_schema_is_rejected_before_any_transport[schema0]" time="0.000" /><testcase classname="tests.unit.test_v03_llm_contract" name="test_invalid_schema_is_rejected_before_any_transport[schema1]" time="0.000" /><testcase classname="tests.unit.test_v03_llm_contract" name="test_invalid_schema_is_rejected_before_any_transport[schema2]" time="0.000" /><testcase classname="tests.unit.test_v03_llm_contract" name="test_malformed_generated_json_fails_once_and_retains_reported_metadata" time="0.000" /><testcase classname="tests.unit.test_v03_llm_contract" name="test_truncation_preserves_partial_response_and_backend_evidence[False-length]" time="0.000" /><testcase classname="tests.unit.test_v03_llm_contract" name="test_truncation_preserves_partial_response_and_backend_evidence[False-max_tokens]" time="0.000" /><testcase classname="tests.unit.test_v03_llm_contract" name="test_truncation_preserves_partial_response_and_backend_evidence[True-length]" time="0.000" /><testcase classname="tests.unit.test_v03_llm_contract" name="test_truncation_preserves_partial_response_and_backend_evidence[True-max_tokens]" time="0.000" /><testcase classname="tests.unit.test_v03_llm_contract" name="test_failed_transport_does_not_reuse_metadata_from_previous_generation" time="0.000" /><testcase classname="tests.unit.test_v03_llm_contract" name="test_utf8_byte_guard_and_generation_reserve_fail_without_silent_cutting" time="0.001" /></testsuite></testsuites>