<?xml version="1.0" encoding="utf-8"?><testsuites name="pytest tests"><testsuite name="pytest" errors="0" failures="0" skipped="0" tests="87" time="253.984" timestamp="2026-09-24T04:08:16.172490+00:00" hostname="runnervmvmocb"><testcase classname="tests.conformance.test_contract_conformance" name="test_e2e_result_is_reread_identically_after_restart" time="4.667" /><testcase classname="tests.conformance.test_contract_conformance" name="test_idempotency_duplicate_retry_and_conflict" time="5.086" /><testcase classname="tests.conformance.test_contract_conformance" name="test_future_canary_fails_closed_and_never_leaks" time="6.936" /><testcase classname="tests.conformance.test_contract_conformance" name="test_temporal_integrity_as_of_mismatch_fails_closed" time="3.177" /><testcase classname="tests.conformance.test_contract_conformance" name="test_authority_states_stay_separate[case_a-INCONCLUSIVE-INCONCLUSIVE-NO_EDGE]" time="4.293" /><testcase classname="tests.conformance.test_contract_conformance" name="test_authority_states_stay_separate[case_b-NO_EDGE-SUPPORTED-NO_EDGE]" time="3.804" /><testcase classname="tests.conformance.test_contract_conformance" name="test_authority_states_stay_separate[insufficient-CLOSED_INSUFFICIENT_SAMPLE-INSUFFICIENT_SAMPLE-NOT_EVALUATED]" time="3.464" /><testcase classname="tests.conformance.test_contract_conformance" name="test_admission_rejects_before_any_execution[&lt;lambda&gt;-SCHEMA_INVALID0]" time="1.771" /><testcase classname="tests.conformance.test_contract_conformance" name="test_admission_rejects_before_any_execution[&lt;lambda&gt;-SCHEMA_INVALID1]" time="1.594" /><testcase classname="tests.conformance.test_contract_conformance" name="test_admission_rejects_before_any_execution[&lt;lambda&gt;-SCHEMA_INVALID2]" time="1.447" /><testcase classname="tests.conformance.test_contract_conformance" name="test_admission_rejects_before_any_execution[&lt;lambda&gt;-SCHEMA_INVALID3]" time="1.461" /><testcase classname="tests.conformance.test_contract_conformance" name="test_admission_rejects_before_any_execution[&lt;lambda&gt;-SCHEMA_INVALID4]" time="1.560" /><testcase classname="tests.conformance.test_contract_conformance" name="test_admission_rejects_before_any_execution[&lt;lambda&gt;-SCHEMA_INVALID5]" time="1.473" /><testcase classname="tests.conformance.test_contract_conformance" name="test_admission_rejects_before_any_execution[&lt;lambda&gt;-SCHEMA_INVALID6]" time="1.438" /><testcase classname="tests.conformance.test_contract_conformance" name="test_admission_rejects_before_any_execution[&lt;lambda&gt;-SCHEMA_INVALID7]" time="1.474" /><testcase classname="tests.conformance.test_contract_conformance" name="test_admission_rejects_before_any_execution[&lt;lambda&gt;-SCHEMA_INVALID8]" time="1.738" /><testcase classname="tests.conformance.test_contract_conformance" name="test_admission_rejects_before_any_execution[&lt;lambda&gt;-REQUEST_TYPE_NOT_ALLOWED]" time="1.397" /><testcase classname="tests.conformance.test_contract_conformance" name="test_admission_rejects_before_any_execution[&lt;lambda&gt;-SCHEMA_INVALID9]" time="1.532" /><testcase classname="tests.conformance.test_contract_conformance" name="test_admission_rejects_before_any_execution[&lt;lambda&gt;-SCHEMA_INVALID10]" time="1.385" /><testcase classname="tests.conformance.test_contract_conformance" name="test_admission_rejects_before_any_execution[&lt;lambda&gt;-HYPOTHESIS_CLOSED0]" time="1.548" /><testcase classname="tests.conformance.test_contract_conformance" name="test_admission_rejects_before_any_execution[&lt;lambda&gt;-HYPOTHESIS_CLOSED1]" time="1.496" /><testcase classname="tests.conformance.test_contract_conformance" name="test_admission_rejects_before_any_execution[&lt;lambda&gt;-HYPOTHESIS_NOT_ACTIVE0]" time="1.409" /><testcase classname="tests.conformance.test_contract_conformance" name="test_admission_rejects_before_any_execution[&lt;lambda&gt;-HYPOTHESIS_NOT_ACTIVE1]" time="1.309" /><testcase classname="tests.conformance.test_contract_conformance" name="test_admission_rejects_before_any_execution[&lt;lambda&gt;-HYPOTHESIS_NOT_ADMITTED]" time="1.366" /><testcase classname="tests.conformance.test_contract_conformance" name="test_admission_rejects_before_any_execution[&lt;lambda&gt;-REFERENCE_UNAUTHORIZED_OR_UNKNOWN]" time="1.502" /><testcase classname="tests.conformance.test_contract_conformance" name="test_admission_rejects_before_any_execution[&lt;lambda&gt;-PARAMETER_OUT_OF_BOUNDS]" time="1.456" /><testcase classname="tests.conformance.test_contract_conformance" name="test_admission_rejects_before_any_execution[&lt;lambda&gt;-SCHEMA_INVALID11]" time="1.464" /><testcase classname="tests.conformance.test_contract_conformance" name="test_admission_rejects_before_any_execution[&lt;lambda&gt;-SCHEMA_INVALID12]" time="1.865" /><testcase classname="tests.conformance.test_contract_conformance" name="test_collector_outside_policy_is_rejected" time="1.670" /><testcase classname="tests.conformance.test_contract_conformance" name="test_invalid_json_and_duplicate_keys_are_rejected" time="2.648" /><testcase classname="tests.conformance.test_contract_conformance" name="test_hypothesis_constant_is_frozen" time="0.000" /><testcase classname="tests.conformance.test_contract_conformance" name="test_duplicate_after_policy_change_returns_the_stored_result" time="4.292" /><testcase classname="tests.conformance.test_contract_conformance" name="test_external_intelligence_not_ready_never_becomes_a_signal[matrix-20260921]" time="2.751" /><testcase classname="tests.conformance.test_contract_conformance" name="test_external_intelligence_not_ready_never_becomes_a_signal[counterfactual-vlmo-ready]" time="2.677" /><testcase classname="tests.conformance.test_contract_conformance" name="test_collection_only_collects_persists_and_never_feeds_a_trial" time="5.345" /><testcase classname="tests.conformance.test_failure_extra" name="test_worker_dies_mid_effect_write_leaves_no_effect_and_retry_produces_one" time="5.090" /><testcase classname="tests.conformance.test_failure_extra" name="test_disk_full_on_result_write_stores_nothing_and_retry_stores_once" time="4.171" /><testcase classname="tests.conformance.test_failure_extra" name="test_db_lock_shorter_than_busy_timeout_waits_and_succeeds" time="7.991" /><testcase classname="tests.conformance.test_failure_extra" name="test_db_lock_longer_than_busy_timeout_is_retryable_and_leaves_no_partial_state" time="43.319" /><testcase classname="tests.conformance.test_failure_extra" name="test_out_of_order_redelivery_never_changes_the_newer_result" time="5.916" /><testcase classname="tests.conformance.test_failure_recovery" name="test_process_death_at_each_point_recovers_exactly_once[before_admission_commit]" time="3.661" /><testcase classname="tests.conformance.test_failure_recovery" name="test_process_death_at_each_point_recovers_exactly_once[after_admission]" time="2.924" /><testcase classname="tests.conformance.test_failure_recovery" name="test_process_death_at_each_point_recovers_exactly_once[during_materialization]" time="3.061" /><testcase classname="tests.conformance.test_failure_recovery" name="test_process_death_at_each_point_recovers_exactly_once[before_ops]" time="3.153" /><testcase classname="tests.conformance.test_failure_recovery" name="test_process_death_at_each_point_recovers_exactly_once[after_ops]" time="2.993" /><testcase classname="tests.conformance.test_failure_recovery" name="test_process_death_at_each_point_recovers_exactly_once[after_domain_effect]" time="3.094" /><testcase classname="tests.conformance.test_failure_recovery" name="test_process_death_at_each_point_recovers_exactly_once[during_result_write]" time="3.153" /><testcase classname="tests.conformance.test_failure_recovery" name="test_process_death_at_each_point_recovers_exactly_once[after_result_write]" time="3.047" /><testcase classname="tests.conformance.test_failure_recovery" name="test_process_death_at_each_point_recovers_exactly_once[after_result_store]" time="3.089" /><testcase classname="tests.conformance.test_failure_recovery" name="test_ops_worker_crash_is_not_a_result_and_retry_succeeds" time="3.021" /><testcase classname="tests.conformance.test_failure_recovery" name="test_ops_timeout_kills_worker_and_is_not_a_result" time="9.307" /><testcase classname="tests.conformance.test_failure_recovery" name="test_retry_budget_exhaustion_is_a_terminal_operational_failure" time="4.434" /><testcase classname="tests.conformance.test_failure_recovery" name="test_db_says_result_exists_but_file_is_gone" time="3.565" /><testcase classname="tests.conformance.test_failure_recovery" name="test_file_exists_but_index_lost_the_result" time="4.340" /><testcase classname="tests.conformance.test_failure_recovery" name="test_modified_result_and_modified_effect_fail_closed" time="14.350" /><testcase classname="tests.conformance.test_failure_recovery" name="test_wrong_hash_of_referenced_object_fails_before_ops" time="1.518" /><testcase classname="tests.conformance.test_failure_recovery" name="test_reference_changed_after_materialization_fails_closed" time="2.025" /><testcase classname="tests.conformance.test_failure_recovery" name="test_reference_receipt_from_another_request_fails_closed" time="3.585" /><testcase classname="tests.conformance.test_failure_recovery" name="test_result_metadata_inconsistent_with_index_fails_closed" time="3.308" /><testcase classname="tests.conformance.test_failure_recovery" name="test_fault_points_are_the_frozen_matrix" time="0.000" /><testcase classname="tests.conformance.test_failure_recovery" name="test_host_process_killed_during_ops_job_recovers_exactly_once" time="16.390" /><testcase classname="tests.conformance.test_import_closure" name="test_entrypoints_include_the_research_circuit" time="0.001" /><testcase classname="tests.conformance.test_import_closure" name="test_no_entrypoint_reaches_envelope_cain_or_adapter_paths" time="0.326" /><testcase classname="tests.conformance.test_import_closure" name="test_research_circuit_components_are_reachable_from_the_entrypoint" time="0.297" /><testcase classname="tests.conformance.test_import_closure" name="test_nothing_outside_adapter_paths_imports_them" time="0.313" /><testcase classname="tests.conformance.test_import_closure" name="test_runtime_import_of_the_circuit_loads_no_forbidden_module" time="0.276" /><testcase classname="tests.conformance.test_pit_adversarial" name="test_pit01_future_constituent_is_absent_until_its_listing_is_known" time="0.240" /><testcase classname="tests.conformance.test_pit_adversarial" name="test_pit02_future_ticker_does_not_relabel_before_it_is_known" time="0.466" /><testcase classname="tests.conformance.test_pit_adversarial" name="test_pit03_delisted_security_is_present_while_it_existed" time="0.230" /><testcase classname="tests.conformance.test_pit_adversarial" name="test_pit04_bars_before_the_listing_are_ignored" time="0.246" /><testcase classname="tests.conformance.test_pit_adversarial" name="test_pit05_pit06_future_cnpj_document_is_ignored_until_available" time="0.238" /><testcase classname="tests.conformance.test_pit_adversarial" name="test_pit07_pit08_late_delivery_and_backfill_are_invisible_before_they_arrive" time="0.449" /><testcase classname="tests.conformance.test_pit_adversarial" name="test_pit09_pit10_republication_uses_the_revision_known_at_decision" time="0.250" /><testcase classname="tests.conformance.test_pit_adversarial" name="test_pit11_corrupted_availability_is_a_temporal_violation[&lt;lambda&gt;0]" time="0.102" /><testcase classname="tests.conformance.test_pit_adversarial" name="test_pit11_corrupted_availability_is_a_temporal_violation[&lt;lambda&gt;1]" time="0.101" /><testcase classname="tests.conformance.test_pit_adversarial" name="test_pit11_corrupted_availability_is_a_temporal_violation[&lt;lambda&gt;2]" time="0.099" /><testcase classname="tests.conformance.test_pit_adversarial" name="test_pit11_corrupted_availability_is_a_temporal_violation[&lt;lambda&gt;3]" time="0.099" /><testcase classname="tests.conformance.test_pit_adversarial" name="test_pit12_pit15_declared_strict_but_effective_historical_is_never_consumed" time="0.053" /><testcase classname="tests.conformance.test_pit_adversarial" name="test_pit13_duplicate_official_record_identical_collapses_divergent_fails" time="0.637" /><testcase classname="tests.conformance.test_pit_adversarial" name="test_pit14_identity_conflicts_are_data_quality_problems[two_issuers_same_instant]" time="0.027" /><testcase classname="tests.conformance.test_pit_adversarial" name="test_pit14_identity_conflicts_are_data_quality_problems[one_ticker_two_securities]" time="0.026" /><testcase classname="tests.conformance.test_pit_adversarial" name="test_pit14_identity_conflicts_are_data_quality_problems[unknown_security]" time="0.244" /><testcase classname="tests.conformance.test_pit_adversarial" name="test_data_quality_problem_is_an_inconclusive_result_through_the_entrypoint" time="1.951" /><testcase classname="tests.conformance.test_pit_adversarial" name="test_decision_never_uses_data_available_after_it" time="0.323" /><testcase classname="tests.conformance.test_pit_adversarial" name="test_universe_is_deterministic_across_three_fresh_processes" time="1.729" /><testcase classname="tests.conformance.test_pit_adversarial" name="test_universe_changes_only_through_events_available_at_decision" time="0.901" /><testcase classname="tests.conformance.test_pit_adversarial" name="test_ticker_and_cnpj_changes_preserve_security_identity" time="0.229" /></testsuite></testsuites>