<?xml version="1.0" encoding="utf-8"?><testsuites name="pytest tests"><testsuite name="pytest" errors="0" failures="0" skipped="0" tests="87" time="104.923" timestamp="2026-09-24T13:08:37.409288+00:00" hostname="runnervmtr4k5"><testcase classname="tests.conformance.test_contract_conformance" name="test_e2e_result_is_reread_identically_after_restart" time="1.033" /><testcase classname="tests.conformance.test_contract_conformance" name="test_idempotency_duplicate_retry_and_conflict" time="1.344" /><testcase classname="tests.conformance.test_contract_conformance" name="test_future_canary_fails_closed_and_never_leaks" time="1.294" /><testcase classname="tests.conformance.test_contract_conformance" name="test_temporal_integrity_as_of_mismatch_fails_closed" time="0.474" /><testcase classname="tests.conformance.test_contract_conformance" name="test_authority_states_stay_separate[case_a-INCONCLUSIVE-INCONCLUSIVE-NO_EDGE]" time="0.831" /><testcase classname="tests.conformance.test_contract_conformance" name="test_authority_states_stay_separate[case_b-NO_EDGE-SUPPORTED-NO_EDGE]" time="0.784" /><testcase classname="tests.conformance.test_contract_conformance" name="test_authority_states_stay_separate[insufficient-CLOSED_INSUFFICIENT_SAMPLE-INSUFFICIENT_SAMPLE-NOT_EVALUATED]" time="0.658" /><testcase classname="tests.conformance.test_contract_conformance" name="test_admission_rejects_before_any_execution[&lt;lambda&gt;-SCHEMA_INVALID0]" time="0.348" /><testcase classname="tests.conformance.test_contract_conformance" name="test_admission_rejects_before_any_execution[&lt;lambda&gt;-SCHEMA_INVALID1]" time="0.350" /><testcase classname="tests.conformance.test_contract_conformance" name="test_admission_rejects_before_any_execution[&lt;lambda&gt;-SCHEMA_INVALID2]" time="0.348" /><testcase classname="tests.conformance.test_contract_conformance" name="test_admission_rejects_before_any_execution[&lt;lambda&gt;-SCHEMA_INVALID3]" time="0.441" /><testcase classname="tests.conformance.test_contract_conformance" name="test_admission_rejects_before_any_execution[&lt;lambda&gt;-SCHEMA_INVALID4]" time="0.345" /><testcase classname="tests.conformance.test_contract_conformance" name="test_admission_rejects_before_any_execution[&lt;lambda&gt;-SCHEMA_INVALID5]" time="0.351" /><testcase classname="tests.conformance.test_contract_conformance" name="test_admission_rejects_before_any_execution[&lt;lambda&gt;-SCHEMA_INVALID6]" time="0.350" /><testcase classname="tests.conformance.test_contract_conformance" name="test_admission_rejects_before_any_execution[&lt;lambda&gt;-SCHEMA_INVALID7]" time="0.352" /><testcase classname="tests.conformance.test_contract_conformance" name="test_admission_rejects_before_any_execution[&lt;lambda&gt;-SCHEMA_INVALID8]" time="0.376" /><testcase classname="tests.conformance.test_contract_conformance" name="test_admission_rejects_before_any_execution[&lt;lambda&gt;-REQUEST_TYPE_NOT_ALLOWED]" time="0.352" /><testcase classname="tests.conformance.test_contract_conformance" name="test_admission_rejects_before_any_execution[&lt;lambda&gt;-SCHEMA_INVALID9]" time="0.357" /><testcase classname="tests.conformance.test_contract_conformance" name="test_admission_rejects_before_any_execution[&lt;lambda&gt;-SCHEMA_INVALID10]" time="0.356" /><testcase classname="tests.conformance.test_contract_conformance" name="test_admission_rejects_before_any_execution[&lt;lambda&gt;-HYPOTHESIS_CLOSED0]" time="0.496" /><testcase classname="tests.conformance.test_contract_conformance" name="test_admission_rejects_before_any_execution[&lt;lambda&gt;-HYPOTHESIS_CLOSED1]" time="0.351" /><testcase classname="tests.conformance.test_contract_conformance" name="test_admission_rejects_before_any_execution[&lt;lambda&gt;-HYPOTHESIS_NOT_ACTIVE0]" time="0.346" /><testcase classname="tests.conformance.test_contract_conformance" name="test_admission_rejects_before_any_execution[&lt;lambda&gt;-HYPOTHESIS_NOT_ACTIVE1]" time="0.354" /><testcase classname="tests.conformance.test_contract_conformance" name="test_admission_rejects_before_any_execution[&lt;lambda&gt;-HYPOTHESIS_NOT_ADMITTED]" time="0.355" /><testcase classname="tests.conformance.test_contract_conformance" name="test_admission_rejects_before_any_execution[&lt;lambda&gt;-REFERENCE_UNAUTHORIZED_OR_UNKNOWN]" time="0.356" /><testcase classname="tests.conformance.test_contract_conformance" name="test_admission_rejects_before_any_execution[&lt;lambda&gt;-PARAMETER_OUT_OF_BOUNDS]" time="0.349" /><testcase classname="tests.conformance.test_contract_conformance" name="test_admission_rejects_before_any_execution[&lt;lambda&gt;-SCHEMA_INVALID11]" time="0.360" /><testcase classname="tests.conformance.test_contract_conformance" name="test_admission_rejects_before_any_execution[&lt;lambda&gt;-SCHEMA_INVALID12]" time="0.353" /><testcase classname="tests.conformance.test_contract_conformance" name="test_collector_outside_policy_is_rejected" time="0.354" /><testcase classname="tests.conformance.test_contract_conformance" name="test_invalid_json_and_duplicate_keys_are_rejected" time="0.715" /><testcase classname="tests.conformance.test_contract_conformance" name="test_hypothesis_constant_is_frozen" time="0.000" /><testcase classname="tests.conformance.test_contract_conformance" name="test_duplicate_after_policy_change_returns_the_stored_result" time="1.190" /><testcase classname="tests.conformance.test_contract_conformance" name="test_external_intelligence_not_ready_never_becomes_a_signal[matrix-20260921]" time="0.484" /><testcase classname="tests.conformance.test_contract_conformance" name="test_external_intelligence_not_ready_never_becomes_a_signal[counterfactual-vlmo-ready]" time="1.129" /><testcase classname="tests.conformance.test_contract_conformance" name="test_collection_only_collects_persists_and_never_feeds_a_trial" time="0.583" /><testcase classname="tests.conformance.test_failure_extra" name="test_worker_dies_mid_effect_write_leaves_no_effect_and_retry_produces_one" time="1.460" /><testcase classname="tests.conformance.test_failure_extra" name="test_disk_full_on_result_write_stores_nothing_and_retry_stores_once" time="1.038" /><testcase classname="tests.conformance.test_failure_extra" name="test_db_lock_shorter_than_busy_timeout_waits_and_succeeds" time="4.980" /><testcase classname="tests.conformance.test_failure_extra" name="test_db_lock_longer_than_busy_timeout_is_retryable_and_leaves_no_partial_state" time="31.550" /><testcase classname="tests.conformance.test_failure_extra" name="test_out_of_order_redelivery_never_changes_the_newer_result" time="1.739" /><testcase classname="tests.conformance.test_failure_recovery" name="test_process_death_at_each_point_recovers_exactly_once[before_admission_commit]" time="1.282" /><testcase classname="tests.conformance.test_failure_recovery" name="test_process_death_at_each_point_recovers_exactly_once[after_admission]" time="1.273" /><testcase classname="tests.conformance.test_failure_recovery" name="test_process_death_at_each_point_recovers_exactly_once[during_materialization]" time="1.254" /><testcase classname="tests.conformance.test_failure_recovery" name="test_process_death_at_each_point_recovers_exactly_once[before_ops]" time="1.259" /><testcase classname="tests.conformance.test_failure_recovery" name="test_process_death_at_each_point_recovers_exactly_once[after_ops]" time="1.261" /><testcase classname="tests.conformance.test_failure_recovery" name="test_process_death_at_each_point_recovers_exactly_once[after_domain_effect]" time="1.260" /><testcase classname="tests.conformance.test_failure_recovery" name="test_process_death_at_each_point_recovers_exactly_once[during_result_write]" time="1.269" /><testcase classname="tests.conformance.test_failure_recovery" name="test_process_death_at_each_point_recovers_exactly_once[after_result_write]" time="1.268" /><testcase classname="tests.conformance.test_failure_recovery" name="test_process_death_at_each_point_recovers_exactly_once[after_result_store]" time="1.262" /><testcase classname="tests.conformance.test_failure_recovery" name="test_ops_worker_crash_is_not_a_result_and_retry_succeeds" time="1.157" /><testcase classname="tests.conformance.test_failure_recovery" name="test_ops_timeout_kills_worker_and_is_not_a_result" time="5.947" /><testcase classname="tests.conformance.test_failure_recovery" name="test_retry_budget_exhaustion_is_a_terminal_operational_failure" time="0.975" /><testcase classname="tests.conformance.test_failure_recovery" name="test_db_says_result_exists_but_file_is_gone" time="1.160" /><testcase classname="tests.conformance.test_failure_recovery" name="test_file_exists_but_index_lost_the_result" time="1.034" /><testcase classname="tests.conformance.test_failure_recovery" name="test_modified_result_and_modified_effect_fail_closed" time="1.951" /><testcase classname="tests.conformance.test_failure_recovery" name="test_wrong_hash_of_referenced_object_fails_before_ops" time="0.370" /><testcase classname="tests.conformance.test_failure_recovery" name="test_reference_changed_after_materialization_fails_closed" time="0.492" /><testcase classname="tests.conformance.test_failure_recovery" name="test_reference_receipt_from_another_request_fails_closed" time="1.051" /><testcase classname="tests.conformance.test_failure_recovery" name="test_result_metadata_inconsistent_with_index_fails_closed" time="0.921" /><testcase classname="tests.conformance.test_failure_recovery" name="test_fault_points_are_the_frozen_matrix" time="0.000" /><testcase classname="tests.conformance.test_failure_recovery" name="test_host_process_killed_during_ops_job_recovers_exactly_once" time="13.801" /><testcase classname="tests.conformance.test_import_closure" name="test_entrypoints_include_the_research_circuit" time="0.001" /><testcase classname="tests.conformance.test_import_closure" name="test_no_entrypoint_reaches_envelope_cain_or_adapter_paths" time="0.188" /><testcase classname="tests.conformance.test_import_closure" name="test_research_circuit_components_are_reachable_from_the_entrypoint" time="0.179" /><testcase classname="tests.conformance.test_import_closure" name="test_nothing_outside_adapter_paths_imports_them" time="0.175" /><testcase classname="tests.conformance.test_import_closure" name="test_runtime_import_of_the_circuit_loads_no_forbidden_module" time="0.129" /><testcase classname="tests.conformance.test_pit_adversarial" name="test_pit01_future_constituent_is_absent_until_its_listing_is_known" time="0.141" /><testcase classname="tests.conformance.test_pit_adversarial" name="test_pit02_future_ticker_does_not_relabel_before_it_is_known" time="0.277" /><testcase classname="tests.conformance.test_pit_adversarial" name="test_pit03_delisted_security_is_present_while_it_existed" time="0.136" /><testcase classname="tests.conformance.test_pit_adversarial" name="test_pit04_bars_before_the_listing_are_ignored" time="0.132" /><testcase classname="tests.conformance.test_pit_adversarial" name="test_pit05_pit06_future_cnpj_document_is_ignored_until_available" time="0.149" /><testcase classname="tests.conformance.test_pit_adversarial" name="test_pit07_pit08_late_delivery_and_backfill_are_invisible_before_they_arrive" time="0.264" /><testcase classname="tests.conformance.test_pit_adversarial" name="test_pit09_pit10_republication_uses_the_revision_known_at_decision" time="0.131" /><testcase classname="tests.conformance.test_pit_adversarial" name="test_pit11_corrupted_availability_is_a_temporal_violation[&lt;lambda&gt;0]" time="0.060" /><testcase classname="tests.conformance.test_pit_adversarial" name="test_pit11_corrupted_availability_is_a_temporal_violation[&lt;lambda&gt;1]" time="0.075" /><testcase classname="tests.conformance.test_pit_adversarial" name="test_pit11_corrupted_availability_is_a_temporal_violation[&lt;lambda&gt;2]" time="0.062" /><testcase classname="tests.conformance.test_pit_adversarial" name="test_pit11_corrupted_availability_is_a_temporal_violation[&lt;lambda&gt;3]" time="0.064" /><testcase classname="tests.conformance.test_pit_adversarial" name="test_pit12_pit15_declared_strict_but_effective_historical_is_never_consumed" time="0.034" /><testcase classname="tests.conformance.test_pit_adversarial" name="test_pit13_duplicate_official_record_identical_collapses_divergent_fails" time="0.365" /><testcase classname="tests.conformance.test_pit_adversarial" name="test_pit14_identity_conflicts_are_data_quality_problems[two_issuers_same_instant]" time="0.017" /><testcase classname="tests.conformance.test_pit_adversarial" name="test_pit14_identity_conflicts_are_data_quality_problems[one_ticker_two_securities]" time="0.017" /><testcase classname="tests.conformance.test_pit_adversarial" name="test_pit14_identity_conflicts_are_data_quality_problems[unknown_security]" time="0.136" /><testcase classname="tests.conformance.test_pit_adversarial" name="test_data_quality_problem_is_an_inconclusive_result_through_the_entrypoint" time="0.640" /><testcase classname="tests.conformance.test_pit_adversarial" name="test_decision_never_uses_data_available_after_it" time="0.194" /><testcase classname="tests.conformance.test_pit_adversarial" name="test_universe_is_deterministic_across_three_fresh_processes" time="0.947" /><testcase classname="tests.conformance.test_pit_adversarial" name="test_universe_changes_only_through_events_available_at_decision" time="0.533" /><testcase classname="tests.conformance.test_pit_adversarial" name="test_ticker_and_cnpj_changes_preserve_security_identity" time="0.137" /></testsuite></testsuites>