<?xml version="1.0" encoding="utf-8"?><testsuites name="pytest tests"><testsuite name="pytest" errors="0" failures="0" skipped="0" tests="87" time="199.874" timestamp="2026-09-24T13:09:15.367624+00:00" hostname="runnervmvmocb"><testcase classname="tests.conformance.test_contract_conformance" name="test_e2e_result_is_reread_identically_after_restart" time="2.771" /><testcase classname="tests.conformance.test_contract_conformance" name="test_idempotency_duplicate_retry_and_conflict" time="3.481" /><testcase classname="tests.conformance.test_contract_conformance" name="test_future_canary_fails_closed_and_never_leaks" time="3.686" /><testcase classname="tests.conformance.test_contract_conformance" name="test_temporal_integrity_as_of_mismatch_fails_closed" time="1.559" /><testcase classname="tests.conformance.test_contract_conformance" name="test_authority_states_stay_separate[case_a-INCONCLUSIVE-INCONCLUSIVE-NO_EDGE]" time="2.193" /><testcase classname="tests.conformance.test_contract_conformance" name="test_authority_states_stay_separate[case_b-NO_EDGE-SUPPORTED-NO_EDGE]" time="2.183" /><testcase classname="tests.conformance.test_contract_conformance" name="test_authority_states_stay_separate[insufficient-CLOSED_INSUFFICIENT_SAMPLE-INSUFFICIENT_SAMPLE-NOT_EVALUATED]" time="1.903" /><testcase classname="tests.conformance.test_contract_conformance" name="test_admission_rejects_before_any_execution[&lt;lambda&gt;-SCHEMA_INVALID0]" time="1.000" /><testcase classname="tests.conformance.test_contract_conformance" name="test_admission_rejects_before_any_execution[&lt;lambda&gt;-SCHEMA_INVALID1]" time="1.007" /><testcase classname="tests.conformance.test_contract_conformance" name="test_admission_rejects_before_any_execution[&lt;lambda&gt;-SCHEMA_INVALID2]" time="1.054" /><testcase classname="tests.conformance.test_contract_conformance" name="test_admission_rejects_before_any_execution[&lt;lambda&gt;-SCHEMA_INVALID3]" time="1.007" /><testcase classname="tests.conformance.test_contract_conformance" name="test_admission_rejects_before_any_execution[&lt;lambda&gt;-SCHEMA_INVALID4]" time="1.009" /><testcase classname="tests.conformance.test_contract_conformance" name="test_admission_rejects_before_any_execution[&lt;lambda&gt;-SCHEMA_INVALID5]" time="0.997" /><testcase classname="tests.conformance.test_contract_conformance" name="test_admission_rejects_before_any_execution[&lt;lambda&gt;-SCHEMA_INVALID6]" time="1.029" /><testcase classname="tests.conformance.test_contract_conformance" name="test_admission_rejects_before_any_execution[&lt;lambda&gt;-SCHEMA_INVALID7]" time="0.979" /><testcase classname="tests.conformance.test_contract_conformance" name="test_admission_rejects_before_any_execution[&lt;lambda&gt;-SCHEMA_INVALID8]" time="1.022" /><testcase classname="tests.conformance.test_contract_conformance" name="test_admission_rejects_before_any_execution[&lt;lambda&gt;-REQUEST_TYPE_NOT_ALLOWED]" time="1.005" /><testcase classname="tests.conformance.test_contract_conformance" name="test_admission_rejects_before_any_execution[&lt;lambda&gt;-SCHEMA_INVALID9]" time="1.087" /><testcase classname="tests.conformance.test_contract_conformance" name="test_admission_rejects_before_any_execution[&lt;lambda&gt;-SCHEMA_INVALID10]" time="0.962" /><testcase classname="tests.conformance.test_contract_conformance" name="test_admission_rejects_before_any_execution[&lt;lambda&gt;-HYPOTHESIS_CLOSED0]" time="1.005" /><testcase classname="tests.conformance.test_contract_conformance" name="test_admission_rejects_before_any_execution[&lt;lambda&gt;-HYPOTHESIS_CLOSED1]" time="1.000" /><testcase classname="tests.conformance.test_contract_conformance" name="test_admission_rejects_before_any_execution[&lt;lambda&gt;-HYPOTHESIS_NOT_ACTIVE0]" time="0.977" /><testcase classname="tests.conformance.test_contract_conformance" name="test_admission_rejects_before_any_execution[&lt;lambda&gt;-HYPOTHESIS_NOT_ACTIVE1]" time="0.987" /><testcase classname="tests.conformance.test_contract_conformance" name="test_admission_rejects_before_any_execution[&lt;lambda&gt;-HYPOTHESIS_NOT_ADMITTED]" time="1.031" /><testcase classname="tests.conformance.test_contract_conformance" name="test_admission_rejects_before_any_execution[&lt;lambda&gt;-REFERENCE_UNAUTHORIZED_OR_UNKNOWN]" time="0.967" /><testcase classname="tests.conformance.test_contract_conformance" name="test_admission_rejects_before_any_execution[&lt;lambda&gt;-PARAMETER_OUT_OF_BOUNDS]" time="0.955" /><testcase classname="tests.conformance.test_contract_conformance" name="test_admission_rejects_before_any_execution[&lt;lambda&gt;-SCHEMA_INVALID11]" time="0.998" /><testcase classname="tests.conformance.test_contract_conformance" name="test_admission_rejects_before_any_execution[&lt;lambda&gt;-SCHEMA_INVALID12]" time="0.999" /><testcase classname="tests.conformance.test_contract_conformance" name="test_collector_outside_policy_is_rejected" time="1.003" /><testcase classname="tests.conformance.test_contract_conformance" name="test_invalid_json_and_duplicate_keys_are_rejected" time="1.955" /><testcase classname="tests.conformance.test_contract_conformance" name="test_hypothesis_constant_is_frozen" time="0.000" /><testcase classname="tests.conformance.test_contract_conformance" name="test_duplicate_after_policy_change_returns_the_stored_result" time="3.106" /><testcase classname="tests.conformance.test_contract_conformance" name="test_external_intelligence_not_ready_never_becomes_a_signal[matrix-20260921]" time="1.725" /><testcase classname="tests.conformance.test_contract_conformance" name="test_external_intelligence_not_ready_never_becomes_a_signal[counterfactual-vlmo-ready]" time="2.416" /><testcase classname="tests.conformance.test_contract_conformance" name="test_collection_only_collects_persists_and_never_feeds_a_trial" time="2.298" /><testcase classname="tests.conformance.test_failure_extra" name="test_worker_dies_mid_effect_write_leaves_no_effect_and_retry_produces_one" time="3.743" /><testcase classname="tests.conformance.test_failure_extra" name="test_disk_full_on_result_write_stores_nothing_and_retry_stores_once" time="2.900" /><testcase classname="tests.conformance.test_failure_extra" name="test_db_lock_shorter_than_busy_timeout_waits_and_succeeds" time="6.693" /><testcase classname="tests.conformance.test_failure_extra" name="test_db_lock_longer_than_busy_timeout_is_retryable_and_leaves_no_partial_state" time="40.857" /><testcase classname="tests.conformance.test_failure_extra" name="test_out_of_order_redelivery_never_changes_the_newer_result" time="4.644" /><testcase classname="tests.conformance.test_failure_recovery" name="test_process_death_at_each_point_recovers_exactly_once[before_admission_commit]" time="3.302" /><testcase classname="tests.conformance.test_failure_recovery" name="test_process_death_at_each_point_recovers_exactly_once[after_admission]" time="3.242" /><testcase classname="tests.conformance.test_failure_recovery" name="test_process_death_at_each_point_recovers_exactly_once[during_materialization]" time="3.311" /><testcase classname="tests.conformance.test_failure_recovery" name="test_process_death_at_each_point_recovers_exactly_once[before_ops]" time="3.342" /><testcase classname="tests.conformance.test_failure_recovery" name="test_process_death_at_each_point_recovers_exactly_once[after_ops]" time="3.343" /><testcase classname="tests.conformance.test_failure_recovery" name="test_process_death_at_each_point_recovers_exactly_once[after_domain_effect]" time="3.299" /><testcase classname="tests.conformance.test_failure_recovery" name="test_process_death_at_each_point_recovers_exactly_once[during_result_write]" time="3.385" /><testcase classname="tests.conformance.test_failure_recovery" name="test_process_death_at_each_point_recovers_exactly_once[after_result_write]" time="3.384" /><testcase classname="tests.conformance.test_failure_recovery" name="test_process_death_at_each_point_recovers_exactly_once[after_result_store]" time="3.287" /><testcase classname="tests.conformance.test_failure_recovery" name="test_ops_worker_crash_is_not_a_result_and_retry_succeeds" time="3.220" /><testcase classname="tests.conformance.test_failure_recovery" name="test_ops_timeout_kills_worker_and_is_not_a_result" time="7.868" /><testcase classname="tests.conformance.test_failure_recovery" name="test_retry_budget_exhaustion_is_a_terminal_operational_failure" time="3.069" /><testcase classname="tests.conformance.test_failure_recovery" name="test_db_says_result_exists_but_file_is_gone" time="2.976" /><testcase classname="tests.conformance.test_failure_recovery" name="test_file_exists_but_index_lost_the_result" time="2.772" /><testcase classname="tests.conformance.test_failure_recovery" name="test_modified_result_and_modified_effect_fail_closed" time="5.218" /><testcase classname="tests.conformance.test_failure_recovery" name="test_wrong_hash_of_referenced_object_fails_before_ops" time="1.070" /><testcase classname="tests.conformance.test_failure_recovery" name="test_reference_changed_after_materialization_fails_closed" time="1.410" /><testcase classname="tests.conformance.test_failure_recovery" name="test_reference_receipt_from_another_request_fails_closed" time="2.875" /><testcase classname="tests.conformance.test_failure_recovery" name="test_result_metadata_inconsistent_with_index_fails_closed" time="2.537" /><testcase classname="tests.conformance.test_failure_recovery" name="test_fault_points_are_the_frozen_matrix" time="0.001" /><testcase classname="tests.conformance.test_failure_recovery" name="test_host_process_killed_during_ops_job_recovers_exactly_once" time="16.125" /><testcase classname="tests.conformance.test_import_closure" name="test_entrypoints_include_the_research_circuit" time="0.001" /><testcase classname="tests.conformance.test_import_closure" name="test_no_entrypoint_reaches_envelope_cain_or_adapter_paths" time="0.310" /><testcase classname="tests.conformance.test_import_closure" name="test_research_circuit_components_are_reachable_from_the_entrypoint" time="0.296" /><testcase classname="tests.conformance.test_import_closure" name="test_nothing_outside_adapter_paths_imports_them" time="0.294" /><testcase classname="tests.conformance.test_import_closure" name="test_runtime_import_of_the_circuit_loads_no_forbidden_module" time="0.273" /><testcase classname="tests.conformance.test_pit_adversarial" name="test_pit01_future_constituent_is_absent_until_its_listing_is_known" time="0.254" /><testcase classname="tests.conformance.test_pit_adversarial" name="test_pit02_future_ticker_does_not_relabel_before_it_is_known" time="0.496" /><testcase classname="tests.conformance.test_pit_adversarial" name="test_pit03_delisted_security_is_present_while_it_existed" time="0.249" /><testcase classname="tests.conformance.test_pit_adversarial" name="test_pit04_bars_before_the_listing_are_ignored" time="0.249" /><testcase classname="tests.conformance.test_pit_adversarial" name="test_pit05_pit06_future_cnpj_document_is_ignored_until_available" time="0.255" /><testcase classname="tests.conformance.test_pit_adversarial" name="test_pit07_pit08_late_delivery_and_backfill_are_invisible_before_they_arrive" time="0.480" /><testcase classname="tests.conformance.test_pit_adversarial" name="test_pit09_pit10_republication_uses_the_revision_known_at_decision" time="0.250" /><testcase classname="tests.conformance.test_pit_adversarial" name="test_pit11_corrupted_availability_is_a_temporal_violation[&lt;lambda&gt;0]" time="0.103" /><testcase classname="tests.conformance.test_pit_adversarial" name="test_pit11_corrupted_availability_is_a_temporal_violation[&lt;lambda&gt;1]" time="0.104" /><testcase classname="tests.conformance.test_pit_adversarial" name="test_pit11_corrupted_availability_is_a_temporal_violation[&lt;lambda&gt;2]" time="0.102" /><testcase classname="tests.conformance.test_pit_adversarial" name="test_pit11_corrupted_availability_is_a_temporal_violation[&lt;lambda&gt;3]" time="0.103" /><testcase classname="tests.conformance.test_pit_adversarial" name="test_pit12_pit15_declared_strict_but_effective_historical_is_never_consumed" time="0.054" /><testcase classname="tests.conformance.test_pit_adversarial" name="test_pit13_duplicate_official_record_identical_collapses_divergent_fails" time="0.685" /><testcase classname="tests.conformance.test_pit_adversarial" name="test_pit14_identity_conflicts_are_data_quality_problems[two_issuers_same_instant]" time="0.028" /><testcase classname="tests.conformance.test_pit_adversarial" name="test_pit14_identity_conflicts_are_data_quality_problems[one_ticker_two_securities]" time="0.027" /><testcase classname="tests.conformance.test_pit_adversarial" name="test_pit14_identity_conflicts_are_data_quality_problems[unknown_security]" time="0.239" /><testcase classname="tests.conformance.test_pit_adversarial" name="test_data_quality_problem_is_an_inconclusive_result_through_the_entrypoint" time="2.133" /><testcase classname="tests.conformance.test_pit_adversarial" name="test_decision_never_uses_data_available_after_it" time="0.344" /><testcase classname="tests.conformance.test_pit_adversarial" name="test_universe_is_deterministic_across_three_fresh_processes" time="1.787" /><testcase classname="tests.conformance.test_pit_adversarial" name="test_universe_changes_only_through_events_available_at_decision" time="0.900" /><testcase classname="tests.conformance.test_pit_adversarial" name="test_ticker_and_cnpj_changes_preserve_security_identity" time="0.245" /></testsuite></testsuites>