============================= test session starts ==============================
platform linux -- Python 3.13.15, pytest-8.4.2, pluggy-1.6.0
rootdir: /home/superleo13/predictors/work/cripto-cripto-predictor
configfile: pyproject.toml
testpaths: tests
plugins: anyio-4.14.2, cov-6.3.0
collected 1664 items

tests/conformance/test_contract_conformance.py ......................    [  1%]
tests/conformance/test_failure_recovery.py .....................         [  2%]
tests/conformance/test_import_closure.py .....                           [  2%]
tests/test_aave_economic_evidence.py ..                                  [  3%]
tests/test_absolute_research.py ..............                           [  3%]
tests/test_adversarial_hardening.py ....                                 [  4%]
tests/test_ai_insights_ensemble.py .........                             [  4%]
tests/test_ai_insights_retry.py ...................                      [  5%]
tests/test_altcoin_analogs.py ...........                                [  6%]
tests/test_altcoin_forward.py .....................                      [  7%]
tests/test_altcoin_observer_review.py .......                            [  8%]
tests/test_altcoin_payoff.py ...........                                 [  8%]
tests/test_altcoin_retro.py ............                                 [  9%]
tests/test_api_guard.py .......                                          [  9%]
tests/test_architecture_boundaries.py ..                                 [ 10%]
tests/test_architecture_contracts.py ...                                 [ 10%]
tests/test_audit_economic_accounting.py .......                          [ 10%]
tests/test_audit_expansion_regressions.py .............................. [ 12%]
......................                                                   [ 13%]
tests/test_audit_final_boundaries.py ............                        [ 14%]
tests/test_audit_model_integrity.py ......                               [ 14%]
tests/test_audit_persistence_safety.py ........                          [ 15%]
tests/test_audit_public_anchor.py ....                                   [ 15%]
tests/test_audit_release_guards.py ............                          [ 16%]
tests/test_audit_source_integrity.py .......                             [ 16%]
tests/test_backtest_bootstrap.py ......                                  [ 17%]
tests/test_binance_spot_collector.py ............                        [ 17%]
tests/test_btc_basis.py .......................                          [ 19%]
tests/test_btc_execution_plan.py .....                                   [ 19%]
tests/test_btc_execution_validation.py .......................           [ 20%]
tests/test_cache.py .........                                            [ 21%]
tests/test_carry_forward.py ..................                           [ 22%]
tests/test_carry_public.py .........                                     [ 23%]
tests/test_check_reopen_dossier.py ........                              [ 23%]
tests/test_config_news_providers.py .....                                [ 23%]
tests/test_config_secrets_resolution.py ....                             [ 24%]
tests/test_continuity_recovery.py .....................                  [ 25%]
tests/test_core_integrity.py ....                                        [ 25%]
tests/test_dependency_execution_manifest.py .                            [ 25%]
tests/test_diagnose_h6_mechanism_pit.py ..                               [ 25%]
tests/test_discovery.py ..........                                       [ 26%]
tests/test_distribution_security.py ...                                  [ 26%]
tests/test_divergence.py .........                                       [ 27%]
tests/test_dpl.py ..........                                             [ 27%]
tests/test_dpl_aggregation.py ..........                                 [ 28%]
tests/test_dpl_business_days.py ...........                              [ 28%]
tests/test_dpl_dxy.py .............                                      [ 29%]
tests/test_dpl_feature_store.py ........                                 [ 30%]
tests/test_dpl_features.py .......                                       [ 30%]
tests/test_dpl_football.py .......                                       [ 31%]
tests/test_dpl_macro_calendar.py ...........                             [ 31%]
tests/test_dpl_migrations.py ......                                      [ 32%]
tests/test_dpl_stocks.py .........                                       [ 32%]
tests/test_dsr_provenance.py ...                                         [ 32%]
tests/test_ecosystem_plugin_state.py .                                   [ 32%]
tests/test_equivalence.py ....                                           [ 33%]
tests/test_experiment_registry.py ...................................... [ 35%]
..                                                                       [ 35%]
tests/test_external_intelligence.py .............                        [ 36%]
tests/test_factor_dsl.py ...........................                     [ 37%]
tests/test_failure_replay.py ........                                    [ 38%]
tests/test_feature_store_backup.py .....                                 [ 38%]
tests/test_feature_store_backup_agendado.py .....                        [ 38%]
tests/test_feature_store_guards.py ........                              [ 39%]
tests/test_feature_store_health.py ......                                [ 39%]
tests/test_football_stubs.py .....                                       [ 40%]
tests/test_freeze_h6_definition.py .....                                 [ 40%]
tests/test_gate_power.py .........                                       [ 40%]
tests/test_golden_science.py ..                                          [ 41%]
tests/test_governance_charter.py ...                                     [ 41%]
tests/test_governance_wheel_assets.py .                                  [ 41%]
tests/test_ground_truth_harness.py .........                             [ 41%]
tests/test_h6_power_context.py .........                                 [ 42%]
tests/test_h6_spearman_verdict_eligibility.py .....                      [ 42%]
tests/test_hash_chain.py ..........                                      [ 43%]
tests/test_hypothesis_loop.py ....................                       [ 44%]
tests/test_hypothesis_loop_runner.py .......                             [ 44%]
tests/test_immediate_audit.py ........                                   [ 45%]
tests/test_integration_audit_receipt.py ......                           [ 45%]
tests/test_jobs_operations.py ...............                            [ 46%]
tests/test_judge.py .....                                                [ 46%]
tests/test_judge_calibration.py .......                                  [ 47%]
tests/test_kelly_sweep_cli.py ..                                         [ 47%]
tests/test_local_runtime.py .................                            [ 48%]
tests/test_manual_dependencies.py ..............                         [ 49%]
tests/test_measurement_quality.py .............                          [ 50%]
tests/test_merge_fonte.py ....                                           [ 50%]
tests/test_mode_composition.py ........                                  [ 50%]
tests/test_news_providers.py ...............                             [ 51%]
tests/test_observation_governance.py ........                            [ 52%]
tests/test_observation_quality.py .....                                  [ 52%]
tests/test_observation_reporting.py .                                    [ 52%]
tests/test_observation_watchdog.py ..                                    [ 52%]
tests/test_opportunity_detector.py .......                               [ 53%]
tests/test_opportunity_monitor.py ....                                   [ 53%]
tests/test_ops_hardening.py ......................                       [ 54%]
tests/test_order_book_reconstruction.py ......                           [ 55%]
tests/test_output_dir_bootstrap.py ..                                    [ 55%]
tests/test_package_version_contract.py .                                 [ 55%]
tests/test_paired_llm.py .....................                           [ 56%]
tests/test_paper_idempotency.py ...                                      [ 56%]
tests/test_pbo.py ...........                                            [ 57%]
tests/test_permutation_placebo_control.py ...                            [ 57%]
tests/test_phase1_watchdog.py .....                                      [ 57%]
tests/test_plugin_persistence.py ...                                     [ 57%]
tests/test_positive_control.py ...                                       [ 58%]
tests/test_predictions_append_only.py .......                            [ 58%]
tests/test_prefilter.py ...                                              [ 58%]
tests/test_profit_recovery_v1.py ................                        [ 59%]
tests/test_profit_research.py .......................................... [ 62%]
...............                                                          [ 63%]
tests/test_provider_runtime_config.py ...                                [ 63%]
tests/test_provider_validation.py .........                              [ 63%]
tests/test_quality_snapshot.py .............................             [ 65%]
tests/test_readme_reflete_charter.py ....                                [ 65%]
tests/test_recover_aave_history.py ..........                            [ 66%]
tests/test_registry_e_scripts_encoding.py .........................      [ 67%]
tests/test_renewal_research.py .........................                 [ 69%]
tests/test_repo_hygiene.py .....                                         [ 69%]
tests/test_report_harness.py .                                           [ 69%]
tests/test_repository_research_freezes.py ..                             [ 69%]
tests/test_research_capabilities.py ........................             [ 71%]
tests/test_research_corrections.py ......................                [ 72%]
tests/test_research_domain_units.py ..............                       [ 73%]
tests/test_research_migration.py .........                               [ 74%]
tests/test_review_data_contracts.py .............                        [ 74%]
tests/test_review_failure_boundaries.py ..................               [ 75%]
tests/test_review_input_snapshots.py ......                              [ 76%]
tests/test_rolling_flip.py ......                                        [ 76%]
tests/test_run_redoma.py ..                                              [ 76%]
tests/test_scientific_state_charter.py ..........                        [ 77%]
tests/test_secret_assignment_boundaries.py ..                            [ 77%]
tests/test_secrets_telemetry.py ....                                     [ 77%]
tests/test_security_redaction.py ......                                  [ 78%]
tests/test_settings.py .....                                             [ 78%]
tests/test_shared_wheel_download_hashes.py ....                          [ 78%]
tests/test_stats.py .......                                              [ 79%]
tests/test_store_history.py ......                                       [ 79%]
tests/test_strategy_draft_governance.py .                                [ 79%]
tests/test_test_environment_isolation.py .                               [ 79%]
tests/test_threshold_grid_registry.py .                                  [ 79%]
tests/test_timeindex.py .......                                          [ 80%]
tests/test_trading_contracts.py ........................................ [ 82%]
...                                                                      [ 82%]
tests/test_trading_costs.py .....                                        [ 82%]
tests/test_trading_execution.py ................                         [ 83%]
tests/test_trading_microstructure.py ......................              [ 85%]
tests/test_trading_portfolio.py ................................         [ 87%]
tests/test_trading_recovery_lifecycle.py ......                          [ 87%]
tests/test_trading_report_and_cost_policy.py ............                [ 88%]
tests/test_trading_signal_adapter.py ...................                 [ 89%]
tests/test_trading_store.py ....                                         [ 89%]
tests/test_trials.py ................                                    [ 90%]
tests/test_v3_backtest_barriers.py .....                                 [ 90%]
tests/test_v3_circuit_breaker.py .......                                 [ 91%]
tests/test_v3_costs.py .....                                             [ 91%]
tests/test_v3_crowding_features.py ........                              [ 92%]
tests/test_v3_derivatives_dpl.py ..                                      [ 92%]
tests/test_v3_economic_gate.py ......                                    [ 92%]
tests/test_v3_feature_prefix_regression.py ......                        [ 92%]
tests/test_v3_hmm_no_lookahead.py ...                                    [ 93%]
tests/test_v3_macro_dxy_integration.py ...                               [ 93%]
tests/test_v3_macro_features.py .....................                    [ 94%]
tests/test_v3_paper_report.py .........                                  [ 95%]
tests/test_v3_paper_trader.py ............                               [ 95%]
tests/test_v3_portfolio_equity.py ...........                            [ 96%]
tests/test_v3_production_paths.py .                                      [ 96%]
tests/test_v3_regime_engine_extra_covariates.py ................         [ 97%]
tests/test_v3_regime_staleness.py ....                                   [ 97%]
tests/test_v3_signal_engine.py ................                          [ 98%]
tests/test_v3_wfa_actual_slicing.py ..                                   [ 98%]
tests/test_v3_wfa_purge_contract.py .....                                [ 99%]
tests/test_watchdog_coleta.py ....                                       [ 99%]
tests/test_watchdog_paths.py ...........                                 [100%]

=============================== warnings summary ===============================
tests/conformance/test_import_closure.py::test_no_entrypoint_reaches_envelope_cain_or_adapter_paths
  /home/superleo13/predictors/tools/python/cpython-3.13.15-linux-x86_64-gnu/lib/python3.13/ast.py:50: ResourceWarning: unclosed database in <sqlite3.Connection object at 0x7a0204d5a3e0>
    return compile(source, filename, mode, flags,
  Enable tracemalloc to get traceback where the object was allocated.
  See https://docs.pytest.org/en/stable/how-to/capture-warnings.html#resource-warnings for more info.

tests/conformance/test_import_closure.py::test_no_entrypoint_reaches_envelope_cain_or_adapter_paths
  /home/superleo13/predictors/tools/python/cpython-3.13.15-linux-x86_64-gnu/lib/python3.13/ast.py:50: ResourceWarning: unclosed database in <sqlite3.Connection object at 0x7a0204d5aa70>
    return compile(source, filename, mode, flags,
  Enable tracemalloc to get traceback where the object was allocated.
  See https://docs.pytest.org/en/stable/how-to/capture-warnings.html#resource-warnings for more info.

tests/conformance/test_import_closure.py::test_no_entrypoint_reaches_envelope_cain_or_adapter_paths
  /home/superleo13/predictors/tools/python/cpython-3.13.15-linux-x86_64-gnu/lib/python3.13/ast.py:50: ResourceWarning: unclosed database in <sqlite3.Connection object at 0x7a0204d5a7a0>
    return compile(source, filename, mode, flags,
  Enable tracemalloc to get traceback where the object was allocated.
  See https://docs.pytest.org/en/stable/how-to/capture-warnings.html#resource-warnings for more info.

tests/conformance/test_import_closure.py::test_no_entrypoint_reaches_envelope_cain_or_adapter_paths
  /home/superleo13/predictors/tools/python/cpython-3.13.15-linux-x86_64-gnu/lib/python3.13/ast.py:50: ResourceWarning: unclosed database in <sqlite3.Connection object at 0x7a0204d5af20>
    return compile(source, filename, mode, flags,
  Enable tracemalloc to get traceback where the object was allocated.
  See https://docs.pytest.org/en/stable/how-to/capture-warnings.html#resource-warnings for more info.

tests/conformance/test_import_closure.py::test_no_entrypoint_reaches_envelope_cain_or_adapter_paths
  /home/superleo13/predictors/tools/python/cpython-3.13.15-linux-x86_64-gnu/lib/python3.13/ast.py:50: ResourceWarning: unclosed database in <sqlite3.Connection object at 0x7a0204d5b010>
    return compile(source, filename, mode, flags,
  Enable tracemalloc to get traceback where the object was allocated.
  See https://docs.pytest.org/en/stable/how-to/capture-warnings.html#resource-warnings for more info.

tests/conformance/test_import_closure.py::test_no_entrypoint_reaches_envelope_cain_or_adapter_paths
  /home/superleo13/predictors/tools/python/cpython-3.13.15-linux-x86_64-gnu/lib/python3.13/ast.py:50: ResourceWarning: unclosed database in <sqlite3.Connection object at 0x7a0204d5b1f0>
    return compile(source, filename, mode, flags,
  Enable tracemalloc to get traceback where the object was allocated.
  See https://docs.pytest.org/en/stable/how-to/capture-warnings.html#resource-warnings for more info.

tests/conformance/test_import_closure.py::test_no_entrypoint_reaches_envelope_cain_or_adapter_paths
  /home/superleo13/predictors/tools/python/cpython-3.13.15-linux-x86_64-gnu/lib/python3.13/ast.py:50: ResourceWarning: unclosed database in <sqlite3.Connection object at 0x7a0204d5b2e0>
    return compile(source, filename, mode, flags,
  Enable tracemalloc to get traceback where the object was allocated.
  See https://docs.pytest.org/en/stable/how-to/capture-warnings.html#resource-warnings for more info.

tests/conformance/test_import_closure.py::test_no_entrypoint_reaches_envelope_cain_or_adapter_paths
  /home/superleo13/predictors/tools/python/cpython-3.13.15-linux-x86_64-gnu/lib/python3.13/ast.py:50: ResourceWarning: unclosed database in <sqlite3.Connection object at 0x7a0204d5b3d0>
    return compile(source, filename, mode, flags,
  Enable tracemalloc to get traceback where the object was allocated.
  See https://docs.pytest.org/en/stable/how-to/capture-warnings.html#resource-warnings for more info.

tests/conformance/test_import_closure.py::test_no_entrypoint_reaches_envelope_cain_or_adapter_paths
  /home/superleo13/predictors/tools/python/cpython-3.13.15-linux-x86_64-gnu/lib/python3.13/ast.py:50: ResourceWarning: unclosed database in <sqlite3.Connection object at 0x7a0204d5b4c0>
    return compile(source, filename, mode, flags,
  Enable tracemalloc to get traceback where the object was allocated.
  See https://docs.pytest.org/en/stable/how-to/capture-warnings.html#resource-warnings for more info.

tests/conformance/test_import_closure.py::test_no_entrypoint_reaches_envelope_cain_or_adapter_paths
  /home/superleo13/predictors/tools/python/cpython-3.13.15-linux-x86_64-gnu/lib/python3.13/ast.py:50: ResourceWarning: unclosed database in <sqlite3.Connection object at 0x7a0204d5b5b0>
    return compile(source, filename, mode, flags,
  Enable tracemalloc to get traceback where the object was allocated.
  See https://docs.pytest.org/en/stable/how-to/capture-warnings.html#resource-warnings for more info.

tests/conformance/test_import_closure.py::test_no_entrypoint_reaches_envelope_cain_or_adapter_paths
  /home/superleo13/predictors/tools/python/cpython-3.13.15-linux-x86_64-gnu/lib/python3.13/ast.py:50: ResourceWarning: unclosed database in <sqlite3.Connection object at 0x7a0204d5b6a0>
    return compile(source, filename, mode, flags,
  Enable tracemalloc to get traceback where the object was allocated.
  See https://docs.pytest.org/en/stable/how-to/capture-warnings.html#resource-warnings for more info.

tests/conformance/test_import_closure.py::test_no_entrypoint_reaches_envelope_cain_or_adapter_paths
  /home/superleo13/predictors/tools/python/cpython-3.13.15-linux-x86_64-gnu/lib/python3.13/ast.py:50: ResourceWarning: unclosed database in <sqlite3.Connection object at 0x7a0204d5b790>
    return compile(source, filename, mode, flags,
  Enable tracemalloc to get traceback where the object was allocated.
  See https://docs.pytest.org/en/stable/how-to/capture-warnings.html#resource-warnings for more info.

tests/conformance/test_import_closure.py::test_no_entrypoint_reaches_envelope_cain_or_adapter_paths
  /home/superleo13/predictors/tools/python/cpython-3.13.15-linux-x86_64-gnu/lib/python3.13/ast.py:50: ResourceWarning: unclosed database in <sqlite3.Connection object at 0x7a0204d5b880>
    return compile(source, filename, mode, flags,
  Enable tracemalloc to get traceback where the object was allocated.
  See https://docs.pytest.org/en/stable/how-to/capture-warnings.html#resource-warnings for more info.

tests/conformance/test_import_closure.py::test_no_entrypoint_reaches_envelope_cain_or_adapter_paths
  /home/superleo13/predictors/tools/python/cpython-3.13.15-linux-x86_64-gnu/lib/python3.13/ast.py:50: ResourceWarning: unclosed database in <sqlite3.Connection object at 0x7a0204d5b970>
    return compile(source, filename, mode, flags,
  Enable tracemalloc to get traceback where the object was allocated.
  See https://docs.pytest.org/en/stable/how-to/capture-warnings.html#resource-warnings for more info.

tests/conformance/test_import_closure.py::test_no_entrypoint_reaches_envelope_cain_or_adapter_paths
  /home/superleo13/predictors/tools/python/cpython-3.13.15-linux-x86_64-gnu/lib/python3.13/ast.py:50: ResourceWarning: unclosed database in <sqlite3.Connection object at 0x7a0204d5ba60>
    return compile(source, filename, mode, flags,
  Enable tracemalloc to get traceback where the object was allocated.
  See https://docs.pytest.org/en/stable/how-to/capture-warnings.html#resource-warnings for more info.

tests/conformance/test_import_closure.py::test_no_entrypoint_reaches_envelope_cain_or_adapter_paths
  /home/superleo13/predictors/tools/python/cpython-3.13.15-linux-x86_64-gnu/lib/python3.13/ast.py:50: ResourceWarning: unclosed database in <sqlite3.Connection object at 0x7a0204d5bb50>
    return compile(source, filename, mode, flags,
  Enable tracemalloc to get traceback where the object was allocated.
  See https://docs.pytest.org/en/stable/how-to/capture-warnings.html#resource-warnings for more info.

tests/conformance/test_import_closure.py::test_no_entrypoint_reaches_envelope_cain_or_adapter_paths
  /home/superleo13/predictors/tools/python/cpython-3.13.15-linux-x86_64-gnu/lib/python3.13/ast.py:50: ResourceWarning: unclosed database in <sqlite3.Connection object at 0x7a0204d5bc40>
    return compile(source, filename, mode, flags,
  Enable tracemalloc to get traceback where the object was allocated.
  See https://docs.pytest.org/en/stable/how-to/capture-warnings.html#resource-warnings for more info.

tests/conformance/test_import_closure.py::test_no_entrypoint_reaches_envelope_cain_or_adapter_paths
  /home/superleo13/predictors/tools/python/cpython-3.13.15-linux-x86_64-gnu/lib/python3.13/ast.py:50: ResourceWarning: unclosed database in <sqlite3.Connection object at 0x7a0204d5bd30>
    return compile(source, filename, mode, flags,
  Enable tracemalloc to get traceback where the object was allocated.
  See https://docs.pytest.org/en/stable/how-to/capture-warnings.html#resource-warnings for more info.

tests/conformance/test_import_closure.py::test_no_entrypoint_reaches_envelope_cain_or_adapter_paths
  /home/superleo13/predictors/tools/python/cpython-3.13.15-linux-x86_64-gnu/lib/python3.13/ast.py:50: ResourceWarning: unclosed database in <sqlite3.Connection object at 0x7a0204d5be20>
    return compile(source, filename, mode, flags,
  Enable tracemalloc to get traceback where the object was allocated.
  See https://docs.pytest.org/en/stable/how-to/capture-warnings.html#resource-warnings for more info.

tests/conformance/test_import_closure.py::test_no_entrypoint_reaches_envelope_cain_or_adapter_paths
  /home/superleo13/predictors/tools/python/cpython-3.13.15-linux-x86_64-gnu/lib/python3.13/ast.py:50: ResourceWarning: unclosed database in <sqlite3.Connection object at 0x7a0204d5ac50>
    return compile(source, filename, mode, flags,
  Enable tracemalloc to get traceback where the object was allocated.
  See https://docs.pytest.org/en/stable/how-to/capture-warnings.html#resource-warnings for more info.

tests/conformance/test_import_closure.py::test_no_entrypoint_reaches_envelope_cain_or_adapter_paths
  /home/superleo13/predictors/tools/python/cpython-3.13.15-linux-x86_64-gnu/lib/python3.13/ast.py:50: ResourceWarning: unclosed database in <sqlite3.Connection object at 0x7a0204d5bf10>
    return compile(source, filename, mode, flags,
  Enable tracemalloc to get traceback where the object was allocated.
  See https://docs.pytest.org/en/stable/how-to/capture-warnings.html#resource-warnings for more info.

tests/conformance/test_import_closure.py::test_no_entrypoint_reaches_envelope_cain_or_adapter_paths
  /home/superleo13/predictors/tools/python/cpython-3.13.15-linux-x86_64-gnu/lib/python3.13/ast.py:50: ResourceWarning: unclosed database in <sqlite3.Connection object at 0x7a0204d5b100>
    return compile(source, filename, mode, flags,
  Enable tracemalloc to get traceback where the object was allocated.
  See https://docs.pytest.org/en/stable/how-to/capture-warnings.html#resource-warnings for more info.

tests/conformance/test_import_closure.py::test_no_entrypoint_reaches_envelope_cain_or_adapter_paths
  /home/superleo13/predictors/tools/python/cpython-3.13.15-linux-x86_64-gnu/lib/python3.13/ast.py:50: ResourceWarning: unclosed database in <sqlite3.Connection object at 0x7a0204c78400>
    return compile(source, filename, mode, flags,
  Enable tracemalloc to get traceback where the object was allocated.
  See https://docs.pytest.org/en/stable/how-to/capture-warnings.html#resource-warnings for more info.

tests/conformance/test_import_closure.py::test_no_entrypoint_reaches_envelope_cain_or_adapter_paths
  /home/superleo13/predictors/tools/python/cpython-3.13.15-linux-x86_64-gnu/lib/python3.13/ast.py:50: ResourceWarning: unclosed database in <sqlite3.Connection object at 0x7a0204d5ae30>
    return compile(source, filename, mode, flags,
  Enable tracemalloc to get traceback where the object was allocated.
  See https://docs.pytest.org/en/stable/how-to/capture-warnings.html#resource-warnings for more info.

tests/conformance/test_import_closure.py::test_no_entrypoint_reaches_envelope_cain_or_adapter_paths
  /home/superleo13/predictors/tools/python/cpython-3.13.15-linux-x86_64-gnu/lib/python3.13/ast.py:50: ResourceWarning: unclosed database in <sqlite3.Connection object at 0x7a0204c786d0>
    return compile(source, filename, mode, flags,
  Enable tracemalloc to get traceback where the object was allocated.
  See https://docs.pytest.org/en/stable/how-to/capture-warnings.html#resource-warnings for more info.

tests/conformance/test_import_closure.py::test_no_entrypoint_reaches_envelope_cain_or_adapter_paths
  /home/superleo13/predictors/tools/python/cpython-3.13.15-linux-x86_64-gnu/lib/python3.13/ast.py:50: ResourceWarning: unclosed database in <sqlite3.Connection object at 0x7a0204c78040>
    return compile(source, filename, mode, flags,
  Enable tracemalloc to get traceback where the object was allocated.
  See https://docs.pytest.org/en/stable/how-to/capture-warnings.html#resource-warnings for more info.

tests/test_audit_expansion_regressions.py::test_replayed_fill_is_idempotent_even_after_completion[0.4]
  <frozen abc>:117: ResourceWarning: unclosed database in <sqlite3.Connection object at 0x7a0204c798a0>
  Enable tracemalloc to get traceback where the object was allocated.
  See https://docs.pytest.org/en/stable/how-to/capture-warnings.html#resource-warnings for more info.

tests/test_audit_expansion_regressions.py::test_replayed_fill_is_idempotent_even_after_completion[0.4]
  <frozen abc>:117: ResourceWarning: unclosed database in <sqlite3.Connection object at 0x7a0204c79030>
  Enable tracemalloc to get traceback where the object was allocated.
  See https://docs.pytest.org/en/stable/how-to/capture-warnings.html#resource-warnings for more info.

tests/test_audit_expansion_regressions.py::test_replayed_fill_is_idempotent_even_after_completion[0.4]
  <frozen abc>:117: ResourceWarning: unclosed database in <sqlite3.Connection object at 0x7a0204c79a80>
  Enable tracemalloc to get traceback where the object was allocated.
  See https://docs.pytest.org/en/stable/how-to/capture-warnings.html#resource-warnings for more info.

tests/test_audit_expansion_regressions.py::test_replayed_fill_is_idempotent_even_after_completion[0.4]
  <frozen abc>:117: ResourceWarning: unclosed database in <sqlite3.Connection object at 0x7a0204c794e0>
  Enable tracemalloc to get traceback where the object was allocated.
  See https://docs.pytest.org/en/stable/how-to/capture-warnings.html#resource-warnings for more info.

tests/test_audit_expansion_regressions.py::test_replayed_fill_is_idempotent_even_after_completion[0.4]
  <frozen abc>:117: ResourceWarning: unclosed database in <sqlite3.Connection object at 0x7a0204c79990>
  Enable tracemalloc to get traceback where the object was allocated.
  See https://docs.pytest.org/en/stable/how-to/capture-warnings.html#resource-warnings for more info.

tests/test_audit_expansion_regressions.py::test_replayed_fill_is_idempotent_even_after_completion[0.4]
  <frozen abc>:117: ResourceWarning: unclosed database in <sqlite3.Connection object at 0x7a02046a94e0>
  Enable tracemalloc to get traceback where the object was allocated.
  See https://docs.pytest.org/en/stable/how-to/capture-warnings.html#resource-warnings for more info.

tests/test_audit_expansion_regressions.py::test_replayed_fill_is_idempotent_even_after_completion[0.4]
  <frozen abc>:117: ResourceWarning: unclosed database in <sqlite3.Connection object at 0x7a02046a9030>
  Enable tracemalloc to get traceback where the object was allocated.
  See https://docs.pytest.org/en/stable/how-to/capture-warnings.html#resource-warnings for more info.

-- Docs: https://docs.pytest.org/en/stable/how-to/capture-warnings.html
- generated xml file: /home/superleo13/predictors/runtime/cripto/logs/suite.junit.xml -
================================ tests coverage ================================
_______________ coverage: platform linux, python 3.13.15-final-0 _______________

Name                                                                         Stmts   Miss Branch BrPart  Cover   Missing
------------------------------------------------------------------------------------------------------------------------
GarimpoInvestimentos/__init__.py                                                 7      2      2      0    78%   13-16
GarimpoInvestimentos/adapters/__init__.py                                        0      0      0      0   100%
GarimpoInvestimentos/analyzers/__init__.py                                       0      0      0      0   100%
GarimpoInvestimentos/analyzers/ai_insights.py                                  166     38     54      8    75%   42-46, 50-55, 170-171, 178->188, 181-182, 199, 200->212, 205-206, 210-211, 231, 235-252, 256-270, 279, 283, 287->289, 298-305
GarimpoInvestimentos/analyzers/backtest.py                                     408    106    168     17    71%   82-89, 94-97, 253-274, 278-306, 365, 368, 393-397, 400-401, 403-404, 442->436, 461-470, 483->476, 490-491, 504->495, 510, 522->512, 528, 535-549, 608-609, 757-758, 776, 830-831, 857-861, 903-969, 973
GarimpoInvestimentos/analyzers/equivalence.py                                   80     33     28      5    59%   40, 52->54, 67->65, 76-110, 120-125, 142-146
GarimpoInvestimentos/analyzers/factor_dsl.py                                   152      7     74      6    94%   63, 65, 167, 173, 202, 206, 208
GarimpoInvestimentos/analyzers/gate_power.py                                    58      5     12      3    89%   76, 80, 179-180, 184
GarimpoInvestimentos/analyzers/ground_truth_harness.py                         106      5     28      5    93%   227, 230, 232, 263, 266
GarimpoInvestimentos/analyzers/hypothesis_loop.py                              114      5     18      3    94%   183, 228, 261-263, 278
GarimpoInvestimentos/analyzers/hypothesis_loop_runner.py                        82     13     16      3    82%   98, 121-134, 187->189, 255
GarimpoInvestimentos/analyzers/indicators.py                                    94      7     42      8    89%   14, 19, 56-57, 64, 84, 97, 113->116, 119->123
GarimpoInvestimentos/analyzers/judge_calibration.py                             71      6     20      3    90%   64, 137->143, 153-156, 160
GarimpoInvestimentos/analyzers/opportunity_detector.py                         179     11     76     11    91%   86, 89-90, 94, 118, 122, 124->129, 135-136, 140, 141->146, 143->146, 272, 290
GarimpoInvestimentos/analyzers/pbo.py                                           71      4     24      4    92%   66, 68, 141, 146
GarimpoInvestimentos/analyzers/prefilter.py                                     23      0     10      0   100%
GarimpoInvestimentos/analyzers/score_engine.py                                  47      3     28      3    89%   39, 45->47, 53-54
GarimpoInvestimentos/analyzers/trials.py                                        56      4     22      2    92%   66, 75-76, 89
GarimpoInvestimentos/arguments.py                                               16      1      2      1    89%   62
GarimpoInvestimentos/cli.py                                                     57      7     22      3    85%   30, 45-47, 63->66, 76-81
GarimpoInvestimentos/collectors/__init__.py                                      0      0      0      0   100%
GarimpoInvestimentos/collectors/coingecko_api.py                                36      9      0      0    75%   24-41
GarimpoInvestimentos/collectors/discovery.py                                    61     20     16      2    71%   105, 129, 146-159, 164-169, 177-182
GarimpoInvestimentos/collectors/news.py                                        160     22     32      5    85%   71, 79-87, 98, 125, 172-180, 194, 220, 274-275, 282
GarimpoInvestimentos/collectors/serpapi_news.py                                 18     12      2      0    30%   17-34
GarimpoInvestimentos/config.py                                                 104      5     28      5    92%   107, 118, 120, 136, 140
GarimpoInvestimentos/contracts.py                                               73      0      2      0   100%
GarimpoInvestimentos/core/__init__.py                                            0      0      0      0   100%
GarimpoInvestimentos/core/api_guard.py                                          37      0      6      0   100%
GarimpoInvestimentos/core/cache.py                                              64      3     22      1    93%   94-95, 101
GarimpoInvestimentos/core/collection_policy.py                                   8      0      0      0   100%
GarimpoInvestimentos/core/history.py                                            37      3     10      3    87%   91->93, 103, 113-114, 130->132
GarimpoInvestimentos/core/logger.py                                             21      0      0      0   100%
GarimpoInvestimentos/core/paths.py                                              16      0      2      0   100%
GarimpoInvestimentos/dpl/__init__.py                                            12      0      0      0   100%
GarimpoInvestimentos/dpl/aggregation.py                                          2      0      0      0   100%
GarimpoInvestimentos/dpl/alignment.py                                           44      1     20      2    95%   51->53, 73
GarimpoInvestimentos/dpl/business_days.py                                       15      0      6      0   100%
GarimpoInvestimentos/dpl/circuit_breaker.py                                      4      0      0      0   100%
GarimpoInvestimentos/dpl/contracts.py                                            2      0      0      0   100%
GarimpoInvestimentos/dpl/derivatives.py                                         37      0      6      0   100%
GarimpoInvestimentos/dpl/entity_mapper.py                                       36      0      0      0   100%
GarimpoInvestimentos/dpl/events.py                                              46      2     12      2    93%   95, 97
GarimpoInvestimentos/dpl/facade.py                                              42      2      8      2    92%   50, 71
GarimpoInvestimentos/dpl/feature_engineering.py                                 52      1     30      1    98%   57
GarimpoInvestimentos/dpl/feature_store.py                                      242     13     80     15    91%   150, 213->215, 232, 239, 253, 297, 380, 453, 478->481, 481->484, 567-568, 643, 695, 824, 835
GarimpoInvestimentos/dpl/hash_chain.py                                          67      0     14      0   100%
GarimpoInvestimentos/dpl/ingest.py                                              89     12     34     10    79%   57->60, 85, 87, 96, 101->108, 123->125, 141-156, 164-165, 181->183, 186->188, 190->192
GarimpoInvestimentos/dpl/macro_calendar.py                                      46      1     12      1    97%   55
GarimpoInvestimentos/dpl/migrations/_0005_fix_raw_signals.py                     2      0      0      0   100%
GarimpoInvestimentos/dpl/migrations/_0006_predictions.py                         2      0      0      0   100%
GarimpoInvestimentos/dpl/migrations/_0007_feature_version.py                     2      0      0      0   100%
GarimpoInvestimentos/dpl/migrations/_0008_predictions_degraded.py                2      0      0      0   100%
GarimpoInvestimentos/dpl/migrations/_0009_predictions_llm_fallback.py            2      0      0      0   100%
GarimpoInvestimentos/dpl/migrations/_0010_predictions_news_provenance.py         2      0      0      0   100%
GarimpoInvestimentos/dpl/migrations/_0011_predictions_collection_policy.py       2      0      0      0   100%
GarimpoInvestimentos/dpl/migrations/_0012_provenance_content_hash.py             2      0      0      0   100%
GarimpoInvestimentos/dpl/migrations/_0013_enriched_signals.py                    2      0      0      0   100%
GarimpoInvestimentos/dpl/migrations/_0014_source_quality_scorecards.py           2      0      0      0   100%
GarimpoInvestimentos/dpl/migrations/_0015_observation_scorecards.py              2      0      0      0   100%
GarimpoInvestimentos/dpl/migrations/_0016_predictions_append_only.py             2      0      0      0   100%
GarimpoInvestimentos/dpl/migrations/_0017_archive_hash_chain.py                  2      0      0      0   100%
GarimpoInvestimentos/dpl/migrations/_0018_archive_immutable.py                   2      0      0      0   100%
GarimpoInvestimentos/dpl/migrations/_0019_input_snapshots.py                     2      0      0      0   100%
GarimpoInvestimentos/dpl/migrations/__init__.py                                 16      0      0      0   100%
GarimpoInvestimentos/dpl/providers/__init__.py                                   0      0      0      0   100%
GarimpoInvestimentos/dpl/providers/_validation.py                                6      0      2      0   100%
GarimpoInvestimentos/dpl/providers/bcb.py                                       56     14     24      9    66%   38, 44, 62, 64, 65->67, 70-73, 75, 83, 85-87, 105
GarimpoInvestimentos/dpl/providers/binance.py                                    4      0      0      0   100%
GarimpoInvestimentos/dpl/providers/ccxt_base.py                                 69     21     18      5    70%   44-46, 51-52, 60, 62, 72-76, 82, 110, 122, 126-139
GarimpoInvestimentos/dpl/providers/coingecko.py                                 66      7     20      5    86%   54, 75, 78, 89, 116, 127-128
GarimpoInvestimentos/dpl/providers/cotahist.py                                  87     11     32      9    82%   54, 87->89, 97-101, 127->133, 129, 131, 146->148, 154, 158, 162
GarimpoInvestimentos/dpl/providers/dxy.py                                       53      9     18      5    77%   43, 56, 74-75, 77, 79-81, 98
GarimpoInvestimentos/dpl/providers/fear_greed.py                                44     25     16      3    37%   27, 34, 38-73
GarimpoInvestimentos/dpl/providers/football_stubs.py                            16      0      0      0   100%
GarimpoInvestimentos/dpl/providers/kraken.py                                     4      0      0      0   100%
GarimpoInvestimentos/dpl/providers/martj42.py                                   33      4      8      1    88%   35, 59, 67-68
GarimpoInvestimentos/dpl/router.py                                               2      0      0      0   100%
GarimpoInvestimentos/dpl/signals.py                                              1      0      0      0   100%
GarimpoInvestimentos/dpl/snapshots.py                                           55      8     26      8    80%   20, 39, 45, 49, 73, 79, 87, 94
GarimpoInvestimentos/dpl/stocks.py                                              24      1      2      1    92%   31
GarimpoInvestimentos/durable_io.py                                              73      9     18      4    84%   28-30, 36-39, 45-47, 89, 96->99
GarimpoInvestimentos/external_intelligence/__init__.py                           3      0      0      0   100%
GarimpoInvestimentos/external_intelligence/__main__.py                          61     43     10      1    27%   37-140, 144
GarimpoInvestimentos/external_intelligence/audit.py                             43      5      0      0    88%   111-115
GarimpoInvestimentos/external_intelligence/collection.py                        26      2      0      0    92%   40-41
GarimpoInvestimentos/external_intelligence/conditional.py                       25      1      2      1    93%   32
GarimpoInvestimentos/external_intelligence/context.py                           21      0      0      0   100%
GarimpoInvestimentos/external_intelligence/contracts.py                        237     28     40     17    82%   52, 74, 99, 101, 106, 131, 132->exit, 137, 167, 169, 171, 175, 183, 185, 187, 195-196, 268, 292-299, 303, 313, 342, 344, 372
GarimpoInvestimentos/external_intelligence/features.py                          23      1      2      1    92%   50
GarimpoInvestimentos/external_intelligence/ledger.py                            13      2      2      1    80%   34-35
GarimpoInvestimentos/external_intelligence/providers/__init__.py                 4      0      0      0   100%
GarimpoInvestimentos/external_intelligence/providers/coinmetrics.py             68     39     28      2    39%   28-29, 35-60, 65-81, 100, 108-112
GarimpoInvestimentos/external_intelligence/providers/common.py                  15      0      2      0   100%
GarimpoInvestimentos/external_intelligence/providers/nansen.py                  50     27     18      2    40%   32, 33->exit, 51-72, 85-123
GarimpoInvestimentos/external_intelligence/providers/santiment.py               60     30     28      5    42%   29-44, 49, 55-57, 66, 68, 71-74, 105-132
GarimpoInvestimentos/external_intelligence/shadow.py                            13      0      0      0   100%
GarimpoInvestimentos/external_intelligence/store.py                            134     29     32      4    75%   188-190, 214-216, 234-247, 250-266, 276, 316-339, 390->392, 456-462, 470-471
GarimpoInvestimentos/feature_store_health.py                                    49      4     18      4    88%   26, 28, 36, 49
GarimpoInvestimentos/governance.py                                             218     24     44     16    85%   80, 82, 100, 125, 155, 157, 160, 178, 195, 225, 229, 250-251, 253, 266-267, 269, 272, 281-282, 284, 299-300, 302
GarimpoInvestimentos/health_io.py                                               18      1      2      1    90%   20
GarimpoInvestimentos/history_cli.py                                             20      9      4      1    50%   15-24, 28
GarimpoInvestimentos/ingest_cli.py                                              16     16      8      0     0%   3-23
GarimpoInvestimentos/ingestion.py                                               65     17     10      3    73%   27-37, 60, 78-86, 97-98, 107
GarimpoInvestimentos/jobs.py                                                    36      3      8      2    89%   199, 229, 234
GarimpoInvestimentos/local_runtime.py                                           99     39     38      4    61%   26, 31, 49, 114-125, 136-165, 169
GarimpoInvestimentos/main.py                                                   175     60     64     21    60%   98, 103-107, 114, 117-126, 137-141, 158-161, 170-176, 180-185, 188-190, 194-204, 209-217, 222, 237->247, 298->300, 301->310, 303-305, 311, 313->319, 323, 328, 335-341, 343, 347
GarimpoInvestimentos/migrate_history.py                                         17      9      4      1    43%   12-20, 24
GarimpoInvestimentos/observation_collect.py                                     42     42      6      0     0%   3-84
GarimpoInvestimentos/observation_quality.py                                    101     14     26      6    84%   74, 77, 183->187, 186, 227->242, 246-248, 257-265, 269
GarimpoInvestimentos/observation_reporting.py                                   75     16     12      2    75%   30-32, 169-188, 192
GarimpoInvestimentos/observation_resilience.py                                  59      5      2      1    90%   111-114, 118
GarimpoInvestimentos/observation_watchdog.py                                    73     29     30      7    51%   32, 37, 38->40, 42, 49-55, 63-83, 105-107, 111
GarimpoInvestimentos/operational/__init__.py                                     0      0      0      0   100%
GarimpoInvestimentos/operational/attest_harness.py                              91     28     18      1    68%   156-238, 242
GarimpoInvestimentos/operational/feature_store_backup.py                       141     41     26      4    71%   36-37, 48-49, 81, 118-120, 128-129, 134, 137, 161-163, 189-223, 227
GarimpoInvestimentos/opportunity_monitor.py                                     94     18     20      3    80%   44, 63-79, 99-100, 152-154, 162, 204
GarimpoInvestimentos/output/__init__.py                                          0      0      0      0   100%
GarimpoInvestimentos/output/reporter.py                                         85      0     14      2    98%   91->90, 99->136
GarimpoInvestimentos/persistence.py                                              6      0      0      0   100%
GarimpoInvestimentos/phase1.py                                                 176    127     48      1    23%   92-120, 144-198, 204-305, 309-394, 401-408
GarimpoInvestimentos/phase1_watchdog.py                                         87     13     36      8    83%   62, 67, 75, 77-79, 114, 118-120, 148-150, 154
GarimpoInvestimentos/pipeline_results.py                                        13      1      4      1    88%   31
GarimpoInvestimentos/plugin.py                                                  20      0      0      0   100%
GarimpoInvestimentos/profit_recovery_v1.py                                     579    152    156     39    70%   84, 88, 90, 94, 96, 135, 137, 197, 200, 208, 214, 216, 221, 264-290, 295, 305, 311, 317, 347, 434-446, 470, 477, 479, 526, 528, 530, 534, 588->598, 620-621, 645, 647, 657, 698, 776, 827, 852, 882->879, 924, 969-987, 993-1006, 1024->1013, 1230, 1236-1274, 1314-1470, 1517-1578, 1582
GarimpoInvestimentos/profit_research.py                                        208      8     82      4    96%   76, 254-255, 311, 336-337, 339, 357
GarimpoInvestimentos/providers/__init__.py                                       2      0      0      0   100%
GarimpoInvestimentos/providers/contracts.py                                     20      0      2      1    95%   21->exit
GarimpoInvestimentos/quality_scorecard.py                                       58      6     22      8    82%   28, 34, 41, 55->51, 61->63, 63->65, 67-68, 94
GarimpoInvestimentos/quality_snapshot.py                                       239     24     90     17    85%   109-112, 219, 228-230, 279->282, 351, 387, 411-415, 467, 524, 560, 561->567, 598, 619->625, 624, 633-634, 678-688, 693
GarimpoInvestimentos/renewal_research.py                                       111      6     44      6    92%   21, 28, 43, 46, 59, 63
GarimpoInvestimentos/research/__init__.py                                        0      0      0      0   100%
GarimpoInvestimentos/research/__main__.py                                       85      8     40     10    84%   28, 30->35, 35->44, 44->51, 51->71, 55, 69, 176, 195-198, 203
GarimpoInvestimentos/research/factors.py                                        59      3     28      3    93%   24, 30, 98
GarimpoInvestimentos/research/registry.py                                       63      7     28      7    85%   37, 41, 68, 75, 80, 87, 111
GarimpoInvestimentos/research/simulation.py                                    112      8     34      8    89%   13, 32, 65, 74, 109, 130, 141, 173
GarimpoInvestimentos/research/universe.py                                       69      9     44      8    85%   16, 18, 20, 38, 44, 51->41, 63-65, 69
GarimpoInvestimentos/research/validation.py                                     35      4     22      4    86%   14, 16, 29, 34
GarimpoInvestimentos/research_admission.py                                     214     49     86     32    71%   61, 83, 85, 87, 89, 91, 94, 97, 103, 105, 110, 112, 114, 120, 140, 212, 229, 231, 234, 236, 238, 240, 243, 245, 248-249, 304-320, 335-339, 341-349, 376, 389, 412, 418, 431, 435-442
GarimpoInvestimentos/research_contract.py                                      161     44     82     21    70%   101-116, 121, 124-125, 128, 134, 173, 177, 184, 189, 196, 199, 201, 203-208, 214, 224, 229-230, 258, 269, 271, 273, 275, 281, 298, 302
GarimpoInvestimentos/research_execution.py                                     452    367    144      3    15%   72, 76-80, 84-87, 92-100, 107-110, 123, 129, 134-136, 142-188, 193-196, 219-225, 228-247, 250-276, 279-285, 288-293, 296-309, 314-317, 333-337, 341-347, 356-366, 379-387, 408, 421-436, 468-796, 803-829, 832-841, 844-866, 881-959, 964-1017, 1025-1026, 1034, 1039-1072
GarimpoInvestimentos/research_faults.py                                         18      5      2      1    70%   34, 40-42, 47
GarimpoInvestimentos/research_recovery.py                                      110     95     38      0    10%   16-20, 24-32, 42-102, 106-123, 128-149
GarimpoInvestimentos/research_results.py                                        78     56     18      0    23%   30, 35-38, 54-60, 63-100, 103-115, 118-120, 123-125, 128-129, 132-146
GarimpoInvestimentos/research_runner.py                                        157    128     34      2    16%   57, 70-85, 88-93, 97, 101-168, 184-185, 188-198, 208, 213-223, 227-313, 317
GarimpoInvestimentos/research_worker.py                                        193     67     72     23    60%   69, 75, 78-79, 81, 103, 111, 113, 115, 126, 130-133, 168, 171, 175, 178, 181, 183, 186, 192, 195, 197, 215, 231, 242, 272, 386-393, 397-436, 440
GarimpoInvestimentos/runtime_mode.py                                            11      0      2      0   100%
GarimpoInvestimentos/security/__init__.py                                        2      0      0      0   100%
GarimpoInvestimentos/security/redaction.py                                      44      1      8      1    96%   44
GarimpoInvestimentos/services/__init__.py                                        0      0      0      0   100%
GarimpoInvestimentos/services/backtest.py                                        2      2      0      0     0%   1-3
GarimpoInvestimentos/services/features.py                                        2      2      0      0     0%   1-3
GarimpoInvestimentos/services/inference.py                                       4      0      0      0   100%
GarimpoInvestimentos/services/ingestion.py                                       2      2      0      0     0%   1-3
GarimpoInvestimentos/services/reporting.py                                       2      2      0      0     0%   1-3
GarimpoInvestimentos/trading/__init__.py                                         0      0      0      0   100%
GarimpoInvestimentos/trading/binance_spot_collector.py                         284     99     88     22    61%   45, 51, 54-55, 75, 96->98, 103, 105, 121, 132, 135, 139, 144, 179, 189, 210, 222-224, 231-232, 235->237, 242, 266, 268, 283-288, 302, 304, 315-376, 380, 384-394, 398-409, 413
GarimpoInvestimentos/trading/contracts.py                                      265      6     92      6    97%   245, 252, 268, 274, 277, 316
GarimpoInvestimentos/trading/cost_policy.py                                     21      0      6      0   100%
GarimpoInvestimentos/trading/costs.py                                           39      2     14      2    92%   50, 54
GarimpoInvestimentos/trading/execution.py                                      138     10     64     11    90%   45, 136, 153, 173->172, 175, 203, 215, 246, 279, 281, 283
GarimpoInvestimentos/trading/microstructure.py                                 206      7     70      8    95%   59, 135, 137, 158, 176, 197, 236, 259->263
GarimpoInvestimentos/trading/microstructure_quality.py                          96     19     46     12    73%   29, 40, 41->43, 44-46, 50, 53, 55-58, 93->97, 99-100, 105-110, 112, 118
GarimpoInvestimentos/trading/portfolio.py                                      129      1     54      1    99%   224
GarimpoInvestimentos/trading/report.py                                          45      2     14      4    90%   36, 42, 53->57, 55->57
GarimpoInvestimentos/trading/signal_adapter.py                                  33      0     16      0   100%
GarimpoInvestimentos/trading/store.py                                          227     20     64     15    88%   215-216, 302, 316, 377, 381, 447-463, 537, 553->551, 577, 582-584, 589->596, 640, 660, 674, 702, 704-705, 708->719
GarimpoInvestimentos/v3/__init__.py                                              0      0      0      0   100%
GarimpoInvestimentos/v3/backtest_v3.py                                         604    104    184     46    79%   256, 283, 285, 304, 331, 347, 363-368, 410, 412, 417, 436->444, 500-505, 566, 576, 578, 580, 628, 652, 675, 702, 713-717, 723->726, 727, 766-771, 799-804, 833-837, 860, 865-877, 892, 895, 904, 947, 953, 955, 1013, 1033, 1043, 1048-1049, 1055->1057, 1057->1059, 1060, 1095, 1219, 1284-1285, 1362, 1366, 1455-1456, 1527-1716, 1720
GarimpoInvestimentos/v3/circuit_breaker.py                                       1      0      0      0   100%
GarimpoInvestimentos/v3/collectors/__init__.py                                   0      0      0      0   100%
GarimpoInvestimentos/v3/collectors/binance_vision.py                           155     68     58     12    50%   47, 73, 76-77, 83, 107, 111, 127-128, 133-137, 147-173, 182, 184, 194, 200, 201->195, 220-246, 251-255
GarimpoInvestimentos/v3/collectors/funding_collector.py                         69     36     12      1    42%   64, 85-86, 98-167, 177-185, 189
GarimpoInvestimentos/v3/collectors/oi_collector.py                              78     41     14      1    41%   76, 95-96, 103-180, 189-198, 202
GarimpoInvestimentos/v3/collectors/record_io.py                                 58     11     24      6    74%   19, 21, 28, 41, 53, 65->71, 75-80
GarimpoInvestimentos/v3/collectors/spot_collector.py                            72     37     12      1    43%   62, 81-82, 89-147, 156-165, 170
GarimpoInvestimentos/v3/costs.py                                                32      3     12      3    86%   46, 54, 68
GarimpoInvestimentos/v3/crowding_features.py                                    24      2     10      2    88%   42, 56
GarimpoInvestimentos/v3/daily.py                                                18      2      6      3    79%   30->28, 32, 36
GarimpoInvestimentos/v3/economic_gate.py                                        53      3     12      2    92%   62, 71-72
GarimpoInvestimentos/v3/feature_builder.py                                     127     24     44     14    75%   115, 126, 131, 138, 146, 162-167, 175, 213, 216, 223, 225, 230, 255-256, 273-274, 294-295, 365
GarimpoInvestimentos/v3/macro_features.py                                      107     10     54     10    88%   47, 50, 82, 95, 100, 169, 175, 180, 189, 193
GarimpoInvestimentos/v3/paper_report.py                                        139     33     52     16    72%   51->49, 54, 57, 80, 116, 118->113, 138, 141, 143, 145, 156, 159->133, 161->133, 165->168, 168->171, 175-186, 190, 213-232, 236
GarimpoInvestimentos/v3/paper_trader.py                                        105     50     30      4    50%   65, 68, 82->exit, 95-171, 186-227, 231-256, 266
GarimpoInvestimentos/v3/pipeline.py                                            151     99     30      4    31%   86-87, 91, 95, 99, 103, 107, 117-118, 122, 151-153, 161-163, 171-173, 199-401, 410-454, 464
GarimpoInvestimentos/v3/regime_engine.py                                       213     17     56     13    89%   139->142, 143-145, 198, 203-204, 236, 287, 316, 321, 323, 332, 457, 460, 464, 467, 524
GarimpoInvestimentos/v3/signal_engine.py                                       108     28     36      5    67%   127, 143, 149, 153, 155, 359, 390-411
GarimpoInvestimentos/v3/timeindex.py                                            38      2     20      2    93%   33, 52
GarimpoInvestimentos/v3/vision_ingest.py                                        42     26      4      1    37%   43-44, 48-84, 88-106, 110
GarimpoInvestimentos/watchdog.py                                               140     66     46      7    50%   112->110, 114-115, 117, 121, 124->130, 134-136, 140, 146-147, 176-179, 182-184, 195-210, 214-278, 282
------------------------------------------------------------------------------------------------------------------------
TOTAL                                                                        13278   3078   4100    739    74%
================ 1664 passed, 33 warnings in 204.82s (0:03:24) =================
[pytest exit 0]
