<?xml version="1.0" encoding="utf-8"?><testsuites name="pytest tests"><testsuite name="pytest" errors="0" failures="0" skipped="0" tests="89" time="387.165" timestamp="2026-09-24T09:21:51.584671+00:00" hostname="runnervmvmocb"><testcase classname="tests.conformance.test_contract_conformance" name="test_e2e_file_request_to_result_and_reread_after_restart" time="6.196" /><testcase classname="tests.conformance.test_contract_conformance" name="test_admission_rejects_before_any_execution[&lt;lambda&gt;-PROTECTED_HYPOTHESIS0]" time="0.786" /><testcase classname="tests.conformance.test_contract_conformance" name="test_admission_rejects_before_any_execution[&lt;lambda&gt;-PROTECTED_HYPOTHESIS1]" time="0.815" /><testcase classname="tests.conformance.test_contract_conformance" name="test_admission_rejects_before_any_execution[&lt;lambda&gt;-HYPOTHESIS_NOT_ADMITTED]" time="0.788" /><testcase classname="tests.conformance.test_contract_conformance" name="test_admission_rejects_before_any_execution[&lt;lambda&gt;-HOLDOUT_SEALED0]" time="0.793" /><testcase classname="tests.conformance.test_contract_conformance" name="test_admission_rejects_before_any_execution[&lt;lambda&gt;-HOLDOUT_SEALED1]" time="0.784" /><testcase classname="tests.conformance.test_contract_conformance" name="test_admission_rejects_before_any_execution[&lt;lambda&gt;-SEASON_NOT_ALLOWED]" time="0.790" /><testcase classname="tests.conformance.test_contract_conformance" name="test_admission_rejects_before_any_execution[&lt;lambda&gt;-WINDOW_OUTSIDE_SEASON]" time="0.794" /><testcase classname="tests.conformance.test_contract_conformance" name="test_admission_rejects_before_any_execution[&lt;lambda&gt;-REFERENCE_UNAUTHORIZED_OR_UNKNOWN]" time="0.797" /><testcase classname="tests.conformance.test_contract_conformance" name="test_admission_rejects_before_any_execution[&lt;lambda&gt;-SCHEMA_INVALID0]" time="0.797" /><testcase classname="tests.conformance.test_contract_conformance" name="test_admission_rejects_before_any_execution[&lt;lambda&gt;-SCHEMA_INVALID1]" time="0.786" /><testcase classname="tests.conformance.test_contract_conformance" name="test_admission_rejects_before_any_execution[&lt;lambda&gt;-SCHEMA_INVALID2]" time="0.802" /><testcase classname="tests.conformance.test_contract_conformance" name="test_admission_rejects_before_any_execution[&lt;lambda&gt;-SCHEMA_INVALID3]" time="0.793" /><testcase classname="tests.conformance.test_contract_conformance" name="test_admission_rejects_before_any_execution[&lt;lambda&gt;-SCHEMA_INVALID4]" time="0.796" /><testcase classname="tests.conformance.test_contract_conformance" name="test_admission_rejects_before_any_execution[&lt;lambda&gt;-SCHEMA_INVALID5]" time="0.800" /><testcase classname="tests.conformance.test_contract_conformance" name="test_admission_rejects_before_any_execution[&lt;lambda&gt;-SCHEMA_INVALID6]" time="0.791" /><testcase classname="tests.conformance.test_contract_conformance" name="test_admission_rejects_before_any_execution[&lt;lambda&gt;-REQUEST_TYPE_NOT_ALLOWED]" time="0.806" /><testcase classname="tests.conformance.test_contract_conformance" name="test_admission_rejects_before_any_execution[&lt;lambda&gt;-SCHEMA_INVALID7]" time="0.804" /><testcase classname="tests.conformance.test_contract_conformance" name="test_admission_rejects_before_any_execution[&lt;lambda&gt;-SCHEMA_INVALID8]" time="0.799" /><testcase classname="tests.conformance.test_contract_conformance" name="test_admission_rejects_before_any_execution[&lt;lambda&gt;-SCHEMA_INVALID9]" time="0.783" /><testcase classname="tests.conformance.test_contract_conformance" name="test_admission_rejects_before_any_execution[&lt;lambda&gt;-PARAMETER_OUT_OF_BOUNDS]" time="0.811" /><testcase classname="tests.conformance.test_contract_conformance" name="test_admission_rejects_before_any_execution[&lt;lambda&gt;-SCHEMA_INVALID10]" time="0.810" /><testcase classname="tests.conformance.test_contract_conformance" name="test_invalid_json_duplicate_keys_nan_and_oversize_are_rejected" time="1.704" /><testcase classname="tests.conformance.test_contract_conformance" name="test_idempotency_duplicate_conflict_and_single_effect" time="3.823" /><testcase classname="tests.conformance.test_contract_conformance" name="test_duplicate_after_policy_change_returns_the_stored_result" time="5.931" /><testcase classname="tests.conformance.test_contract_conformance" name="test_authority_separation_invariants_are_enforced_by_the_contract" time="5.975" /><testcase classname="tests.conformance.test_contract_conformance" name="test_forecast_only_for_future_events_makes_no_scientific_claim" time="5.654" /><testcase classname="tests.conformance.test_contract_conformance" name="test_capital_is_forbidden_everywhere" time="5.548" /><testcase classname="tests.conformance.test_contract_conformance" name="test_entrypoint_needs_no_checkout_or_project_root" time="0.382" /><testcase classname="tests.conformance.test_contract_conformance" name="test_ou25_is_evaluated_against_the_canonical_closing_line" time="3.042" /><testcase classname="tests.conformance.test_failure_recovery" name="test_process_death_at_each_point_recovers_exactly_once[before_admission_commit]" time="7.068" /><testcase classname="tests.conformance.test_failure_recovery" name="test_process_death_at_each_point_recovers_exactly_once[after_admission]" time="7.006" /><testcase classname="tests.conformance.test_failure_recovery" name="test_process_death_at_each_point_recovers_exactly_once[during_materialization]" time="7.007" /><testcase classname="tests.conformance.test_failure_recovery" name="test_process_death_at_each_point_recovers_exactly_once[before_ops]" time="7.034" /><testcase classname="tests.conformance.test_failure_recovery" name="test_process_death_at_each_point_recovers_exactly_once[after_ops]" time="7.157" /><testcase classname="tests.conformance.test_failure_recovery" name="test_process_death_at_each_point_recovers_exactly_once[after_domain_effect]" time="7.085" /><testcase classname="tests.conformance.test_failure_recovery" name="test_process_death_at_each_point_recovers_exactly_once[during_result_write]" time="7.144" /><testcase classname="tests.conformance.test_failure_recovery" name="test_process_death_at_each_point_recovers_exactly_once[after_result_write]" time="7.115" /><testcase classname="tests.conformance.test_failure_recovery" name="test_process_death_at_each_point_recovers_exactly_once[after_result_store]" time="7.002" /><testcase classname="tests.conformance.test_failure_recovery" name="test_ops_worker_crash_is_not_a_result_and_retry_succeeds" time="7.748" /><testcase classname="tests.conformance.test_failure_recovery" name="test_ops_timeout_kills_the_worker_and_is_not_a_result" time="9.936" /><testcase classname="tests.conformance.test_failure_recovery" name="test_slow_worker_still_produces_exactly_one_result" time="7.534" /><testcase classname="tests.conformance.test_failure_recovery" name="test_retry_budget_exhaustion_is_a_terminal_operational_failure" time="7.720" /><testcase classname="tests.conformance.test_failure_recovery" name="test_ops_lock_held_by_another_run_is_retryable_never_a_second_effect" time="6.921" /><testcase classname="tests.conformance.test_failure_recovery" name="test_database_lock_waits_and_then_completes_once" time="9.262" /><testcase classname="tests.conformance.test_failure_recovery" name="test_concurrent_submissions_of_the_same_request_produce_one_effect" time="5.990" /><testcase classname="tests.conformance.test_failure_recovery" name="test_out_of_order_requests_are_independent_and_deterministic" time="16.221" /><testcase classname="tests.conformance.test_failure_recovery" name="test_db_says_result_exists_but_file_is_gone" time="6.869" /><testcase classname="tests.conformance.test_failure_recovery" name="test_file_exists_but_index_lost_the_result" time="6.314" /><testcase classname="tests.conformance.test_failure_recovery" name="test_modified_result_and_modified_effect_fail_closed" time="12.173" /><testcase classname="tests.conformance.test_failure_recovery" name="test_corrupted_dataset_snapshot_in_the_object_store_fails_before_ops" time="3.374" /><testcase classname="tests.conformance.test_failure_recovery" name="test_missing_reference_object_is_not_ready" time="3.319" /><testcase classname="tests.conformance.test_failure_recovery" name="test_reference_changed_after_materialization_fails_closed" time="3.762" /><testcase classname="tests.conformance.test_failure_recovery" name="test_backup_and_restore_into_a_new_root_reread_the_same_result" time="6.762" /><testcase classname="tests.conformance.test_failure_recovery" name="test_fault_points_are_the_frozen_matrix" time="0.001" /><testcase classname="tests.conformance.test_import_closure" name="test_entrypoints_include_the_research_circuit" time="0.001" /><testcase classname="tests.conformance.test_import_closure" name="test_no_entrypoint_reaches_envelope_cain_or_adapter_paths" time="0.721" /><testcase classname="tests.conformance.test_import_closure" name="test_research_circuit_components_are_reachable_from_the_entrypoint" time="0.700" /><testcase classname="tests.conformance.test_import_closure" name="test_economic_decision_code_is_not_reachable_from_the_research_entrypoint" time="0.679" /><testcase classname="tests.conformance.test_import_closure" name="test_nothing_outside_adapter_paths_imports_them" time="0.708" /><testcase classname="tests.conformance.test_import_closure" name="test_runtime_import_of_the_circuit_loads_no_forbidden_module" time="1.055" /><testcase classname="tests.conformance.test_temporal_suite" name="test_future_canary_never_reaches_any_artifact" time="12.578" /><testcase classname="tests.conformance.test_temporal_suite" name="test_every_prediction_uses_only_information_available_before_its_cutoff" time="2.979" /><testcase classname="tests.conformance.test_temporal_suite" name="test_handler_reads_only_the_captured_snapshot_not_the_live_database" time="14.270" /><testcase classname="tests.conformance.test_temporal_suite" name="test_metamorphic_row_order_permutations_do_not_change_results" time="23.120" /><testcase classname="tests.conformance.test_temporal_suite" name="test_postponed_and_rescheduled_match_is_ordered_by_its_real_kickoff" time="7.470" /><testcase classname="tests.conformance.test_temporal_suite" name="test_duplicate_fixture_fails_closed" time="4.977" /><testcase classname="tests.conformance.test_temporal_suite" name="test_result_of_game_a_does_not_affect_game_b_with_the_same_kickoff" time="14.497" /><testcase classname="tests.conformance.test_temporal_suite" name="test_match_still_in_progress_is_not_information_for_the_next_kickoff" time="23.035" /><testcase classname="tests.conformance.test_temporal_suite" name="test_venue_offsets_normalize_to_the_same_instants" time="5.896" /><testcase classname="tests.conformance.test_temporal_suite" name="test_naive_kickoff_in_the_dataset_fails_closed" time="4.977" /><testcase classname="tests.conformance.test_temporal_suite" name="test_explicit_offsets_are_normalized_never_guessed[2023-06-10T19:00:00-03:00-2023-06-10T22:00:00Z]" time="0.001" /><testcase classname="tests.conformance.test_temporal_suite" name="test_explicit_offsets_are_normalized_never_guessed[2023-06-10T18:00:00-04:00-2023-06-10T22:00:00Z0]" time="0.001" /><testcase classname="tests.conformance.test_temporal_suite" name="test_explicit_offsets_are_normalized_never_guessed[2023-06-10T18:00:00-04:00-2023-06-10T22:00:00Z1]" time="0.001" /><testcase classname="tests.conformance.test_temporal_suite" name="test_explicit_offsets_are_normalized_never_guessed[2023-06-10T17:00:00-05:00-2023-06-10T22:00:00Z]" time="0.001" /><testcase classname="tests.conformance.test_temporal_suite" name="test_explicit_offsets_are_normalized_never_guessed[2018-02-17T23:30:00-02:00-2018-02-18T01:30:00Z]" time="0.001" /><testcase classname="tests.conformance.test_temporal_suite" name="test_explicit_offsets_are_normalized_never_guessed[2018-02-17T23:30:00-03:00-2018-02-18T02:30:00Z]" time="0.001" /><testcase classname="tests.conformance.test_temporal_suite" name="test_explicit_offsets_are_normalized_never_guessed[2018-11-04T01:30:00-02:00-2018-11-04T03:30:00Z]" time="0.001" /><testcase classname="tests.conformance.test_temporal_suite" name="test_explicit_offsets_are_normalized_never_guessed[2016-10-16T01:30:00-03:00-2016-10-16T04:30:00Z]" time="0.001" /><testcase classname="tests.conformance.test_temporal_suite" name="test_ambiguous_nonexistent_or_naive_local_times_are_rejected[2018-02-17T23:30:00]" time="0.001" /><testcase classname="tests.conformance.test_temporal_suite" name="test_ambiguous_nonexistent_or_naive_local_times_are_rejected[2018-11-04T00:30:00]" time="0.001" /><testcase classname="tests.conformance.test_temporal_suite" name="test_ambiguous_nonexistent_or_naive_local_times_are_rejected[2024-05-01T19:00:00]" time="0.001" /><testcase classname="tests.conformance.test_temporal_suite" name="test_ambiguous_nonexistent_or_naive_local_times_are_rejected[2024-05-01]" time="0.001" /><testcase classname="tests.conformance.test_temporal_suite" name="test_ambiguous_nonexistent_or_naive_local_times_are_rejected[]" time="0.001" /><testcase classname="tests.conformance.test_temporal_suite" name="test_capture_time_caches_are_never_read" time="5.953" /><testcase classname="tests.conformance.test_temporal_suite" name="test_historical_prediction_is_the_same_after_running_a_future_date" time="21.674" /><testcase classname="tests.conformance.test_temporal_suite" name="test_same_process_memo_does_not_leak_a_future_refit" time="0.622" /><testcase classname="tests.conformance.test_temporal_suite" name="test_result_that_could_not_exist_at_capture_fails_closed" time="5.350" /><testcase classname="tests.conformance.test_temporal_suite" name="test_data_cutoff_after_the_snapshot_as_of_is_refused" time="2.235" /></testsuite></testsuites>