<?xml version="1.0" encoding="utf-8"?><testsuites name="pytest tests"><testsuite name="pytest" errors="0" failures="0" skipped="0" tests="89" time="300.267" timestamp="2026-09-24T12:31:19.129039-03:00" hostname="DESKTOP-EJPA2MT"><testcase classname="tests.conformance.test_contract_conformance" name="test_e2e_file_request_to_result_and_reread_after_restart" time="5.512" /><testcase classname="tests.conformance.test_contract_conformance" name="test_admission_rejects_before_any_execution[&lt;lambda&gt;-PROTECTED_HYPOTHESIS0]" time="0.691" /><testcase classname="tests.conformance.test_contract_conformance" name="test_admission_rejects_before_any_execution[&lt;lambda&gt;-PROTECTED_HYPOTHESIS1]" time="0.746" /><testcase classname="tests.conformance.test_contract_conformance" name="test_admission_rejects_before_any_execution[&lt;lambda&gt;-HYPOTHESIS_NOT_ADMITTED]" time="0.682" /><testcase classname="tests.conformance.test_contract_conformance" name="test_admission_rejects_before_any_execution[&lt;lambda&gt;-HOLDOUT_SEALED0]" time="0.681" /><testcase classname="tests.conformance.test_contract_conformance" name="test_admission_rejects_before_any_execution[&lt;lambda&gt;-HOLDOUT_SEALED1]" time="0.769" /><testcase classname="tests.conformance.test_contract_conformance" name="test_admission_rejects_before_any_execution[&lt;lambda&gt;-SEASON_NOT_ALLOWED]" time="0.718" /><testcase classname="tests.conformance.test_contract_conformance" name="test_admission_rejects_before_any_execution[&lt;lambda&gt;-WINDOW_OUTSIDE_SEASON]" time="0.721" /><testcase classname="tests.conformance.test_contract_conformance" name="test_admission_rejects_before_any_execution[&lt;lambda&gt;-REFERENCE_UNAUTHORIZED_OR_UNKNOWN]" time="0.744" /><testcase classname="tests.conformance.test_contract_conformance" name="test_admission_rejects_before_any_execution[&lt;lambda&gt;-SCHEMA_INVALID0]" time="0.725" /><testcase classname="tests.conformance.test_contract_conformance" name="test_admission_rejects_before_any_execution[&lt;lambda&gt;-SCHEMA_INVALID1]" time="0.778" /><testcase classname="tests.conformance.test_contract_conformance" name="test_admission_rejects_before_any_execution[&lt;lambda&gt;-SCHEMA_INVALID2]" time="0.730" /><testcase classname="tests.conformance.test_contract_conformance" name="test_admission_rejects_before_any_execution[&lt;lambda&gt;-SCHEMA_INVALID3]" time="0.717" /><testcase classname="tests.conformance.test_contract_conformance" name="test_admission_rejects_before_any_execution[&lt;lambda&gt;-SCHEMA_INVALID4]" time="0.683" /><testcase classname="tests.conformance.test_contract_conformance" name="test_admission_rejects_before_any_execution[&lt;lambda&gt;-SCHEMA_INVALID5]" time="0.737" /><testcase classname="tests.conformance.test_contract_conformance" name="test_admission_rejects_before_any_execution[&lt;lambda&gt;-SCHEMA_INVALID6]" time="0.676" /><testcase classname="tests.conformance.test_contract_conformance" name="test_admission_rejects_before_any_execution[&lt;lambda&gt;-REQUEST_TYPE_NOT_ALLOWED]" time="0.714" /><testcase classname="tests.conformance.test_contract_conformance" name="test_admission_rejects_before_any_execution[&lt;lambda&gt;-SCHEMA_INVALID7]" time="0.703" /><testcase classname="tests.conformance.test_contract_conformance" name="test_admission_rejects_before_any_execution[&lt;lambda&gt;-SCHEMA_INVALID8]" time="0.752" /><testcase classname="tests.conformance.test_contract_conformance" name="test_admission_rejects_before_any_execution[&lt;lambda&gt;-SCHEMA_INVALID9]" time="0.708" /><testcase classname="tests.conformance.test_contract_conformance" name="test_admission_rejects_before_any_execution[&lt;lambda&gt;-PARAMETER_OUT_OF_BOUNDS]" time="0.725" /><testcase classname="tests.conformance.test_contract_conformance" name="test_admission_rejects_before_any_execution[&lt;lambda&gt;-SCHEMA_INVALID10]" time="0.722" /><testcase classname="tests.conformance.test_contract_conformance" name="test_invalid_json_duplicate_keys_nan_and_oversize_are_rejected" time="1.540" /><testcase classname="tests.conformance.test_contract_conformance" name="test_idempotency_duplicate_conflict_and_single_effect" time="3.402" /><testcase classname="tests.conformance.test_contract_conformance" name="test_duplicate_after_policy_change_returns_the_stored_result" time="5.162" /><testcase classname="tests.conformance.test_contract_conformance" name="test_authority_separation_invariants_are_enforced_by_the_contract" time="5.108" /><testcase classname="tests.conformance.test_contract_conformance" name="test_forecast_only_for_future_events_makes_no_scientific_claim" time="4.659" /><testcase classname="tests.conformance.test_contract_conformance" name="test_capital_is_forbidden_everywhere" time="4.456" /><testcase classname="tests.conformance.test_contract_conformance" name="test_entrypoint_needs_no_checkout_or_project_root" time="0.325" /><testcase classname="tests.conformance.test_contract_conformance" name="test_ou25_is_evaluated_against_the_canonical_closing_line" time="2.340" /><testcase classname="tests.conformance.test_failure_recovery" name="test_process_death_at_each_point_recovers_exactly_once[before_admission_commit]" time="5.716" /><testcase classname="tests.conformance.test_failure_recovery" name="test_process_death_at_each_point_recovers_exactly_once[after_admission]" time="5.686" /><testcase classname="tests.conformance.test_failure_recovery" name="test_process_death_at_each_point_recovers_exactly_once[during_materialization]" time="5.763" /><testcase classname="tests.conformance.test_failure_recovery" name="test_process_death_at_each_point_recovers_exactly_once[before_ops]" time="5.781" /><testcase classname="tests.conformance.test_failure_recovery" name="test_process_death_at_each_point_recovers_exactly_once[after_ops]" time="5.792" /><testcase classname="tests.conformance.test_failure_recovery" name="test_process_death_at_each_point_recovers_exactly_once[after_domain_effect]" time="5.800" /><testcase classname="tests.conformance.test_failure_recovery" name="test_process_death_at_each_point_recovers_exactly_once[during_result_write]" time="5.786" /><testcase classname="tests.conformance.test_failure_recovery" name="test_process_death_at_each_point_recovers_exactly_once[after_result_write]" time="5.810" /><testcase classname="tests.conformance.test_failure_recovery" name="test_process_death_at_each_point_recovers_exactly_once[after_result_store]" time="5.774" /><testcase classname="tests.conformance.test_failure_recovery" name="test_ops_worker_crash_is_not_a_result_and_retry_succeeds" time="6.689" /><testcase classname="tests.conformance.test_failure_recovery" name="test_ops_timeout_kills_the_worker_and_is_not_a_result" time="8.634" /><testcase classname="tests.conformance.test_failure_recovery" name="test_slow_worker_still_produces_exactly_one_result" time="6.452" /><testcase classname="tests.conformance.test_failure_recovery" name="test_retry_budget_exhaustion_is_a_terminal_operational_failure" time="6.408" /><testcase classname="tests.conformance.test_failure_recovery" name="test_ops_lock_held_by_another_run_is_retryable_never_a_second_effect" time="5.469" /><testcase classname="tests.conformance.test_failure_recovery" name="test_database_lock_waits_and_then_completes_once" time="8.246" /><testcase classname="tests.conformance.test_failure_recovery" name="test_concurrent_submissions_of_the_same_request_produce_one_effect" time="4.818" /><testcase classname="tests.conformance.test_failure_recovery" name="test_out_of_order_requests_are_independent_and_deterministic" time="13.667" /><testcase classname="tests.conformance.test_failure_recovery" name="test_db_says_result_exists_but_file_is_gone" time="5.544" /><testcase classname="tests.conformance.test_failure_recovery" name="test_file_exists_but_index_lost_the_result" time="5.131" /><testcase classname="tests.conformance.test_failure_recovery" name="test_modified_result_and_modified_effect_fail_closed" time="10.039" /><testcase classname="tests.conformance.test_failure_recovery" name="test_corrupted_dataset_snapshot_in_the_object_store_fails_before_ops" time="2.758" /><testcase classname="tests.conformance.test_failure_recovery" name="test_missing_reference_object_is_not_ready" time="2.779" /><testcase classname="tests.conformance.test_failure_recovery" name="test_reference_changed_after_materialization_fails_closed" time="3.055" /><testcase classname="tests.conformance.test_failure_recovery" name="test_backup_and_restore_into_a_new_root_reread_the_same_result" time="5.459" /><testcase classname="tests.conformance.test_failure_recovery" name="test_fault_points_are_the_frozen_matrix" time="0.000" /><testcase classname="tests.conformance.test_import_closure" name="test_entrypoints_include_the_research_circuit" time="0.001" /><testcase classname="tests.conformance.test_import_closure" name="test_no_entrypoint_reaches_envelope_cain_or_adapter_paths" time="0.430" /><testcase classname="tests.conformance.test_import_closure" name="test_research_circuit_components_are_reachable_from_the_entrypoint" time="0.420" /><testcase classname="tests.conformance.test_import_closure" name="test_economic_decision_code_is_not_reachable_from_the_research_entrypoint" time="0.405" /><testcase classname="tests.conformance.test_import_closure" name="test_nothing_outside_adapter_paths_imports_them" time="0.453" /><testcase classname="tests.conformance.test_import_closure" name="test_runtime_import_of_the_circuit_loads_no_forbidden_module" time="0.912" /><testcase classname="tests.conformance.test_temporal_suite" name="test_future_canary_never_reaches_any_artifact" time="9.893" /><testcase classname="tests.conformance.test_temporal_suite" name="test_every_prediction_uses_only_information_available_before_its_cutoff" time="2.348" /><testcase classname="tests.conformance.test_temporal_suite" name="test_handler_reads_only_the_captured_snapshot_not_the_live_database" time="9.624" /><testcase classname="tests.conformance.test_temporal_suite" name="test_metamorphic_row_order_permutations_do_not_change_results" time="14.048" /><testcase classname="tests.conformance.test_temporal_suite" name="test_postponed_and_rescheduled_match_is_ordered_by_its_real_kickoff" time="5.909" /><testcase classname="tests.conformance.test_temporal_suite" name="test_duplicate_fixture_fails_closed" time="4.209" /><testcase classname="tests.conformance.test_temporal_suite" name="test_result_of_game_a_does_not_affect_game_b_with_the_same_kickoff" time="11.392" /><testcase classname="tests.conformance.test_temporal_suite" name="test_match_still_in_progress_is_not_information_for_the_next_kickoff" time="11.341" /><testcase classname="tests.conformance.test_temporal_suite" name="test_venue_offsets_normalize_to_the_same_instants" time="4.602" /><testcase classname="tests.conformance.test_temporal_suite" name="test_naive_kickoff_in_the_dataset_fails_closed" time="3.930" /><testcase classname="tests.conformance.test_temporal_suite" name="test_explicit_offsets_are_normalized_never_guessed[2023-06-10T19:00:00-03:00-2023-06-10T22:00:00Z]" time="0.001" /><testcase classname="tests.conformance.test_temporal_suite" name="test_explicit_offsets_are_normalized_never_guessed[2023-06-10T18:00:00-04:00-2023-06-10T22:00:00Z0]" time="0.001" /><testcase classname="tests.conformance.test_temporal_suite" name="test_explicit_offsets_are_normalized_never_guessed[2023-06-10T18:00:00-04:00-2023-06-10T22:00:00Z1]" time="0.001" /><testcase classname="tests.conformance.test_temporal_suite" name="test_explicit_offsets_are_normalized_never_guessed[2023-06-10T17:00:00-05:00-2023-06-10T22:00:00Z]" time="0.000" /><testcase classname="tests.conformance.test_temporal_suite" name="test_explicit_offsets_are_normalized_never_guessed[2018-02-17T23:30:00-02:00-2018-02-18T01:30:00Z]" time="0.000" /><testcase classname="tests.conformance.test_temporal_suite" name="test_explicit_offsets_are_normalized_never_guessed[2018-02-17T23:30:00-03:00-2018-02-18T02:30:00Z]" time="0.000" /><testcase classname="tests.conformance.test_temporal_suite" name="test_explicit_offsets_are_normalized_never_guessed[2018-11-04T01:30:00-02:00-2018-11-04T03:30:00Z]" time="0.000" /><testcase classname="tests.conformance.test_temporal_suite" name="test_explicit_offsets_are_normalized_never_guessed[2016-10-16T01:30:00-03:00-2016-10-16T04:30:00Z]" time="0.000" /><testcase classname="tests.conformance.test_temporal_suite" name="test_ambiguous_nonexistent_or_naive_local_times_are_rejected[2018-02-17T23:30:00]" time="0.000" /><testcase classname="tests.conformance.test_temporal_suite" name="test_ambiguous_nonexistent_or_naive_local_times_are_rejected[2018-11-04T00:30:00]" time="0.000" /><testcase classname="tests.conformance.test_temporal_suite" name="test_ambiguous_nonexistent_or_naive_local_times_are_rejected[2024-05-01T19:00:00]" time="0.000" /><testcase classname="tests.conformance.test_temporal_suite" name="test_ambiguous_nonexistent_or_naive_local_times_are_rejected[2024-05-01]" time="0.000" /><testcase classname="tests.conformance.test_temporal_suite" name="test_ambiguous_nonexistent_or_naive_local_times_are_rejected[]" time="0.000" /><testcase classname="tests.conformance.test_temporal_suite" name="test_capture_time_caches_are_never_read" time="4.679" /><testcase classname="tests.conformance.test_temporal_suite" name="test_historical_prediction_is_the_same_after_running_a_future_date" time="11.388" /><testcase classname="tests.conformance.test_temporal_suite" name="test_same_process_memo_does_not_leak_a_future_refit" time="0.379" /><testcase classname="tests.conformance.test_temporal_suite" name="test_result_that_could_not_exist_at_capture_fails_closed" time="4.534" /><testcase classname="tests.conformance.test_temporal_suite" name="test_data_cutoff_after_the_snapshot_as_of_is_refused" time="1.859" /></testsuite></testsuites>