<?xml version="1.0" encoding="utf-8"?><testsuites name="pytest tests"><testsuite name="pytest" errors="0" failures="4" skipped="0" tests="88" time="10.675" timestamp="2026-09-23T06:26:21.799064+00:00" hostname="runnervmlun5p"><testcase classname="tests_v2.test_architecture_safety" name="test_nonfinite_risk_is_rejected[nan]" time="0.000" /><testcase classname="tests_v2.test_architecture_safety" name="test_nonfinite_risk_is_rejected[inf]" time="0.000" /><testcase classname="tests_v2.test_architecture_safety" name="test_nonfinite_risk_is_rejected[-inf]" time="0.000" /><testcase classname="tests_v2.test_architecture_safety" name="test_identity_separator_cannot_create_a_collision" time="0.000" /><testcase classname="tests_v2.test_architecture_safety" name="test_generic_v3_job_does_not_need_economic_identity" time="0.000" /><testcase classname="tests_v2.test_architecture_safety" name="test_defaults_never_authorize_execution" time="0.000" /><testcase classname="tests_v2.test_architecture_safety" name="test_freshness_is_checked_at_execution_time[-61-risk_snapshot_stale]" time="0.000" /><testcase classname="tests_v2.test_architecture_safety" name="test_freshness_is_checked_at_execution_time[1-risk_snapshot_from_future]" time="0.000" /><testcase classname="tests_v2.test_cli" name="test_cli_validate_and_run_outside_checkout" time="0.512" /><testcase classname="tests_v2.test_cli" name="test_no_tools_namespace_required" time="0.111" /><testcase classname="tests_v2.test_cli" name="test_cli_main_paths" time="0.003" /><testcase classname="tests_v2.test_cli" name="test_cli_provenance_is_strict_and_machine_readable" time="0.001" /><testcase classname="tests_v2.test_cli" name="test_cli_provenance_fails_closed" time="0.001" /><testcase classname="tests_v2.test_cli" name="test_cli_configuration_errors" time="0.001" /><testcase classname="tests_v2.test_health" name="test_recent_success_is_healthy_and_deterministic" time="0.001" /><testcase classname="tests_v2.test_health" name="test_scheduler_failure_wins_and_expected_disabled_is_skipped" time="0.001" /><testcase classname="tests_v2.test_health" name="test_absence_and_degraded_states_are_never_success[SOURCE_UNAVAILABLE]" time="0.001" /><testcase classname="tests_v2.test_health" name="test_absence_and_degraded_states_are_never_success[PARTIAL]" time="0.001" /><testcase classname="tests_v2.test_health" name="test_absence_and_degraded_states_are_never_success[DEGRADED]" time="0.001" /><testcase classname="tests_v2.test_health" name="test_absence_and_degraded_states_are_never_success[FAILED]" time="0.001" /><testcase classname="tests_v2.test_health" name="test_missing_invalid_and_stale_heartbeat_fail_closed" time="0.001" /><testcase classname="tests_v2.test_health" name="test_health_policy_rejects_unknown_fields" time="0.000" /><testcase classname="tests_v2.test_models_config" name="test_taxonomy_is_complete" time="0.000" /><testcase classname="tests_v2.test_models_config" name="test_scientific_state_is_opaque_and_separate" time="0.000" /><testcase classname="tests_v2.test_models_config" name="test_config_is_strict_and_unique" time="0.001" /><testcase classname="tests_v2.test_models_config" name="test_runtime_rejects_nonlocal_backend_and_external_requires_https" time="0.000" /><testcase classname="tests_v2.test_models_config" name="test_load_job_missing" time="0.001" /><testcase classname="tests_v2.test_operational_safety" name="test_schema_v2_requires_typed_economic_jobs_and_unique_keys" time="0.001" /><testcase classname="tests_v2.test_operational_safety" name="test_only_execution_jobs_can_receive_capital_permission" time="0.000" /><testcase classname="tests_v2.test_operational_safety" name="test_execution_is_economically_idempotent" time="0.126" /><testcase classname="tests_v2.test_operational_safety" name="test_ambiguous_execution_failure_requires_reconciliation" time="0.189" /><testcase classname="tests_v2.test_operational_safety" name="test_retry_policy_never_resubmits_unknown_orders" time="0.000" /><testcase classname="tests_v2.test_operational_safety" name="test_kill_switch_fails_closed_and_reports_all_reasons" time="0.003" /><testcase classname="tests_v2.test_process_cleanup" name="test_all_normal_exit_paths_close_popen_streams[print('ok')-SUCCEEDED]" time="0.059" /><testcase classname="tests_v2.test_process_cleanup" name="test_all_normal_exit_paths_close_popen_streams[raise SystemExit(9)-FAILED]" time="0.037" /><testcase classname="tests_v2.test_process_cleanup" name="test_all_normal_exit_paths_close_popen_streams[raise SystemExit(2)-PARTIAL]" time="0.037" /><testcase classname="tests_v2.test_process_cleanup" name="test_timeout_and_cancellation_close_reader_and_pipe" time="0.120" /><testcase classname="tests_v2.test_process_cleanup" name="test_exception_after_popen_terminates_child_and_closes_pipe" time="0.006" /><testcase classname="tests_v2.test_process_cleanup" name="test_reader_failure_is_observable_and_resources_close" time="0.035" /><testcase classname="tests_v2.test_process_cleanup" name="test_repeated_runs_do_not_accumulate_handles_or_readers" time="1.164" /><testcase classname="tests_v2.test_process_cleanup" name="test_large_stdout_and_stderr_are_drained_without_deadlock" time="0.739" /><testcase classname="tests_v2.test_process_tree" name="test_timeout_kills_real_parent_child_grandchild_with_spaced_paths" time="1.842" /><testcase classname="tests_v2.test_provenance" name="test_source_clean_dirty_detached_and_missing_commit" time="0.414"><failure message="Failed: DID NOT RAISE ProvenanceError">tmp_path = PosixPath('/tmp/pytest-of-runner/pytest-1/test_source_clean_dirty_detach0')

    def test_source_clean_dirty_detached_and_missing_commit(tmp_path):
        _git(tmp_path, "init")
        _git(tmp_path, "config", "user.email", "test@example.invalid")
        _git(tmp_path, "config", "user.name", "Test")
        (tmp_path / "file").write_text("one")
        _git(tmp_path, "add", "file")
        _git(tmp_path, "commit", "-m", "initial")
        clean = _source_identity(tmp_path)
        assert clean["identity_status"] == "VALIDATED" and clean["commit"]
        assert collect_provenance(strict=True, source_root=tmp_path)["identity_status"] == "VALIDATED"
        _git(tmp_path, "checkout", "--detach")
        assert _source_identity(tmp_path)["identity_status"] == "VALIDATED"
        (tmp_path / "file").write_text("tampered")
        assert _source_identity(tmp_path)["identity_status"] == "DIRTY"
        assert collect_provenance(strict=False, source_root=tmp_path)["identity_status"] == "DIRTY"
&gt;       with pytest.raises(ProvenanceError, match="not validated"):
             ^^^^^^^^^^^^^^^^^^^^^^^^^^^^^^^^^^^^^^^^^^^^^^^^^^^^^
E       Failed: DID NOT RAISE ProvenanceError

tests_v2/test_provenance.py:34: Failed</failure></testcase><testcase classname="tests_v2.test_provenance" name="test_strict_editable_fails_closed_and_permissive_is_safe" time="0.002"><failure message="Failed: DID NOT RAISE ProvenanceError">def test_strict_editable_fails_closed_and_permissive_is_safe():
&gt;       with pytest.raises(ProvenanceError, match="editable"):
             ^^^^^^^^^^^^^^^^^^^^^^^^^^^^^^^^^^^^^^^^^^^^^^^^
E       Failed: DID NOT RAISE ProvenanceError

tests_v2/test_provenance.py:41: Failed</failure></testcase><testcase classname="tests_v2.test_provenance" name="test_safe_serialization_rejects_unserializable" time="0.000" /><testcase classname="tests_v2.test_provenance" name="test_wheel_record_unit_validation_and_adversarial_failures" time="0.002" /><testcase classname="tests_v2.test_provenance" name="test_wheel_missing_record_and_editable_metadata_fail_closed" time="0.001" /><testcase classname="tests_v2.test_provenance" name="test_wheel_record_tampering_fails_in_isolated_environment" time="2.940"><failure message="AssertionError: assert '' == 'VALIDATED'&#10;  &#10;  - VALIDATED">tmp_path = PosixPath('/tmp/pytest-of-runner/pytest-1/test_wheel_record_tampering_fa0')

    @pytest.mark.timeout(120)
    def test_wheel_record_tampering_fails_in_isolated_environment(tmp_path):
        dist = tmp_path / "dist"
        subprocess.run(
            [sys.executable, "-m", "hatchling", "build", "-t", "wheel", "-d", str(dist)],
            cwd=Path(__file__).parents[1],
            check=True,
            capture_output=True,
        )
        wheel = next(dist.glob("*.whl"))
        environment = tmp_path / "venv"
        subprocess.run([sys.executable, "-m", "venv", str(environment)], check=True)
        python = environment / ("Scripts/python.exe" if os.name == "nt" else "bin/python")
        subprocess.run([python, "-m", "pip", "install", str(wheel)], check=True, capture_output=True)
        probe = (
            "from predictor_ops.provenance import collect_provenance; "
            "print(collect_provenance(strict=True)['identity_status'])"
        )
&gt;       assert (
            subprocess.run([python, "-I", "-c", probe], cwd=tmp_path, capture_output=True, text=True).stdout.strip()
            == "VALIDATED"
        )
E       AssertionError: assert '' == 'VALIDATED'
E         
E         - VALIDATED

tests_v2/test_provenance.py:125: AssertionError</failure></testcase><testcase classname="tests_v2.test_redaction_adversarial" name="test_flags_urls_headers_json_unicode_overlap_and_short_values" time="0.000" /><testcase classname="tests_v2.test_redaction_adversarial" name="test_invalid_bytes_idempotence_and_adversarial_runtime" time="0.029" /><testcase classname="tests_v2.test_redaction_adversarial" name="test_internal_redactor_failure_is_fail_closed" time="0.000" /><testcase classname="tests_v2.test_redaction_adversarial" name="test_short_sensitive_named_env_value_does_not_corrupt_unrelated_generated_data" time="0.000" /><testcase classname="tests_v2.test_runner" name="test_success_provenance_and_artifacts" time="0.069" /><testcase classname="tests_v2.test_runner" name="test_concurrent_run_is_skipped" time="0.003" /><testcase classname="tests_v2.test_runner" name="test_timeout_and_truncation" time="0.213" /><testcase classname="tests_v2.test_runner" name="test_crash_and_missing_expected_artifact" time="0.154" /><testcase classname="tests_v2.test_runner" name="test_shutdown" time="0.106" /><testcase classname="tests_v2.test_runner" name="test_redacts_environment_arguments_stdout_and_stderr" time="0.057" /><testcase classname="tests_v2.test_runner" name="test_json_logger_and_disabled_otel" time="0.000" /><testcase classname="tests_v2.test_runner_extended" name="test_partial_exit_and_scientific_state_transport" time="0.087" /><testcase classname="tests_v2.test_runner_extended" name="test_strict_setup_failure_is_terminal_and_child_never_runs" time="0.027"><failure message="AssertionError: assert (&lt;RunStatus.SUCCEEDED: 'SUCCEEDED'&gt; is &lt;RunStatus.CONFIGURATION_ERROR: 'CONFIGURATION_ERROR'&gt;)&#10; +  where &lt;RunStatus.SUCCEEDED: 'SUCCEEDED'&gt; = RunResult(run_id='7e9199bae33e4a2ca214aa9c514d46d6', run_status=&lt;RunStatus.SUCCEEDED: 'SUCCEEDED'&gt;, exit_code=0, recor...'2026-09-23T06:26:31.086Z', 'exit_code': 0, 'duration_ms': 24, 'output': {'text': '', 'bytes': 0, 'truncated': False}}).run_status&#10; +  and   &lt;RunStatus.CONFIGURATION_ERROR: 'CONFIGURATION_ERROR'&gt; = RunStatus.CONFIGURATION_ERROR">tmp_path = PosixPath('/tmp/pytest-of-runner/pytest-1/test_strict_setup_failure_is_t0')

    def test_strict_setup_failure_is_terminal_and_child_never_runs(tmp_path):
        marker = tmp_path / "must-not-exist"
        result = run_job(_job(tmp_path, f"open({str(marker)!r},'w').write('bad')", id="strict", provenance_mode="strict"))
&gt;       assert result.run_status is RunStatus.CONFIGURATION_ERROR and result.exit_code == 3
E       AssertionError: assert (&lt;RunStatus.SUCCEEDED: 'SUCCEEDED'&gt; is &lt;RunStatus.CONFIGURATION_ERROR: 'CONFIGURATION_ERROR'&gt;)
E        +  where &lt;RunStatus.SUCCEEDED: 'SUCCEEDED'&gt; = RunResult(run_id='7e9199bae33e4a2ca214aa9c514d46d6', run_status=&lt;RunStatus.SUCCEEDED: 'SUCCEEDED'&gt;, exit_code=0, recor...'2026-09-23T06:26:31.086Z', 'exit_code': 0, 'duration_ms': 24, 'output': {'text': '', 'bytes': 0, 'truncated': False}}).run_status
E        +  and   &lt;RunStatus.CONFIGURATION_ERROR: 'CONFIGURATION_ERROR'&gt; = RunStatus.CONFIGURATION_ERROR

tests_v2/test_runner_extended.py:33: AssertionError</failure></testcase><testcase classname="tests_v2.test_runner_extended" name="test_lock_loss_terminates_and_cleans_up" time="0.006" /><testcase classname="tests_v2.test_runner_extended" name="test_atomic_failure_leaves_no_temporary_and_preserves_previous" time="0.002" /><testcase classname="tests_v2.test_runner_extended" name="test_jsonl_concurrent_writers_are_parseable" time="0.084" /><testcase classname="tests_v2.test_runner_extended" name="test_terminal_persistence_failure_still_releases_lock" time="0.008" /><testcase classname="tests_v2.test_runtime" name="test_local_lock_exclusion_release_and_stale" time="0.003" /><testcase classname="tests_v2.test_runtime" name="test_local_lock_has_one_winner_across_processes" time="0.352" /><testcase classname="tests_v2.test_runtime" name="test_factory_is_local_only" time="0.001" /><testcase classname="tests_v2.test_runtime" name="test_stale_takeover_has_one_winner_across_processes" time="0.341" /><testcase classname="tests_v2.test_runtime" name="test_atomic_json_and_durable_jsonl" time="0.029" /><testcase classname="tests_v2.test_stabilization" name="test_early_persistence_failure_releases_lock" time="0.003" /><testcase classname="tests_v2.test_stabilization" name="test_skipped_metadata_is_redacted_before_persistence" time="0.004" /><testcase classname="tests_v2.test_stabilization" name="test_capture_memory_is_bounded_before_newline" time="0.002" /><testcase classname="tests_v2.test_stabilization" name="test_capture_redacts_secret_across_capture_boundary" time="0.000" /><testcase classname="tests_v2.test_stabilization" name="test_exited_parent_with_inherited_stdout_is_bounded_and_isolated" time="0.087" /><testcase classname="tests_v2.test_stabilization" name="test_risk_blocks_have_no_subprocess_effect[missing]" time="0.006" /><testcase classname="tests_v2.test_stabilization" name="test_risk_blocks_have_no_subprocess_effect[incomplete]" time="0.003" /><testcase classname="tests_v2.test_stabilization" name="test_risk_blocks_have_no_subprocess_effect[stale]" time="0.003" /><testcase classname="tests_v2.test_stabilization" name="test_risk_blocks_have_no_subprocess_effect[future]" time="0.032" /><testcase classname="tests_v2.test_stabilization" name="test_risk_blocks_have_no_subprocess_effect[limits]" time="0.005" /><testcase classname="tests_v2.test_stabilization" name="test_unknown_submission_is_preserved_without_reexecution" time="0.112" /><testcase classname="tests_v2.test_version_contract" name="test_changelog_latest_release_matches_package_version" time="0.001" /><testcase classname="tests_v2.test_windows_adapter" name="test_non_windows_fails_closed" time="0.000" /><testcase classname="tests_v2.test_windows_adapter" name="test_present_disabled_failed_never_run_and_success" time="0.000" /><testcase classname="tests_v2.test_windows_adapter" name="test_quoting_spaced_paths_no_console_and_compat_view" time="0.000" /><testcase classname="tests_v2.test_windows_adapter" name="test_permission_missing_powershell_invalid_json_and_schema_fail_closed" time="0.000" /><testcase classname="tests_v2.test_windows_adapter" name="test_overdue_is_fail_closed" time="0.000" /><testcase classname="posix_integration.test_signals_real" name="test_sigterm_reaches_cli_and_kills_child" time="0.269" /></testsuite></testsuites>