<?xml version="1.0" encoding="utf-8"?><testsuites name="pytest tests"><testsuite name="pytest" errors="0" failures="0" skipped="0" tests="48" time="47.483" timestamp="2026-09-23T15:42:56.467843+00:00" hostname="runnervmtr4k5"><testcase classname="tests.conformance.test_contract_conformance" name="test_e2e_result_is_reread_identically_after_restart" time="0.788" /><testcase classname="tests.conformance.test_contract_conformance" name="test_idempotency_duplicate_retry_and_conflict" time="1.146" /><testcase classname="tests.conformance.test_contract_conformance" name="test_future_canary_fails_closed_and_never_leaks" time="1.031" /><testcase classname="tests.conformance.test_contract_conformance" name="test_temporal_integrity_cutoff_mismatch_and_order" time="0.442" /><testcase classname="tests.conformance.test_contract_conformance" name="test_authority_states_stay_separate[case_a-INCONCLUSIVE-INCONCLUSIVE-NO_EDGE]" time="0.453" /><testcase classname="tests.conformance.test_contract_conformance" name="test_authority_states_stay_separate[case_b-NO_EDGE-SUPPORTED-NO_EDGE]" time="0.468" /><testcase classname="tests.conformance.test_contract_conformance" name="test_authority_states_stay_separate[insufficient-CLOSED_INSUFFICIENT_SAMPLE-INSUFFICIENT_SAMPLE-NOT_EVALUATED]" time="0.458" /><testcase classname="tests.conformance.test_contract_conformance" name="test_admission_rejects_before_any_execution[&lt;lambda&gt;-REJECTED-SCHEMA_INVALID0]" time="0.199" /><testcase classname="tests.conformance.test_contract_conformance" name="test_admission_rejects_before_any_execution[&lt;lambda&gt;-REJECTED-SCHEMA_INVALID1]" time="0.198" /><testcase classname="tests.conformance.test_contract_conformance" name="test_admission_rejects_before_any_execution[&lt;lambda&gt;-REJECTED-SCHEMA_INVALID2]" time="0.202" /><testcase classname="tests.conformance.test_contract_conformance" name="test_admission_rejects_before_any_execution[&lt;lambda&gt;-REJECTED-REQUEST_TYPE_NOT_ALLOWED]" time="0.217" /><testcase classname="tests.conformance.test_contract_conformance" name="test_admission_rejects_before_any_execution[&lt;lambda&gt;-REJECTED-SCHEMA_INVALID3]" time="0.204" /><testcase classname="tests.conformance.test_contract_conformance" name="test_admission_rejects_before_any_execution[&lt;lambda&gt;-REJECTED-HYPOTHESIS_CLOSED]" time="0.218" /><testcase classname="tests.conformance.test_contract_conformance" name="test_admission_rejects_before_any_execution[&lt;lambda&gt;-REJECTED-HYPOTHESIS_NOT_ACTIVE]" time="0.222" /><testcase classname="tests.conformance.test_contract_conformance" name="test_admission_rejects_before_any_execution[&lt;lambda&gt;-REJECTED-HYPOTHESIS_NOT_ADMITTED]" time="0.218" /><testcase classname="tests.conformance.test_contract_conformance" name="test_admission_rejects_before_any_execution[&lt;lambda&gt;-REJECTED-REFERENCE_UNAUTHORIZED_OR_UNKNOWN]" time="0.215" /><testcase classname="tests.conformance.test_contract_conformance" name="test_admission_rejects_before_any_execution[&lt;lambda&gt;-REJECTED-SYMBOL_NOT_ALLOWED]" time="0.220" /><testcase classname="tests.conformance.test_contract_conformance" name="test_admission_rejects_before_any_execution[&lt;lambda&gt;-REJECTED-PARAMETER_OUT_OF_BOUNDS]" time="0.193" /><testcase classname="tests.conformance.test_contract_conformance" name="test_admission_rejects_before_any_execution[&lt;lambda&gt;-REJECTED-REFUSED]" time="0.454" /><testcase classname="tests.conformance.test_contract_conformance" name="test_invalid_json_and_duplicate_keys_are_rejected" time="0.536" /><testcase classname="tests.conformance.test_contract_conformance" name="test_cutoff_constant_is_frozen" time="0.000" /><testcase classname="tests.conformance.test_contract_conformance" name="test_duplicate_after_policy_change_returns_the_stored_result" time="0.981" /><testcase classname="tests.conformance.test_failure_recovery" name="test_process_death_at_each_point_recovers_exactly_once[before_admission_commit]" time="1.124" /><testcase classname="tests.conformance.test_failure_recovery" name="test_process_death_at_each_point_recovers_exactly_once[after_admission]" time="1.555" /><testcase classname="tests.conformance.test_failure_recovery" name="test_process_death_at_each_point_recovers_exactly_once[during_materialization]" time="1.121" /><testcase classname="tests.conformance.test_failure_recovery" name="test_process_death_at_each_point_recovers_exactly_once[before_ops]" time="1.118" /><testcase classname="tests.conformance.test_failure_recovery" name="test_process_death_at_each_point_recovers_exactly_once[after_ops]" time="1.143" /><testcase classname="tests.conformance.test_failure_recovery" name="test_process_death_at_each_point_recovers_exactly_once[after_domain_effect]" time="1.132" /><testcase classname="tests.conformance.test_failure_recovery" name="test_process_death_at_each_point_recovers_exactly_once[during_result_write]" time="1.121" /><testcase classname="tests.conformance.test_failure_recovery" name="test_process_death_at_each_point_recovers_exactly_once[after_result_write]" time="1.135" /><testcase classname="tests.conformance.test_failure_recovery" name="test_process_death_at_each_point_recovers_exactly_once[after_result_store]" time="1.115" /><testcase classname="tests.conformance.test_failure_recovery" name="test_ops_worker_crash_is_not_a_result_and_retry_succeeds" time="0.953" /><testcase classname="tests.conformance.test_failure_recovery" name="test_ops_timeout_kills_worker_and_is_not_a_result" time="5.715" /><testcase classname="tests.conformance.test_failure_recovery" name="test_retry_budget_exhaustion_is_a_terminal_operational_failure" time="1.035" /><testcase classname="tests.conformance.test_failure_recovery" name="test_db_says_result_exists_but_file_is_gone" time="0.942" /><testcase classname="tests.conformance.test_failure_recovery" name="test_file_exists_but_index_lost_the_result" time="0.802" /><testcase classname="tests.conformance.test_failure_recovery" name="test_modified_result_and_modified_effect_fail_closed" time="1.385" /><testcase classname="tests.conformance.test_failure_recovery" name="test_wrong_hash_of_referenced_object_fails_before_ops" time="0.221" /><testcase classname="tests.conformance.test_failure_recovery" name="test_reference_changed_after_materialization_fails_closed" time="0.398" /><testcase classname="tests.conformance.test_failure_recovery" name="test_reference_receipt_from_another_request_fails_closed" time="0.839" /><testcase classname="tests.conformance.test_failure_recovery" name="test_result_metadata_inconsistent_with_index_fails_closed" time="0.610" /><testcase classname="tests.conformance.test_failure_recovery" name="test_fault_points_are_the_frozen_matrix" time="0.000" /><testcase classname="tests.conformance.test_failure_recovery" name="test_host_process_killed_during_ops_job_recovers_exactly_once" time="13.703" /><testcase classname="tests.conformance.test_import_closure" name="test_entrypoints_include_the_research_circuit" time="0.001" /><testcase classname="tests.conformance.test_import_closure" name="test_no_entrypoint_reaches_envelope_cain_or_adapter_paths" time="0.289" /><testcase classname="tests.conformance.test_import_closure" name="test_research_circuit_components_are_reachable_from_the_entrypoint" time="0.300" /><testcase classname="tests.conformance.test_import_closure" name="test_nothing_outside_adapter_paths_imports_them" time="0.281" /><testcase classname="tests.conformance.test_import_closure" name="test_runtime_import_of_the_circuit_loads_no_forbidden_module" time="0.168" /></testsuite></testsuites>