<?xml version="1.0" encoding="utf-8"?><testsuites name="pytest tests"><testsuite name="pytest" errors="0" failures="0" skipped="0" tests="48" time="94.587" timestamp="2026-09-24T13:09:54.144100+00:00" hostname="runnervm99s1a"><testcase classname="tests.conformance.test_contract_conformance" name="test_e2e_result_is_reread_identically_after_restart" time="2.091" /><testcase classname="tests.conformance.test_contract_conformance" name="test_idempotency_duplicate_retry_and_conflict" time="2.763" /><testcase classname="tests.conformance.test_contract_conformance" name="test_future_canary_fails_closed_and_never_leaks" time="4.844" /><testcase classname="tests.conformance.test_contract_conformance" name="test_temporal_integrity_cutoff_mismatch_and_order" time="1.199" /><testcase classname="tests.conformance.test_contract_conformance" name="test_authority_states_stay_separate[case_a-INCONCLUSIVE-INCONCLUSIVE-NO_EDGE]" time="1.449" /><testcase classname="tests.conformance.test_contract_conformance" name="test_authority_states_stay_separate[case_b-NO_EDGE-SUPPORTED-NO_EDGE]" time="1.459" /><testcase classname="tests.conformance.test_contract_conformance" name="test_authority_states_stay_separate[insufficient-CLOSED_INSUFFICIENT_SAMPLE-INSUFFICIENT_SAMPLE-NOT_EVALUATED]" time="1.352" /><testcase classname="tests.conformance.test_contract_conformance" name="test_admission_rejects_before_any_execution[&lt;lambda&gt;-REJECTED-SCHEMA_INVALID0]" time="0.564" /><testcase classname="tests.conformance.test_contract_conformance" name="test_admission_rejects_before_any_execution[&lt;lambda&gt;-REJECTED-SCHEMA_INVALID1]" time="0.597" /><testcase classname="tests.conformance.test_contract_conformance" name="test_admission_rejects_before_any_execution[&lt;lambda&gt;-REJECTED-SCHEMA_INVALID2]" time="0.578" /><testcase classname="tests.conformance.test_contract_conformance" name="test_admission_rejects_before_any_execution[&lt;lambda&gt;-REJECTED-REQUEST_TYPE_NOT_ALLOWED]" time="0.558" /><testcase classname="tests.conformance.test_contract_conformance" name="test_admission_rejects_before_any_execution[&lt;lambda&gt;-REJECTED-SCHEMA_INVALID3]" time="0.572" /><testcase classname="tests.conformance.test_contract_conformance" name="test_admission_rejects_before_any_execution[&lt;lambda&gt;-REJECTED-HYPOTHESIS_CLOSED]" time="0.594" /><testcase classname="tests.conformance.test_contract_conformance" name="test_admission_rejects_before_any_execution[&lt;lambda&gt;-REJECTED-HYPOTHESIS_NOT_ACTIVE]" time="0.622" /><testcase classname="tests.conformance.test_contract_conformance" name="test_admission_rejects_before_any_execution[&lt;lambda&gt;-REJECTED-HYPOTHESIS_NOT_ADMITTED]" time="0.615" /><testcase classname="tests.conformance.test_contract_conformance" name="test_admission_rejects_before_any_execution[&lt;lambda&gt;-REJECTED-REFERENCE_UNAUTHORIZED_OR_UNKNOWN]" time="0.608" /><testcase classname="tests.conformance.test_contract_conformance" name="test_admission_rejects_before_any_execution[&lt;lambda&gt;-REJECTED-SYMBOL_NOT_ALLOWED]" time="0.625" /><testcase classname="tests.conformance.test_contract_conformance" name="test_admission_rejects_before_any_execution[&lt;lambda&gt;-REJECTED-PARAMETER_OUT_OF_BOUNDS]" time="0.566" /><testcase classname="tests.conformance.test_contract_conformance" name="test_admission_rejects_before_any_execution[&lt;lambda&gt;-REJECTED-REFUSED]" time="1.368" /><testcase classname="tests.conformance.test_contract_conformance" name="test_invalid_json_and_duplicate_keys_are_rejected" time="1.239" /><testcase classname="tests.conformance.test_contract_conformance" name="test_cutoff_constant_is_frozen" time="0.001" /><testcase classname="tests.conformance.test_contract_conformance" name="test_duplicate_after_policy_change_returns_the_stored_result" time="2.574" /><testcase classname="tests.conformance.test_failure_recovery" name="test_process_death_at_each_point_recovers_exactly_once[before_admission_commit]" time="2.668" /><testcase classname="tests.conformance.test_failure_recovery" name="test_process_death_at_each_point_recovers_exactly_once[after_admission]" time="2.764" /><testcase classname="tests.conformance.test_failure_recovery" name="test_process_death_at_each_point_recovers_exactly_once[during_materialization]" time="2.720" /><testcase classname="tests.conformance.test_failure_recovery" name="test_process_death_at_each_point_recovers_exactly_once[before_ops]" time="2.901" /><testcase classname="tests.conformance.test_failure_recovery" name="test_process_death_at_each_point_recovers_exactly_once[after_ops]" time="2.751" /><testcase classname="tests.conformance.test_failure_recovery" name="test_process_death_at_each_point_recovers_exactly_once[after_domain_effect]" time="2.673" /><testcase classname="tests.conformance.test_failure_recovery" name="test_process_death_at_each_point_recovers_exactly_once[during_result_write]" time="2.672" /><testcase classname="tests.conformance.test_failure_recovery" name="test_process_death_at_each_point_recovers_exactly_once[after_result_write]" time="2.809" /><testcase classname="tests.conformance.test_failure_recovery" name="test_process_death_at_each_point_recovers_exactly_once[after_result_store]" time="2.520" /><testcase classname="tests.conformance.test_failure_recovery" name="test_ops_worker_crash_is_not_a_result_and_retry_succeeds" time="2.563" /><testcase classname="tests.conformance.test_failure_recovery" name="test_ops_timeout_kills_worker_and_is_not_a_result" time="6.982" /><testcase classname="tests.conformance.test_failure_recovery" name="test_retry_budget_exhaustion_is_a_terminal_operational_failure" time="2.669" /><testcase classname="tests.conformance.test_failure_recovery" name="test_db_says_result_exists_but_file_is_gone" time="2.218" /><testcase classname="tests.conformance.test_failure_recovery" name="test_file_exists_but_index_lost_the_result" time="2.223" /><testcase classname="tests.conformance.test_failure_recovery" name="test_modified_result_and_modified_effect_fail_closed" time="3.638" /><testcase classname="tests.conformance.test_failure_recovery" name="test_wrong_hash_of_referenced_object_fails_before_ops" time="0.654" /><testcase classname="tests.conformance.test_failure_recovery" name="test_reference_changed_after_materialization_fails_closed" time="1.087" /><testcase classname="tests.conformance.test_failure_recovery" name="test_reference_receipt_from_another_request_fails_closed" time="2.214" /><testcase classname="tests.conformance.test_failure_recovery" name="test_result_metadata_inconsistent_with_index_fails_closed" time="1.879" /><testcase classname="tests.conformance.test_failure_recovery" name="test_fault_points_are_the_frozen_matrix" time="0.001" /><testcase classname="tests.conformance.test_failure_recovery" name="test_host_process_killed_during_ops_job_recovers_exactly_once" time="15.341" /><testcase classname="tests.conformance.test_import_closure" name="test_entrypoints_include_the_research_circuit" time="0.001" /><testcase classname="tests.conformance.test_import_closure" name="test_no_entrypoint_reaches_envelope_cain_or_adapter_paths" time="0.408" /><testcase classname="tests.conformance.test_import_closure" name="test_research_circuit_components_are_reachable_from_the_entrypoint" time="0.409" /><testcase classname="tests.conformance.test_import_closure" name="test_nothing_outside_adapter_paths_imports_them" time="0.400" /><testcase classname="tests.conformance.test_import_closure" name="test_runtime_import_of_the_circuit_loads_no_forbidden_module" time="0.276" /></testsuite></testsuites>